

================================================================
== Vitis HLS Report for 'main_func_Pipeline_VITIS_LOOP_22_3'
================================================================
* Date:           Fri Apr 19 11:03:27 2024

* Version:        2023.2.1 (Build 4070103 on Dec 13 2023)
* Project:        wider_bus_fp
* Solution:       solution1 (Vivado IP Flow Target)
* Product family: zynquplus
* Target device:  xczu9cg-ffvb1156-2-e


================================================================
== Performance Estimates
================================================================
+ Timing: 
    * Summary: 
    +--------+----------+----------+------------+
    |  Clock |  Target  | Estimated| Uncertainty|
    +--------+----------+----------+------------+
    |ap_clk  |  10.00 ns|  2.800 ns|     2.70 ns|
    +--------+----------+----------+------------+

+ Latency: 
    * Summary: 
    +---------+---------+----------+----------+-----+-----+---------+
    |  Latency (cycles) |  Latency (absolute) |  Interval | Pipeline|
    |   min   |   max   |    min   |    max   | min | max |   Type  |
    +---------+---------+----------+----------+-----+-----+---------+
    |       52|       52|  0.520 us|  0.520 us|   52|   52|       no|
    +---------+---------+----------+----------+-----+-----+---------+

    + Detail: 
        * Instance: 
        N/A

        * Loop: 
        +-------------------+---------+---------+----------+-----------+-----------+------+----------+
        |                   |  Latency (cycles) | Iteration|  Initiation Interval  | Trip |          |
        |     Loop Name     |   min   |   max   |  Latency |  achieved |   target  | Count| Pipelined|
        +-------------------+---------+---------+----------+-----------+-----------+------+----------+
        |- VITIS_LOOP_22_3  |       50|       50|         2|          1|          1|    50|       yes|
        +-------------------+---------+---------+----------+-----------+-----------+------+----------+

============================================================
+ Verbose Summary: Synthesis Manager
============================================================
InlineROM: 1
ExposeGlobal: 0
============================================================
+ Verbose Summary: CDFG Model
============================================================
IsTopModel: 0
ResetActiveHigh: 1
IsCombinational: 0
IsDatapathOnly: 0
HasWiredReturn: 1
HasMFsm: 2
HasVarLatency: 1
IsPipeline: 0
IsRtlPipelined: 0
IsInstanceOverlapped: 0
IsDontTouch: 0
HasImplIP: 0
IsGatedGlobalClock: 0

+ Individual pipeline summary: 
  * Pipeline-0: initiation interval (II) = 1, depth = 2


============================================================
+ Verbose Summary: Schedule
============================================================
* Number of FSM states : 2
* Pipeline : 1
  Pipeline-0 : II = 1, D = 2, States = { 1 2 }
* Dataflow Pipeline: 0

* FSM state transitions: 
1 --> 2 
2 --> 

* FSM state operations: 

State 1 <SV = 0> <Delay = 2.80>
ST_1 : Operation 5 [1/1] (0.00ns)   --->   "%phi_urem = alloca i32 1"   --->   Operation 5 'alloca' 'phi_urem' <Predicate = true> <Delay = 0.00>
ST_1 : Operation 6 [1/1] (0.00ns)   --->   "%phi_mul = alloca i32 1"   --->   Operation 6 'alloca' 'phi_mul' <Predicate = true> <Delay = 0.00>
ST_1 : Operation 7 [1/1] (0.00ns)   --->   "%j = alloca i32 1" [wider_bus_fp/main_func.cpp:22]   --->   Operation 7 'alloca' 'j' <Predicate = true> <Delay = 0.00>
ST_1 : Operation 8 [1/1] (0.42ns)   --->   "%store_ln22 = store i6 0, i6 %j" [wider_bus_fp/main_func.cpp:22]   --->   Operation 8 'store' 'store_ln22' <Predicate = true> <Delay = 0.42>
ST_1 : Operation 9 [1/1] (0.42ns)   --->   "%store_ln0 = store i13 0, i13 %phi_mul"   --->   Operation 9 'store' 'store_ln0' <Predicate = true> <Delay = 0.42>
ST_1 : Operation 10 [1/1] (0.42ns)   --->   "%store_ln0 = store i6 0, i6 %phi_urem"   --->   Operation 10 'store' 'store_ln0' <Predicate = true> <Delay = 0.42>
ST_1 : Operation 11 [1/1] (0.00ns)   --->   "%br_ln0 = br void %for.inc24"   --->   Operation 11 'br' 'br_ln0' <Predicate = true> <Delay = 0.00>
ST_1 : Operation 12 [1/1] (0.00ns)   --->   "%phi_urem_load = load i6 %phi_urem" [wider_bus_fp/main_func.cpp:22]   --->   Operation 12 'load' 'phi_urem_load' <Predicate = true> <Delay = 0.00>
ST_1 : Operation 13 [1/1] (0.00ns)   --->   "%j_1 = load i6 %j" [wider_bus_fp/main_func.cpp:22]   --->   Operation 13 'load' 'j_1' <Predicate = true> <Delay = 0.00>
ST_1 : Operation 14 [1/1] (0.78ns)   --->   "%icmp_ln22 = icmp_eq  i6 %j_1, i6 50" [wider_bus_fp/main_func.cpp:22]   --->   Operation 14 'icmp' 'icmp_ln22' <Predicate = true> <Delay = 0.78> <CoreInst = "Cmp">   --->   Core 9 'Cmp' <Latency = 0> <II = 1> <Delay = 0.78> <FuncUnit> <Opcode : 'icmp'> <InPorts = 2> <OutPorts = 1>
ST_1 : Operation 15 [1/1] (0.78ns)   --->   "%add_ln22 = add i6 %j_1, i6 1" [wider_bus_fp/main_func.cpp:22]   --->   Operation 15 'add' 'add_ln22' <Predicate = true> <Delay = 0.78> <CoreInst = "Adder">   --->   Core 1 'Adder' <Latency = 0> <II = 1> <Delay = 0.78> <FuncUnit> <Opcode : 'add' 'sub'> <InPorts = 2> <OutPorts = 1>
ST_1 : Operation 16 [1/1] (0.00ns)   --->   "%br_ln22 = br i1 %icmp_ln22, void %for.inc24.split, void %VITIS_LOOP_30_4.exitStub" [wider_bus_fp/main_func.cpp:22]   --->   Operation 16 'br' 'br_ln22' <Predicate = true> <Delay = 0.00>
ST_1 : Operation 17 [1/1] (0.00ns)   --->   "%phi_mul_load = load i13 %phi_mul" [wider_bus_fp/main_func.cpp:22]   --->   Operation 17 'load' 'phi_mul_load' <Predicate = (!icmp_ln22)> <Delay = 0.00>
ST_1 : Operation 18 [1/1] (0.82ns)   --->   "%add_ln22_1 = add i13 %phi_mul_load, i13 103" [wider_bus_fp/main_func.cpp:22]   --->   Operation 18 'add' 'add_ln22_1' <Predicate = (!icmp_ln22)> <Delay = 0.82> <CoreInst = "Adder">   --->   Core 1 'Adder' <Latency = 0> <II = 1> <Delay = 0.82> <FuncUnit> <Opcode : 'add' 'sub'> <InPorts = 2> <OutPorts = 1>
ST_1 : Operation 19 [1/1] (0.00ns)   --->   "%tmp = partselect i4 @_ssdm_op_PartSelect.i4.i13.i32.i32, i13 %phi_mul_load, i32 9, i32 12" [wider_bus_fp/main_func.cpp:22]   --->   Operation 19 'partselect' 'tmp' <Predicate = (!icmp_ln22)> <Delay = 0.00>
ST_1 : Operation 20 [1/1] (0.00ns)   --->   "%zext_ln22 = zext i4 %tmp" [wider_bus_fp/main_func.cpp:22]   --->   Operation 20 'zext' 'zext_ln22' <Predicate = (!icmp_ln22)> <Delay = 0.00>
ST_1 : Operation 21 [1/1] (0.00ns)   --->   "%trunc_ln22 = trunc i6 %phi_urem_load" [wider_bus_fp/main_func.cpp:22]   --->   Operation 21 'trunc' 'trunc_ln22' <Predicate = (!icmp_ln22)> <Delay = 0.00>
ST_1 : Operation 22 [1/1] (0.00ns)   --->   "%A_local_addr = getelementptr i16 %A_local, i64 0, i64 %zext_ln22" [wider_bus_fp/main_func.cpp:24]   --->   Operation 22 'getelementptr' 'A_local_addr' <Predicate = (!icmp_ln22)> <Delay = 0.00>
ST_1 : Operation 23 [1/1] (0.00ns)   --->   "%A_local_1_addr = getelementptr i16 %A_local_1, i64 0, i64 %zext_ln22" [wider_bus_fp/main_func.cpp:24]   --->   Operation 23 'getelementptr' 'A_local_1_addr' <Predicate = (!icmp_ln22)> <Delay = 0.00>
ST_1 : Operation 24 [1/1] (0.00ns)   --->   "%A_local_2_addr = getelementptr i16 %A_local_2, i64 0, i64 %zext_ln22" [wider_bus_fp/main_func.cpp:24]   --->   Operation 24 'getelementptr' 'A_local_2_addr' <Predicate = (!icmp_ln22)> <Delay = 0.00>
ST_1 : Operation 25 [1/1] (0.00ns)   --->   "%A_local_3_addr = getelementptr i16 %A_local_3, i64 0, i64 %zext_ln22" [wider_bus_fp/main_func.cpp:24]   --->   Operation 25 'getelementptr' 'A_local_3_addr' <Predicate = (!icmp_ln22)> <Delay = 0.00>
ST_1 : Operation 26 [1/1] (0.00ns)   --->   "%A_local_4_addr = getelementptr i16 %A_local_4, i64 0, i64 %zext_ln22" [wider_bus_fp/main_func.cpp:24]   --->   Operation 26 'getelementptr' 'A_local_4_addr' <Predicate = (!icmp_ln22)> <Delay = 0.00>
ST_1 : Operation 27 [1/1] (0.00ns)   --->   "%B_local_addr = getelementptr i16 %B_local, i64 0, i64 %zext_ln22" [wider_bus_fp/main_func.cpp:24]   --->   Operation 27 'getelementptr' 'B_local_addr' <Predicate = (!icmp_ln22)> <Delay = 0.00>
ST_1 : Operation 28 [1/1] (0.00ns)   --->   "%B_local_1_addr = getelementptr i16 %B_local_1, i64 0, i64 %zext_ln22" [wider_bus_fp/main_func.cpp:24]   --->   Operation 28 'getelementptr' 'B_local_1_addr' <Predicate = (!icmp_ln22)> <Delay = 0.00>
ST_1 : Operation 29 [1/1] (0.00ns)   --->   "%B_local_2_addr = getelementptr i16 %B_local_2, i64 0, i64 %zext_ln22" [wider_bus_fp/main_func.cpp:24]   --->   Operation 29 'getelementptr' 'B_local_2_addr' <Predicate = (!icmp_ln22)> <Delay = 0.00>
ST_1 : Operation 30 [1/1] (0.00ns)   --->   "%B_local_3_addr = getelementptr i16 %B_local_3, i64 0, i64 %zext_ln22" [wider_bus_fp/main_func.cpp:24]   --->   Operation 30 'getelementptr' 'B_local_3_addr' <Predicate = (!icmp_ln22)> <Delay = 0.00>
ST_1 : Operation 31 [1/1] (0.00ns)   --->   "%B_local_4_addr = getelementptr i16 %B_local_4, i64 0, i64 %zext_ln22" [wider_bus_fp/main_func.cpp:24]   --->   Operation 31 'getelementptr' 'B_local_4_addr' <Predicate = (!icmp_ln22)> <Delay = 0.00>
ST_1 : Operation 32 [2/2] (0.67ns)   --->   "%A_local_load = load i4 %A_local_addr" [wider_bus_fp/main_func.cpp:24]   --->   Operation 32 'load' 'A_local_load' <Predicate = (!icmp_ln22)> <Delay = 0.67> <CoreInst = "RAM">   --->   Core 83 'RAM' <Latency = 1> <II = 1> <Delay = 0.67> <Storage> <Opcode : 'load' 'store'> <Ports = 2> <Width = 16> <Depth = 10> <RAM>
ST_1 : Operation 33 [2/2] (0.67ns)   --->   "%A_local_1_load = load i4 %A_local_1_addr" [wider_bus_fp/main_func.cpp:24]   --->   Operation 33 'load' 'A_local_1_load' <Predicate = (!icmp_ln22)> <Delay = 0.67> <CoreInst = "RAM">   --->   Core 83 'RAM' <Latency = 1> <II = 1> <Delay = 0.67> <Storage> <Opcode : 'load' 'store'> <Ports = 2> <Width = 16> <Depth = 10> <RAM>
ST_1 : Operation 34 [2/2] (0.67ns)   --->   "%A_local_2_load = load i4 %A_local_2_addr" [wider_bus_fp/main_func.cpp:24]   --->   Operation 34 'load' 'A_local_2_load' <Predicate = (!icmp_ln22)> <Delay = 0.67> <CoreInst = "RAM">   --->   Core 83 'RAM' <Latency = 1> <II = 1> <Delay = 0.67> <Storage> <Opcode : 'load' 'store'> <Ports = 2> <Width = 16> <Depth = 10> <RAM>
ST_1 : Operation 35 [2/2] (0.67ns)   --->   "%A_local_3_load = load i4 %A_local_3_addr" [wider_bus_fp/main_func.cpp:24]   --->   Operation 35 'load' 'A_local_3_load' <Predicate = (!icmp_ln22)> <Delay = 0.67> <CoreInst = "RAM">   --->   Core 83 'RAM' <Latency = 1> <II = 1> <Delay = 0.67> <Storage> <Opcode : 'load' 'store'> <Ports = 2> <Width = 16> <Depth = 10> <RAM>
ST_1 : Operation 36 [2/2] (0.67ns)   --->   "%A_local_4_load = load i4 %A_local_4_addr" [wider_bus_fp/main_func.cpp:24]   --->   Operation 36 'load' 'A_local_4_load' <Predicate = (!icmp_ln22)> <Delay = 0.67> <CoreInst = "RAM">   --->   Core 83 'RAM' <Latency = 1> <II = 1> <Delay = 0.67> <Storage> <Opcode : 'load' 'store'> <Ports = 2> <Width = 16> <Depth = 10> <RAM>
ST_1 : Operation 37 [1/1] (0.73ns)   --->   "%switch_ln24 = switch i3 %trunc_ln22, void %arrayidx23.case.4, i3 0, void %arrayidx23.case.0, i3 1, void %arrayidx23.case.1, i3 2, void %arrayidx23.case.2, i3 3, void %arrayidx23.case.3" [wider_bus_fp/main_func.cpp:24]   --->   Operation 37 'switch' 'switch_ln24' <Predicate = (!icmp_ln22)> <Delay = 0.73>
ST_1 : Operation 38 [1/1] (0.78ns)   --->   "%add_ln22_2 = add i6 %phi_urem_load, i6 1" [wider_bus_fp/main_func.cpp:22]   --->   Operation 38 'add' 'add_ln22_2' <Predicate = (!icmp_ln22)> <Delay = 0.78> <CoreInst = "Adder">   --->   Core 1 'Adder' <Latency = 0> <II = 1> <Delay = 0.78> <FuncUnit> <Opcode : 'add' 'sub'> <InPorts = 2> <OutPorts = 1>
ST_1 : Operation 39 [1/1] (0.78ns)   --->   "%icmp_ln22_1 = icmp_ult  i6 %add_ln22_2, i6 5" [wider_bus_fp/main_func.cpp:22]   --->   Operation 39 'icmp' 'icmp_ln22_1' <Predicate = (!icmp_ln22)> <Delay = 0.78> <CoreInst = "Cmp">   --->   Core 9 'Cmp' <Latency = 0> <II = 1> <Delay = 0.78> <FuncUnit> <Opcode : 'icmp'> <InPorts = 2> <OutPorts = 1>
ST_1 : Operation 40 [1/1] (0.38ns)   --->   "%select_ln22 = select i1 %icmp_ln22_1, i6 %add_ln22_2, i6 0" [wider_bus_fp/main_func.cpp:22]   --->   Operation 40 'select' 'select_ln22' <Predicate = (!icmp_ln22)> <Delay = 0.38> <CoreInst = "Sel">   --->   Core 73 'Sel' <Latency = 0> <II = 1> <Delay = 0.38> <FuncUnit> <Opcode : 'select'> <InPorts = 3> <OutPorts = 1>
ST_1 : Operation 41 [1/1] (0.42ns)   --->   "%store_ln22 = store i6 %add_ln22, i6 %j" [wider_bus_fp/main_func.cpp:22]   --->   Operation 41 'store' 'store_ln22' <Predicate = (!icmp_ln22)> <Delay = 0.42>
ST_1 : Operation 42 [1/1] (0.42ns)   --->   "%store_ln22 = store i13 %add_ln22_1, i13 %phi_mul" [wider_bus_fp/main_func.cpp:22]   --->   Operation 42 'store' 'store_ln22' <Predicate = (!icmp_ln22)> <Delay = 0.42>
ST_1 : Operation 43 [1/1] (0.42ns)   --->   "%store_ln22 = store i6 %select_ln22, i6 %phi_urem" [wider_bus_fp/main_func.cpp:22]   --->   Operation 43 'store' 'store_ln22' <Predicate = (!icmp_ln22)> <Delay = 0.42>
ST_1 : Operation 44 [1/1] (0.00ns)   --->   "%br_ln22 = br void %for.inc24" [wider_bus_fp/main_func.cpp:22]   --->   Operation 44 'br' 'br_ln22' <Predicate = (!icmp_ln22)> <Delay = 0.00>
ST_1 : Operation 64 [1/1] (0.00ns)   --->   "%ret_ln0 = ret"   --->   Operation 64 'ret' 'ret_ln0' <Predicate = (icmp_ln22)> <Delay = 0.00>

State 2 <SV = 1> <Delay = 1.92>
ST_2 : Operation 45 [1/1] (0.00ns)   --->   "%specpipeline_ln22 = specpipeline void @_ssdm_op_SpecPipeline, i32 4294967295, i32 0, i32 0, i32 0, void @empty_0" [wider_bus_fp/main_func.cpp:22]   --->   Operation 45 'specpipeline' 'specpipeline_ln22' <Predicate = true> <Delay = 0.00>
ST_2 : Operation 46 [1/1] (0.00ns)   --->   "%speclooptripcount_ln22 = speclooptripcount void @_ssdm_op_SpecLoopTripCount, i64 50, i64 50, i64 50" [wider_bus_fp/main_func.cpp:22]   --->   Operation 46 'speclooptripcount' 'speclooptripcount_ln22' <Predicate = true> <Delay = 0.00>
ST_2 : Operation 47 [1/1] (0.00ns)   --->   "%specloopname_ln22 = specloopname void @_ssdm_op_SpecLoopName, void @empty_11" [wider_bus_fp/main_func.cpp:22]   --->   Operation 47 'specloopname' 'specloopname_ln22' <Predicate = true> <Delay = 0.00>
ST_2 : Operation 48 [1/2] (0.67ns)   --->   "%A_local_load = load i4 %A_local_addr" [wider_bus_fp/main_func.cpp:24]   --->   Operation 48 'load' 'A_local_load' <Predicate = true> <Delay = 0.67> <CoreInst = "RAM">   --->   Core 83 'RAM' <Latency = 1> <II = 1> <Delay = 0.67> <Storage> <Opcode : 'load' 'store'> <Ports = 2> <Width = 16> <Depth = 10> <RAM>
ST_2 : Operation 49 [1/2] (0.67ns)   --->   "%A_local_1_load = load i4 %A_local_1_addr" [wider_bus_fp/main_func.cpp:24]   --->   Operation 49 'load' 'A_local_1_load' <Predicate = true> <Delay = 0.67> <CoreInst = "RAM">   --->   Core 83 'RAM' <Latency = 1> <II = 1> <Delay = 0.67> <Storage> <Opcode : 'load' 'store'> <Ports = 2> <Width = 16> <Depth = 10> <RAM>
ST_2 : Operation 50 [1/2] (0.67ns)   --->   "%A_local_2_load = load i4 %A_local_2_addr" [wider_bus_fp/main_func.cpp:24]   --->   Operation 50 'load' 'A_local_2_load' <Predicate = true> <Delay = 0.67> <CoreInst = "RAM">   --->   Core 83 'RAM' <Latency = 1> <II = 1> <Delay = 0.67> <Storage> <Opcode : 'load' 'store'> <Ports = 2> <Width = 16> <Depth = 10> <RAM>
ST_2 : Operation 51 [1/2] (0.67ns)   --->   "%A_local_3_load = load i4 %A_local_3_addr" [wider_bus_fp/main_func.cpp:24]   --->   Operation 51 'load' 'A_local_3_load' <Predicate = true> <Delay = 0.67> <CoreInst = "RAM">   --->   Core 83 'RAM' <Latency = 1> <II = 1> <Delay = 0.67> <Storage> <Opcode : 'load' 'store'> <Ports = 2> <Width = 16> <Depth = 10> <RAM>
ST_2 : Operation 52 [1/2] (0.67ns)   --->   "%A_local_4_load = load i4 %A_local_4_addr" [wider_bus_fp/main_func.cpp:24]   --->   Operation 52 'load' 'A_local_4_load' <Predicate = true> <Delay = 0.67> <CoreInst = "RAM">   --->   Core 83 'RAM' <Latency = 1> <II = 1> <Delay = 0.67> <Storage> <Opcode : 'load' 'store'> <Ports = 2> <Width = 16> <Depth = 10> <RAM>
ST_2 : Operation 53 [1/1] (0.57ns)   --->   "%tmp_s = sparsemux i16 @_ssdm_op_SparseMux.ap_auto.5i16.i16.i3, i3 0, i16 %A_local_load, i3 1, i16 %A_local_1_load, i3 2, i16 %A_local_2_load, i3 3, i16 %A_local_3_load, i3 4, i16 %A_local_4_load, i16 0, i3 %trunc_ln22" [wider_bus_fp/main_func.cpp:24]   --->   Operation 53 'sparsemux' 'tmp_s' <Predicate = true> <Delay = 0.57> <CoreInst = "SparseMux">   --->   Core 147 'SparseMux' <Latency = 0> <II = 1> <Delay = 0.57> <FuncUnit> <Opcode : 'sparsemux'> <InPorts = 2> <OutPorts = 1>
ST_2 : Operation 54 [1/1] (0.67ns)   --->   "%store_ln24 = store i16 %tmp_s, i4 %B_local_3_addr" [wider_bus_fp/main_func.cpp:24]   --->   Operation 54 'store' 'store_ln24' <Predicate = (trunc_ln22 == 3)> <Delay = 0.67> <CoreInst = "RAM">   --->   Core 83 'RAM' <Latency = 1> <II = 1> <Delay = 0.67> <Storage> <Opcode : 'load' 'store'> <Ports = 2> <Width = 16> <Depth = 10> <RAM>
ST_2 : Operation 55 [1/1] (0.00ns)   --->   "%br_ln24 = br void %arrayidx23.exit" [wider_bus_fp/main_func.cpp:24]   --->   Operation 55 'br' 'br_ln24' <Predicate = (trunc_ln22 == 3)> <Delay = 0.00>
ST_2 : Operation 56 [1/1] (0.67ns)   --->   "%store_ln24 = store i16 %tmp_s, i4 %B_local_2_addr" [wider_bus_fp/main_func.cpp:24]   --->   Operation 56 'store' 'store_ln24' <Predicate = (trunc_ln22 == 2)> <Delay = 0.67> <CoreInst = "RAM">   --->   Core 83 'RAM' <Latency = 1> <II = 1> <Delay = 0.67> <Storage> <Opcode : 'load' 'store'> <Ports = 2> <Width = 16> <Depth = 10> <RAM>
ST_2 : Operation 57 [1/1] (0.00ns)   --->   "%br_ln24 = br void %arrayidx23.exit" [wider_bus_fp/main_func.cpp:24]   --->   Operation 57 'br' 'br_ln24' <Predicate = (trunc_ln22 == 2)> <Delay = 0.00>
ST_2 : Operation 58 [1/1] (0.67ns)   --->   "%store_ln24 = store i16 %tmp_s, i4 %B_local_1_addr" [wider_bus_fp/main_func.cpp:24]   --->   Operation 58 'store' 'store_ln24' <Predicate = (trunc_ln22 == 1)> <Delay = 0.67> <CoreInst = "RAM">   --->   Core 83 'RAM' <Latency = 1> <II = 1> <Delay = 0.67> <Storage> <Opcode : 'load' 'store'> <Ports = 2> <Width = 16> <Depth = 10> <RAM>
ST_2 : Operation 59 [1/1] (0.00ns)   --->   "%br_ln24 = br void %arrayidx23.exit" [wider_bus_fp/main_func.cpp:24]   --->   Operation 59 'br' 'br_ln24' <Predicate = (trunc_ln22 == 1)> <Delay = 0.00>
ST_2 : Operation 60 [1/1] (0.67ns)   --->   "%store_ln24 = store i16 %tmp_s, i4 %B_local_addr" [wider_bus_fp/main_func.cpp:24]   --->   Operation 60 'store' 'store_ln24' <Predicate = (trunc_ln22 == 0)> <Delay = 0.67> <CoreInst = "RAM">   --->   Core 83 'RAM' <Latency = 1> <II = 1> <Delay = 0.67> <Storage> <Opcode : 'load' 'store'> <Ports = 2> <Width = 16> <Depth = 10> <RAM>
ST_2 : Operation 61 [1/1] (0.00ns)   --->   "%br_ln24 = br void %arrayidx23.exit" [wider_bus_fp/main_func.cpp:24]   --->   Operation 61 'br' 'br_ln24' <Predicate = (trunc_ln22 == 0)> <Delay = 0.00>
ST_2 : Operation 62 [1/1] (0.67ns)   --->   "%store_ln24 = store i16 %tmp_s, i4 %B_local_4_addr" [wider_bus_fp/main_func.cpp:24]   --->   Operation 62 'store' 'store_ln24' <Predicate = (trunc_ln22 != 0 & trunc_ln22 != 1 & trunc_ln22 != 2 & trunc_ln22 != 3)> <Delay = 0.67> <CoreInst = "RAM">   --->   Core 83 'RAM' <Latency = 1> <II = 1> <Delay = 0.67> <Storage> <Opcode : 'load' 'store'> <Ports = 2> <Width = 16> <Depth = 10> <RAM>
ST_2 : Operation 63 [1/1] (0.00ns)   --->   "%br_ln24 = br void %arrayidx23.exit" [wider_bus_fp/main_func.cpp:24]   --->   Operation 63 'br' 'br_ln24' <Predicate = (trunc_ln22 != 0 & trunc_ln22 != 1 & trunc_ln22 != 2 & trunc_ln22 != 3)> <Delay = 0.00>


============================================================
+ Verbose Summary: Binding
============================================================
STG Binding: 
---------------- STG Properties BEGIN ----------------
- Is combinational: 0
- Is one-state seq: 0
- Is datapath-only: 0
- Is pipelined: 0
- Is top level: 0
Port [ Return ] is wired: 1; IO mode=ap_ctrl_hs:ce=0
Port [ B_local_4]:  wired=1; compound=1; hidden=0; nouse=0; global=0; static=0; extern=0; dir=1; type=1; pingpong=0; private_global=0; MemPort=[03]; IO mode=ap_memory:ce=0
Port [ B_local_3]:  wired=1; compound=1; hidden=0; nouse=0; global=0; static=0; extern=0; dir=1; type=1; pingpong=0; private_global=0; MemPort=[03]; IO mode=ap_memory:ce=0
Port [ B_local_2]:  wired=1; compound=1; hidden=0; nouse=0; global=0; static=0; extern=0; dir=1; type=1; pingpong=0; private_global=0; MemPort=[03]; IO mode=ap_memory:ce=0
Port [ B_local_1]:  wired=1; compound=1; hidden=0; nouse=0; global=0; static=0; extern=0; dir=1; type=1; pingpong=0; private_global=0; MemPort=[03]; IO mode=ap_memory:ce=0
Port [ B_local]:  wired=1; compound=1; hidden=0; nouse=0; global=0; static=0; extern=0; dir=1; type=1; pingpong=0; private_global=0; MemPort=[03]; IO mode=ap_memory:ce=0
Port [ A_local]:  wired=1; compound=1; hidden=0; nouse=0; global=0; static=0; extern=0; dir=0; type=1; pingpong=0; private_global=0; MemPort=[13]; IO mode=ap_memory:ce=0
Port [ A_local_1]:  wired=1; compound=1; hidden=0; nouse=0; global=0; static=0; extern=0; dir=0; type=1; pingpong=0; private_global=0; MemPort=[13]; IO mode=ap_memory:ce=0
Port [ A_local_2]:  wired=1; compound=1; hidden=0; nouse=0; global=0; static=0; extern=0; dir=0; type=1; pingpong=0; private_global=0; MemPort=[13]; IO mode=ap_memory:ce=0
Port [ A_local_3]:  wired=1; compound=1; hidden=0; nouse=0; global=0; static=0; extern=0; dir=0; type=1; pingpong=0; private_global=0; MemPort=[13]; IO mode=ap_memory:ce=0
Port [ A_local_4]:  wired=1; compound=1; hidden=0; nouse=0; global=0; static=0; extern=0; dir=0; type=1; pingpong=0; private_global=0; MemPort=[13]; IO mode=ap_memory:ce=0
---------------- STG Properties END ------------------

---------------- Datapath Model BEGIN ----------------

<LifeTime>
<method=bitvector/>
phi_urem               (alloca           ) [ 010]
phi_mul                (alloca           ) [ 010]
j                      (alloca           ) [ 010]
store_ln22             (store            ) [ 000]
store_ln0              (store            ) [ 000]
store_ln0              (store            ) [ 000]
br_ln0                 (br               ) [ 000]
phi_urem_load          (load             ) [ 000]
j_1                    (load             ) [ 000]
icmp_ln22              (icmp             ) [ 010]
add_ln22               (add              ) [ 000]
br_ln22                (br               ) [ 000]
phi_mul_load           (load             ) [ 000]
add_ln22_1             (add              ) [ 000]
tmp                    (partselect       ) [ 000]
zext_ln22              (zext             ) [ 000]
trunc_ln22             (trunc            ) [ 011]
A_local_addr           (getelementptr    ) [ 011]
A_local_1_addr         (getelementptr    ) [ 011]
A_local_2_addr         (getelementptr    ) [ 011]
A_local_3_addr         (getelementptr    ) [ 011]
A_local_4_addr         (getelementptr    ) [ 011]
B_local_addr           (getelementptr    ) [ 011]
B_local_1_addr         (getelementptr    ) [ 011]
B_local_2_addr         (getelementptr    ) [ 011]
B_local_3_addr         (getelementptr    ) [ 011]
B_local_4_addr         (getelementptr    ) [ 011]
switch_ln24            (switch           ) [ 000]
add_ln22_2             (add              ) [ 000]
icmp_ln22_1            (icmp             ) [ 000]
select_ln22            (select           ) [ 000]
store_ln22             (store            ) [ 000]
store_ln22             (store            ) [ 000]
store_ln22             (store            ) [ 000]
br_ln22                (br               ) [ 000]
specpipeline_ln22      (specpipeline     ) [ 000]
speclooptripcount_ln22 (speclooptripcount) [ 000]
specloopname_ln22      (specloopname     ) [ 000]
A_local_load           (load             ) [ 000]
A_local_1_load         (load             ) [ 000]
A_local_2_load         (load             ) [ 000]
A_local_3_load         (load             ) [ 000]
A_local_4_load         (load             ) [ 000]
tmp_s                  (sparsemux        ) [ 000]
store_ln24             (store            ) [ 000]
br_ln24                (br               ) [ 000]
store_ln24             (store            ) [ 000]
br_ln24                (br               ) [ 000]
store_ln24             (store            ) [ 000]
br_ln24                (br               ) [ 000]
store_ln24             (store            ) [ 000]
br_ln24                (br               ) [ 000]
store_ln24             (store            ) [ 000]
br_ln24                (br               ) [ 000]
ret_ln0                (ret              ) [ 000]
</LifeTime>

<model>

<comp_list>
<comp id="0" class="1000" name="B_local_4">
<pin_list>
<pin id="1" dir="1" index="0" bw="1" slack="0"/>
</pin_list>
<bind>
<StgValue><ssdm name="B_local_4"/><MemPortTyVec>0 3 </MemPortTyVec>
</StgValue>
</bind>
</comp>

<comp id="2" class="1000" name="B_local_3">
<pin_list>
<pin id="3" dir="1" index="0" bw="1" slack="0"/>
</pin_list>
<bind>
<StgValue><ssdm name="B_local_3"/><MemPortTyVec>0 3 </MemPortTyVec>
</StgValue>
</bind>
</comp>

<comp id="4" class="1000" name="B_local_2">
<pin_list>
<pin id="5" dir="1" index="0" bw="1" slack="0"/>
</pin_list>
<bind>
<StgValue><ssdm name="B_local_2"/><MemPortTyVec>0 3 </MemPortTyVec>
</StgValue>
</bind>
</comp>

<comp id="6" class="1000" name="B_local_1">
<pin_list>
<pin id="7" dir="1" index="0" bw="1" slack="0"/>
</pin_list>
<bind>
<StgValue><ssdm name="B_local_1"/><MemPortTyVec>0 3 </MemPortTyVec>
</StgValue>
</bind>
</comp>

<comp id="8" class="1000" name="B_local">
<pin_list>
<pin id="9" dir="1" index="0" bw="1" slack="0"/>
</pin_list>
<bind>
<StgValue><ssdm name="B_local"/><MemPortTyVec>0 3 </MemPortTyVec>
</StgValue>
</bind>
</comp>

<comp id="10" class="1000" name="A_local">
<pin_list>
<pin id="11" dir="1" index="0" bw="1" slack="0"/>
</pin_list>
<bind>
<StgValue><ssdm name="A_local"/><MemPortTyVec>1 3 </MemPortTyVec>
</StgValue>
</bind>
</comp>

<comp id="12" class="1000" name="A_local_1">
<pin_list>
<pin id="13" dir="1" index="0" bw="1" slack="0"/>
</pin_list>
<bind>
<StgValue><ssdm name="A_local_1"/><MemPortTyVec>1 3 </MemPortTyVec>
</StgValue>
</bind>
</comp>

<comp id="14" class="1000" name="A_local_2">
<pin_list>
<pin id="15" dir="1" index="0" bw="1" slack="0"/>
</pin_list>
<bind>
<StgValue><ssdm name="A_local_2"/><MemPortTyVec>1 3 </MemPortTyVec>
</StgValue>
</bind>
</comp>

<comp id="16" class="1000" name="A_local_3">
<pin_list>
<pin id="17" dir="1" index="0" bw="1" slack="0"/>
</pin_list>
<bind>
<StgValue><ssdm name="A_local_3"/><MemPortTyVec>1 3 </MemPortTyVec>
</StgValue>
</bind>
</comp>

<comp id="18" class="1000" name="A_local_4">
<pin_list>
<pin id="19" dir="1" index="0" bw="1" slack="0"/>
</pin_list>
<bind>
<StgValue><ssdm name="A_local_4"/><MemPortTyVec>1 3 </MemPortTyVec>
</StgValue>
</bind>
</comp>

<comp id="20" class="1001" name="const_20">
<pin_list>
<pin id="21" dir="1" index="0" bw="1" slack="0"/>
</pin_list>
<bind>
<StgValue><ssdm name=""/></StgValue>
</bind>
</comp>

<comp id="22" class="1001" name="const_22">
<pin_list>
<pin id="23" dir="1" index="0" bw="1" slack="0"/>
</pin_list>
<bind>
<StgValue><ssdm name=""/></StgValue>
</bind>
</comp>

<comp id="24" class="1001" name="const_24">
<pin_list>
<pin id="25" dir="1" index="0" bw="1" slack="0"/>
</pin_list>
<bind>
<StgValue><ssdm name=""/></StgValue>
</bind>
</comp>

<comp id="26" class="1001" name="const_26">
<pin_list>
<pin id="27" dir="1" index="0" bw="1" slack="0"/>
</pin_list>
<bind>
<StgValue><ssdm name=""/></StgValue>
</bind>
</comp>

<comp id="28" class="1001" name="const_28">
<pin_list>
<pin id="29" dir="1" index="0" bw="1" slack="0"/>
</pin_list>
<bind>
<StgValue><ssdm name=""/></StgValue>
</bind>
</comp>

<comp id="30" class="1001" name="const_30">
<pin_list>
<pin id="31" dir="1" index="0" bw="1" slack="0"/>
</pin_list>
<bind>
<StgValue><ssdm name=""/></StgValue>
</bind>
</comp>

<comp id="32" class="1001" name="const_32">
<pin_list>
<pin id="33" dir="1" index="0" bw="1" slack="0"/>
</pin_list>
<bind>
<StgValue><ssdm name="_ssdm_op_PartSelect.i4.i13.i32.i32"/></StgValue>
</bind>
</comp>

<comp id="34" class="1001" name="const_34">
<pin_list>
<pin id="35" dir="1" index="0" bw="1" slack="0"/>
</pin_list>
<bind>
<StgValue><ssdm name=""/></StgValue>
</bind>
</comp>

<comp id="36" class="1001" name="const_36">
<pin_list>
<pin id="37" dir="1" index="0" bw="1" slack="0"/>
</pin_list>
<bind>
<StgValue><ssdm name=""/></StgValue>
</bind>
</comp>

<comp id="38" class="1001" name="const_38">
<pin_list>
<pin id="39" dir="1" index="0" bw="1" slack="0"/>
</pin_list>
<bind>
<StgValue><ssdm name=""/></StgValue>
</bind>
</comp>

<comp id="40" class="1001" name="const_40">
<pin_list>
<pin id="41" dir="1" index="0" bw="1" slack="0"/>
</pin_list>
<bind>
<StgValue><ssdm name=""/></StgValue>
</bind>
</comp>

<comp id="42" class="1001" name="const_42">
<pin_list>
<pin id="43" dir="1" index="0" bw="1" slack="0"/>
</pin_list>
<bind>
<StgValue><ssdm name=""/></StgValue>
</bind>
</comp>

<comp id="44" class="1001" name="const_44">
<pin_list>
<pin id="45" dir="1" index="0" bw="1" slack="0"/>
</pin_list>
<bind>
<StgValue><ssdm name=""/></StgValue>
</bind>
</comp>

<comp id="46" class="1001" name="const_46">
<pin_list>
<pin id="47" dir="1" index="0" bw="1" slack="0"/>
</pin_list>
<bind>
<StgValue><ssdm name=""/></StgValue>
</bind>
</comp>

<comp id="48" class="1001" name="const_48">
<pin_list>
<pin id="49" dir="1" index="0" bw="1" slack="0"/>
</pin_list>
<bind>
<StgValue><ssdm name=""/></StgValue>
</bind>
</comp>

<comp id="50" class="1001" name="const_50">
<pin_list>
<pin id="51" dir="1" index="0" bw="1" slack="2147483647"/>
</pin_list>
<bind>
<StgValue><ssdm name="_ssdm_op_SpecPipeline"/></StgValue>
</bind>
</comp>

<comp id="52" class="1001" name="const_52">
<pin_list>
<pin id="53" dir="1" index="0" bw="1" slack="2147483647"/>
</pin_list>
<bind>
<StgValue><ssdm name=""/></StgValue>
</bind>
</comp>

<comp id="54" class="1001" name="const_54">
<pin_list>
<pin id="55" dir="1" index="0" bw="1" slack="2147483647"/>
</pin_list>
<bind>
<StgValue><ssdm name=""/></StgValue>
</bind>
</comp>

<comp id="56" class="1001" name="const_56">
<pin_list>
<pin id="57" dir="1" index="0" bw="1" slack="2147483647"/>
</pin_list>
<bind>
<StgValue><ssdm name="empty_0"/></StgValue>
</bind>
</comp>

<comp id="58" class="1001" name="const_58">
<pin_list>
<pin id="59" dir="1" index="0" bw="1" slack="2147483647"/>
</pin_list>
<bind>
<StgValue><ssdm name="_ssdm_op_SpecLoopTripCount"/></StgValue>
</bind>
</comp>

<comp id="60" class="1001" name="const_60">
<pin_list>
<pin id="61" dir="1" index="0" bw="1" slack="2147483647"/>
</pin_list>
<bind>
<StgValue><ssdm name=""/></StgValue>
</bind>
</comp>

<comp id="62" class="1001" name="const_62">
<pin_list>
<pin id="63" dir="1" index="0" bw="1" slack="2147483647"/>
</pin_list>
<bind>
<StgValue><ssdm name="_ssdm_op_SpecLoopName"/></StgValue>
</bind>
</comp>

<comp id="64" class="1001" name="const_64">
<pin_list>
<pin id="65" dir="1" index="0" bw="1" slack="2147483647"/>
</pin_list>
<bind>
<StgValue><ssdm name="empty_11"/></StgValue>
</bind>
</comp>

<comp id="66" class="1001" name="const_66">
<pin_list>
<pin id="67" dir="1" index="0" bw="1" slack="0"/>
</pin_list>
<bind>
<StgValue><ssdm name="_ssdm_op_SparseMux.ap_auto.5i16.i16.i3"/></StgValue>
</bind>
</comp>

<comp id="68" class="1001" name="const_68">
<pin_list>
<pin id="69" dir="1" index="0" bw="1" slack="0"/>
</pin_list>
<bind>
<StgValue><ssdm name=""/></StgValue>
</bind>
</comp>

<comp id="70" class="1001" name="const_70">
<pin_list>
<pin id="71" dir="1" index="0" bw="1" slack="0"/>
</pin_list>
<bind>
<StgValue><ssdm name=""/></StgValue>
</bind>
</comp>

<comp id="72" class="1004" name="phi_urem_fu_72">
<pin_list>
<pin id="73" dir="0" index="0" bw="1" slack="0"/>
<pin id="74" dir="1" index="1" bw="6" slack="0"/>
</pin_list>
<bind>
<opcode="alloca(26) " fcode="alloca"/>
<opset="phi_urem/1 "/>
</bind>
</comp>

<comp id="76" class="1004" name="phi_mul_fu_76">
<pin_list>
<pin id="77" dir="0" index="0" bw="1" slack="0"/>
<pin id="78" dir="1" index="1" bw="13" slack="0"/>
</pin_list>
<bind>
<opcode="alloca(26) " fcode="alloca"/>
<opset="phi_mul/1 "/>
</bind>
</comp>

<comp id="80" class="1004" name="j_fu_80">
<pin_list>
<pin id="81" dir="0" index="0" bw="1" slack="0"/>
<pin id="82" dir="1" index="1" bw="6" slack="0"/>
</pin_list>
<bind>
<opcode="alloca(26) " fcode="alloca"/>
<opset="j/1 "/>
</bind>
</comp>

<comp id="84" class="1004" name="A_local_addr_gep_fu_84">
<pin_list>
<pin id="85" dir="0" index="0" bw="16" slack="0"/>
<pin id="86" dir="0" index="1" bw="1" slack="0"/>
<pin id="87" dir="0" index="2" bw="4" slack="0"/>
<pin id="88" dir="1" index="3" bw="4" slack="0"/>
</pin_list>
<bind>
<opcode="getelementptr(29) " fcode="getelementptr"/>
<opset="A_local_addr/1 "/>
</bind>
</comp>

<comp id="91" class="1004" name="A_local_1_addr_gep_fu_91">
<pin_list>
<pin id="92" dir="0" index="0" bw="16" slack="0"/>
<pin id="93" dir="0" index="1" bw="1" slack="0"/>
<pin id="94" dir="0" index="2" bw="4" slack="0"/>
<pin id="95" dir="1" index="3" bw="4" slack="0"/>
</pin_list>
<bind>
<opcode="getelementptr(29) " fcode="getelementptr"/>
<opset="A_local_1_addr/1 "/>
</bind>
</comp>

<comp id="98" class="1004" name="A_local_2_addr_gep_fu_98">
<pin_list>
<pin id="99" dir="0" index="0" bw="16" slack="0"/>
<pin id="100" dir="0" index="1" bw="1" slack="0"/>
<pin id="101" dir="0" index="2" bw="4" slack="0"/>
<pin id="102" dir="1" index="3" bw="4" slack="0"/>
</pin_list>
<bind>
<opcode="getelementptr(29) " fcode="getelementptr"/>
<opset="A_local_2_addr/1 "/>
</bind>
</comp>

<comp id="105" class="1004" name="A_local_3_addr_gep_fu_105">
<pin_list>
<pin id="106" dir="0" index="0" bw="16" slack="0"/>
<pin id="107" dir="0" index="1" bw="1" slack="0"/>
<pin id="108" dir="0" index="2" bw="4" slack="0"/>
<pin id="109" dir="1" index="3" bw="4" slack="0"/>
</pin_list>
<bind>
<opcode="getelementptr(29) " fcode="getelementptr"/>
<opset="A_local_3_addr/1 "/>
</bind>
</comp>

<comp id="112" class="1004" name="A_local_4_addr_gep_fu_112">
<pin_list>
<pin id="113" dir="0" index="0" bw="16" slack="0"/>
<pin id="114" dir="0" index="1" bw="1" slack="0"/>
<pin id="115" dir="0" index="2" bw="4" slack="0"/>
<pin id="116" dir="1" index="3" bw="4" slack="0"/>
</pin_list>
<bind>
<opcode="getelementptr(29) " fcode="getelementptr"/>
<opset="A_local_4_addr/1 "/>
</bind>
</comp>

<comp id="119" class="1004" name="B_local_addr_gep_fu_119">
<pin_list>
<pin id="120" dir="0" index="0" bw="16" slack="0"/>
<pin id="121" dir="0" index="1" bw="1" slack="0"/>
<pin id="122" dir="0" index="2" bw="4" slack="0"/>
<pin id="123" dir="1" index="3" bw="4" slack="1"/>
</pin_list>
<bind>
<opcode="getelementptr(29) " fcode="getelementptr"/>
<opset="B_local_addr/1 "/>
</bind>
</comp>

<comp id="126" class="1004" name="B_local_1_addr_gep_fu_126">
<pin_list>
<pin id="127" dir="0" index="0" bw="16" slack="0"/>
<pin id="128" dir="0" index="1" bw="1" slack="0"/>
<pin id="129" dir="0" index="2" bw="4" slack="0"/>
<pin id="130" dir="1" index="3" bw="4" slack="1"/>
</pin_list>
<bind>
<opcode="getelementptr(29) " fcode="getelementptr"/>
<opset="B_local_1_addr/1 "/>
</bind>
</comp>

<comp id="133" class="1004" name="B_local_2_addr_gep_fu_133">
<pin_list>
<pin id="134" dir="0" index="0" bw="16" slack="0"/>
<pin id="135" dir="0" index="1" bw="1" slack="0"/>
<pin id="136" dir="0" index="2" bw="4" slack="0"/>
<pin id="137" dir="1" index="3" bw="4" slack="1"/>
</pin_list>
<bind>
<opcode="getelementptr(29) " fcode="getelementptr"/>
<opset="B_local_2_addr/1 "/>
</bind>
</comp>

<comp id="140" class="1004" name="B_local_3_addr_gep_fu_140">
<pin_list>
<pin id="141" dir="0" index="0" bw="16" slack="0"/>
<pin id="142" dir="0" index="1" bw="1" slack="0"/>
<pin id="143" dir="0" index="2" bw="4" slack="0"/>
<pin id="144" dir="1" index="3" bw="4" slack="1"/>
</pin_list>
<bind>
<opcode="getelementptr(29) " fcode="getelementptr"/>
<opset="B_local_3_addr/1 "/>
</bind>
</comp>

<comp id="147" class="1004" name="B_local_4_addr_gep_fu_147">
<pin_list>
<pin id="148" dir="0" index="0" bw="16" slack="0"/>
<pin id="149" dir="0" index="1" bw="1" slack="0"/>
<pin id="150" dir="0" index="2" bw="4" slack="0"/>
<pin id="151" dir="1" index="3" bw="4" slack="1"/>
</pin_list>
<bind>
<opcode="getelementptr(29) " fcode="getelementptr"/>
<opset="B_local_4_addr/1 "/>
</bind>
</comp>

<comp id="154" class="1004" name="grp_access_fu_154">
<pin_list>
<pin id="155" dir="0" index="0" bw="4" slack="0"/>
<pin id="156" dir="0" index="1" bw="16" slack="2147483647"/>
<pin id="157" dir="0" index="2" bw="0" slack="2147483647"/>
<pin id="158" dir="1" index="3" bw="16" slack="0"/>
</pin_list>
<bind>
<opcode="load(27) " fcode="load"/>
<opset="A_local_load/1 "/>
</bind>
</comp>

<comp id="160" class="1004" name="grp_access_fu_160">
<pin_list>
<pin id="161" dir="0" index="0" bw="4" slack="0"/>
<pin id="162" dir="0" index="1" bw="16" slack="2147483647"/>
<pin id="163" dir="0" index="2" bw="0" slack="2147483647"/>
<pin id="164" dir="1" index="3" bw="16" slack="0"/>
</pin_list>
<bind>
<opcode="load(27) " fcode="load"/>
<opset="A_local_1_load/1 "/>
</bind>
</comp>

<comp id="166" class="1004" name="grp_access_fu_166">
<pin_list>
<pin id="167" dir="0" index="0" bw="4" slack="0"/>
<pin id="168" dir="0" index="1" bw="16" slack="2147483647"/>
<pin id="169" dir="0" index="2" bw="0" slack="2147483647"/>
<pin id="170" dir="1" index="3" bw="16" slack="0"/>
</pin_list>
<bind>
<opcode="load(27) " fcode="load"/>
<opset="A_local_2_load/1 "/>
</bind>
</comp>

<comp id="172" class="1004" name="grp_access_fu_172">
<pin_list>
<pin id="173" dir="0" index="0" bw="4" slack="0"/>
<pin id="174" dir="0" index="1" bw="16" slack="2147483647"/>
<pin id="175" dir="0" index="2" bw="0" slack="2147483647"/>
<pin id="176" dir="1" index="3" bw="16" slack="0"/>
</pin_list>
<bind>
<opcode="load(27) " fcode="load"/>
<opset="A_local_3_load/1 "/>
</bind>
</comp>

<comp id="178" class="1004" name="grp_access_fu_178">
<pin_list>
<pin id="179" dir="0" index="0" bw="4" slack="0"/>
<pin id="180" dir="0" index="1" bw="16" slack="2147483647"/>
<pin id="181" dir="0" index="2" bw="0" slack="2147483647"/>
<pin id="182" dir="1" index="3" bw="16" slack="0"/>
</pin_list>
<bind>
<opcode="load(27) " fcode="load"/>
<opset="A_local_4_load/1 "/>
</bind>
</comp>

<comp id="184" class="1004" name="store_ln24_access_fu_184">
<pin_list>
<pin id="185" dir="0" index="0" bw="4" slack="1"/>
<pin id="186" dir="0" index="1" bw="16" slack="0"/>
<pin id="187" dir="0" index="2" bw="0" slack="2147483647"/>
<pin id="188" dir="1" index="3" bw="16" slack="2147483647"/>
</pin_list>
<bind>
<opcode="store(28) " fcode="store"/>
<opset="store_ln24/2 "/>
</bind>
</comp>

<comp id="189" class="1004" name="store_ln24_access_fu_189">
<pin_list>
<pin id="190" dir="0" index="0" bw="4" slack="1"/>
<pin id="191" dir="0" index="1" bw="16" slack="0"/>
<pin id="192" dir="0" index="2" bw="0" slack="2147483647"/>
<pin id="193" dir="1" index="3" bw="16" slack="2147483647"/>
</pin_list>
<bind>
<opcode="store(28) " fcode="store"/>
<opset="store_ln24/2 "/>
</bind>
</comp>

<comp id="194" class="1004" name="store_ln24_access_fu_194">
<pin_list>
<pin id="195" dir="0" index="0" bw="4" slack="1"/>
<pin id="196" dir="0" index="1" bw="16" slack="0"/>
<pin id="197" dir="0" index="2" bw="0" slack="2147483647"/>
<pin id="198" dir="1" index="3" bw="16" slack="2147483647"/>
</pin_list>
<bind>
<opcode="store(28) " fcode="store"/>
<opset="store_ln24/2 "/>
</bind>
</comp>

<comp id="199" class="1004" name="store_ln24_access_fu_199">
<pin_list>
<pin id="200" dir="0" index="0" bw="4" slack="1"/>
<pin id="201" dir="0" index="1" bw="16" slack="0"/>
<pin id="202" dir="0" index="2" bw="0" slack="2147483647"/>
<pin id="203" dir="1" index="3" bw="16" slack="2147483647"/>
</pin_list>
<bind>
<opcode="store(28) " fcode="store"/>
<opset="store_ln24/2 "/>
</bind>
</comp>

<comp id="204" class="1004" name="store_ln24_access_fu_204">
<pin_list>
<pin id="205" dir="0" index="0" bw="4" slack="1"/>
<pin id="206" dir="0" index="1" bw="16" slack="0"/>
<pin id="207" dir="0" index="2" bw="0" slack="2147483647"/>
<pin id="208" dir="1" index="3" bw="16" slack="2147483647"/>
</pin_list>
<bind>
<opcode="store(28) " fcode="store"/>
<opset="store_ln24/2 "/>
</bind>
</comp>

<comp id="209" class="1004" name="store_ln22_store_fu_209">
<pin_list>
<pin id="210" dir="0" index="0" bw="1" slack="0"/>
<pin id="211" dir="0" index="1" bw="6" slack="0"/>
<pin id="212" dir="1" index="2" bw="0" slack="2147483647"/>
</pin_list>
<bind>
<opcode="store(28) " fcode="store"/>
<opset="store_ln22/1 "/>
</bind>
</comp>

<comp id="214" class="1004" name="store_ln0_store_fu_214">
<pin_list>
<pin id="215" dir="0" index="0" bw="1" slack="0"/>
<pin id="216" dir="0" index="1" bw="13" slack="0"/>
<pin id="217" dir="1" index="2" bw="0" slack="2147483647"/>
</pin_list>
<bind>
<opcode="store(28) " fcode="store"/>
<opset="store_ln0/1 "/>
</bind>
</comp>

<comp id="219" class="1004" name="store_ln0_store_fu_219">
<pin_list>
<pin id="220" dir="0" index="0" bw="1" slack="0"/>
<pin id="221" dir="0" index="1" bw="6" slack="0"/>
<pin id="222" dir="1" index="2" bw="0" slack="2147483647"/>
</pin_list>
<bind>
<opcode="store(28) " fcode="store"/>
<opset="store_ln0/1 "/>
</bind>
</comp>

<comp id="224" class="1004" name="phi_urem_load_load_fu_224">
<pin_list>
<pin id="225" dir="0" index="0" bw="6" slack="0"/>
<pin id="226" dir="1" index="1" bw="6" slack="0"/>
</pin_list>
<bind>
<opcode="load(27) " fcode="load"/>
<opset="phi_urem_load/1 "/>
</bind>
</comp>

<comp id="227" class="1004" name="j_1_load_fu_227">
<pin_list>
<pin id="228" dir="0" index="0" bw="6" slack="0"/>
<pin id="229" dir="1" index="1" bw="6" slack="0"/>
</pin_list>
<bind>
<opcode="load(27) " fcode="load"/>
<opset="j_1/1 "/>
</bind>
</comp>

<comp id="230" class="1004" name="icmp_ln22_fu_230">
<pin_list>
<pin id="231" dir="0" index="0" bw="6" slack="0"/>
<pin id="232" dir="0" index="1" bw="5" slack="0"/>
<pin id="233" dir="1" index="2" bw="1" slack="2147483647"/>
</pin_list>
<bind>
<opcode="icmp(45) " fcode="icmp"/>
<opset="icmp_ln22/1 "/>
</bind>
</comp>

<comp id="236" class="1004" name="add_ln22_fu_236">
<pin_list>
<pin id="237" dir="0" index="0" bw="6" slack="0"/>
<pin id="238" dir="0" index="1" bw="1" slack="0"/>
<pin id="239" dir="1" index="2" bw="6" slack="0"/>
</pin_list>
<bind>
<opcode="add(8) " fcode="add"/>
<opset="add_ln22/1 "/>
</bind>
</comp>

<comp id="242" class="1004" name="phi_mul_load_load_fu_242">
<pin_list>
<pin id="243" dir="0" index="0" bw="13" slack="0"/>
<pin id="244" dir="1" index="1" bw="13" slack="0"/>
</pin_list>
<bind>
<opcode="load(27) " fcode="load"/>
<opset="phi_mul_load/1 "/>
</bind>
</comp>

<comp id="245" class="1004" name="add_ln22_1_fu_245">
<pin_list>
<pin id="246" dir="0" index="0" bw="13" slack="0"/>
<pin id="247" dir="0" index="1" bw="8" slack="0"/>
<pin id="248" dir="1" index="2" bw="13" slack="0"/>
</pin_list>
<bind>
<opcode="add(8) " fcode="add"/>
<opset="add_ln22_1/1 "/>
</bind>
</comp>

<comp id="251" class="1004" name="tmp_fu_251">
<pin_list>
<pin id="252" dir="0" index="0" bw="4" slack="0"/>
<pin id="253" dir="0" index="1" bw="13" slack="0"/>
<pin id="254" dir="0" index="2" bw="5" slack="0"/>
<pin id="255" dir="0" index="3" bw="5" slack="0"/>
<pin id="256" dir="1" index="4" bw="4" slack="0"/>
</pin_list>
<bind>
<opcode="partselect(1002) " fcode="partselect"/>
<opset="tmp/1 "/>
</bind>
</comp>

<comp id="261" class="1004" name="zext_ln22_fu_261">
<pin_list>
<pin id="262" dir="0" index="0" bw="4" slack="0"/>
<pin id="263" dir="1" index="1" bw="64" slack="0"/>
</pin_list>
<bind>
<opcode="zext(34) " fcode="zext"/>
<opset="zext_ln22/1 "/>
</bind>
</comp>

<comp id="275" class="1004" name="trunc_ln22_fu_275">
<pin_list>
<pin id="276" dir="0" index="0" bw="6" slack="0"/>
<pin id="277" dir="1" index="1" bw="3" slack="1"/>
</pin_list>
<bind>
<opcode="trunc(33) " fcode="trunc"/>
<opset="trunc_ln22/1 "/>
</bind>
</comp>

<comp id="279" class="1004" name="add_ln22_2_fu_279">
<pin_list>
<pin id="280" dir="0" index="0" bw="6" slack="0"/>
<pin id="281" dir="0" index="1" bw="1" slack="0"/>
<pin id="282" dir="1" index="2" bw="6" slack="0"/>
</pin_list>
<bind>
<opcode="add(8) " fcode="add"/>
<opset="add_ln22_2/1 "/>
</bind>
</comp>

<comp id="285" class="1004" name="icmp_ln22_1_fu_285">
<pin_list>
<pin id="286" dir="0" index="0" bw="6" slack="0"/>
<pin id="287" dir="0" index="1" bw="4" slack="0"/>
<pin id="288" dir="1" index="2" bw="1" slack="0"/>
</pin_list>
<bind>
<opcode="icmp(45) " fcode="icmp"/>
<opset="icmp_ln22_1/1 "/>
</bind>
</comp>

<comp id="291" class="1004" name="select_ln22_fu_291">
<pin_list>
<pin id="292" dir="0" index="0" bw="1" slack="0"/>
<pin id="293" dir="0" index="1" bw="6" slack="0"/>
<pin id="294" dir="0" index="2" bw="1" slack="0"/>
<pin id="295" dir="1" index="3" bw="6" slack="0"/>
</pin_list>
<bind>
<opcode="select(49) " fcode="select"/>
<opset="select_ln22/1 "/>
</bind>
</comp>

<comp id="299" class="1004" name="store_ln22_store_fu_299">
<pin_list>
<pin id="300" dir="0" index="0" bw="6" slack="0"/>
<pin id="301" dir="0" index="1" bw="6" slack="0"/>
<pin id="302" dir="1" index="2" bw="0" slack="2147483647"/>
</pin_list>
<bind>
<opcode="store(28) " fcode="store"/>
<opset="store_ln22/1 "/>
</bind>
</comp>

<comp id="304" class="1004" name="store_ln22_store_fu_304">
<pin_list>
<pin id="305" dir="0" index="0" bw="13" slack="0"/>
<pin id="306" dir="0" index="1" bw="13" slack="0"/>
<pin id="307" dir="1" index="2" bw="0" slack="2147483647"/>
</pin_list>
<bind>
<opcode="store(28) " fcode="store"/>
<opset="store_ln22/1 "/>
</bind>
</comp>

<comp id="309" class="1004" name="store_ln22_store_fu_309">
<pin_list>
<pin id="310" dir="0" index="0" bw="6" slack="0"/>
<pin id="311" dir="0" index="1" bw="6" slack="0"/>
<pin id="312" dir="1" index="2" bw="0" slack="2147483647"/>
</pin_list>
<bind>
<opcode="store(28) " fcode="store"/>
<opset="store_ln22/1 "/>
</bind>
</comp>

<comp id="314" class="1004" name="tmp_s_fu_314">
<pin_list>
<pin id="315" dir="0" index="0" bw="16" slack="0"/>
<pin id="316" dir="0" index="1" bw="1" slack="0"/>
<pin id="317" dir="0" index="2" bw="16" slack="0"/>
<pin id="318" dir="0" index="3" bw="1" slack="0"/>
<pin id="319" dir="0" index="4" bw="16" slack="0"/>
<pin id="320" dir="0" index="5" bw="3" slack="0"/>
<pin id="321" dir="0" index="6" bw="16" slack="0"/>
<pin id="322" dir="0" index="7" bw="3" slack="0"/>
<pin id="323" dir="0" index="8" bw="16" slack="0"/>
<pin id="324" dir="0" index="9" bw="3" slack="0"/>
<pin id="325" dir="0" index="10" bw="16" slack="0"/>
<pin id="326" dir="0" index="11" bw="1" slack="0"/>
<pin id="327" dir="0" index="12" bw="3" slack="1"/>
<pin id="328" dir="1" index="13" bw="16" slack="0"/>
</pin_list>
<bind>
<opcode="sparsemux(1197) " fcode="sparsemux"/>
<opset="tmp_s/2 "/>
</bind>
</comp>

<comp id="346" class="1005" name="phi_urem_reg_346">
<pin_list>
<pin id="347" dir="0" index="0" bw="6" slack="0"/>
<pin id="348" dir="1" index="1" bw="6" slack="0"/>
</pin_list>
<bind>
<opset="phi_urem "/>
</bind>
</comp>

<comp id="353" class="1005" name="phi_mul_reg_353">
<pin_list>
<pin id="354" dir="0" index="0" bw="13" slack="0"/>
<pin id="355" dir="1" index="1" bw="13" slack="0"/>
</pin_list>
<bind>
<opset="phi_mul "/>
</bind>
</comp>

<comp id="360" class="1005" name="j_reg_360">
<pin_list>
<pin id="361" dir="0" index="0" bw="6" slack="0"/>
<pin id="362" dir="1" index="1" bw="6" slack="0"/>
</pin_list>
<bind>
<opset="j "/>
</bind>
</comp>

<comp id="370" class="1005" name="trunc_ln22_reg_370">
<pin_list>
<pin id="371" dir="0" index="0" bw="3" slack="1"/>
<pin id="372" dir="1" index="1" bw="3" slack="1"/>
</pin_list>
<bind>
<opset="trunc_ln22 "/>
</bind>
</comp>

<comp id="375" class="1005" name="A_local_addr_reg_375">
<pin_list>
<pin id="376" dir="0" index="0" bw="4" slack="1"/>
<pin id="377" dir="1" index="1" bw="4" slack="1"/>
</pin_list>
<bind>
<opset="A_local_addr "/>
</bind>
</comp>

<comp id="380" class="1005" name="A_local_1_addr_reg_380">
<pin_list>
<pin id="381" dir="0" index="0" bw="4" slack="1"/>
<pin id="382" dir="1" index="1" bw="4" slack="1"/>
</pin_list>
<bind>
<opset="A_local_1_addr "/>
</bind>
</comp>

<comp id="385" class="1005" name="A_local_2_addr_reg_385">
<pin_list>
<pin id="386" dir="0" index="0" bw="4" slack="1"/>
<pin id="387" dir="1" index="1" bw="4" slack="1"/>
</pin_list>
<bind>
<opset="A_local_2_addr "/>
</bind>
</comp>

<comp id="390" class="1005" name="A_local_3_addr_reg_390">
<pin_list>
<pin id="391" dir="0" index="0" bw="4" slack="1"/>
<pin id="392" dir="1" index="1" bw="4" slack="1"/>
</pin_list>
<bind>
<opset="A_local_3_addr "/>
</bind>
</comp>

<comp id="395" class="1005" name="A_local_4_addr_reg_395">
<pin_list>
<pin id="396" dir="0" index="0" bw="4" slack="1"/>
<pin id="397" dir="1" index="1" bw="4" slack="1"/>
</pin_list>
<bind>
<opset="A_local_4_addr "/>
</bind>
</comp>

<comp id="400" class="1005" name="B_local_addr_reg_400">
<pin_list>
<pin id="401" dir="0" index="0" bw="4" slack="1"/>
<pin id="402" dir="1" index="1" bw="4" slack="1"/>
</pin_list>
<bind>
<opset="B_local_addr "/>
</bind>
</comp>

<comp id="405" class="1005" name="B_local_1_addr_reg_405">
<pin_list>
<pin id="406" dir="0" index="0" bw="4" slack="1"/>
<pin id="407" dir="1" index="1" bw="4" slack="1"/>
</pin_list>
<bind>
<opset="B_local_1_addr "/>
</bind>
</comp>

<comp id="410" class="1005" name="B_local_2_addr_reg_410">
<pin_list>
<pin id="411" dir="0" index="0" bw="4" slack="1"/>
<pin id="412" dir="1" index="1" bw="4" slack="1"/>
</pin_list>
<bind>
<opset="B_local_2_addr "/>
</bind>
</comp>

<comp id="415" class="1005" name="B_local_3_addr_reg_415">
<pin_list>
<pin id="416" dir="0" index="0" bw="4" slack="1"/>
<pin id="417" dir="1" index="1" bw="4" slack="1"/>
</pin_list>
<bind>
<opset="B_local_3_addr "/>
</bind>
</comp>

<comp id="420" class="1005" name="B_local_4_addr_reg_420">
<pin_list>
<pin id="421" dir="0" index="0" bw="4" slack="1"/>
<pin id="422" dir="1" index="1" bw="4" slack="1"/>
</pin_list>
<bind>
<opset="B_local_4_addr "/>
</bind>
</comp>

</comp_list>

<net_list>
<net id="75"><net_src comp="20" pin="0"/><net_sink comp="72" pin=0"/></net>

<net id="79"><net_src comp="20" pin="0"/><net_sink comp="76" pin=0"/></net>

<net id="83"><net_src comp="20" pin="0"/><net_sink comp="80" pin=0"/></net>

<net id="89"><net_src comp="10" pin="0"/><net_sink comp="84" pin=0"/></net>

<net id="90"><net_src comp="38" pin="0"/><net_sink comp="84" pin=1"/></net>

<net id="96"><net_src comp="12" pin="0"/><net_sink comp="91" pin=0"/></net>

<net id="97"><net_src comp="38" pin="0"/><net_sink comp="91" pin=1"/></net>

<net id="103"><net_src comp="14" pin="0"/><net_sink comp="98" pin=0"/></net>

<net id="104"><net_src comp="38" pin="0"/><net_sink comp="98" pin=1"/></net>

<net id="110"><net_src comp="16" pin="0"/><net_sink comp="105" pin=0"/></net>

<net id="111"><net_src comp="38" pin="0"/><net_sink comp="105" pin=1"/></net>

<net id="117"><net_src comp="18" pin="0"/><net_sink comp="112" pin=0"/></net>

<net id="118"><net_src comp="38" pin="0"/><net_sink comp="112" pin=1"/></net>

<net id="124"><net_src comp="8" pin="0"/><net_sink comp="119" pin=0"/></net>

<net id="125"><net_src comp="38" pin="0"/><net_sink comp="119" pin=1"/></net>

<net id="131"><net_src comp="6" pin="0"/><net_sink comp="126" pin=0"/></net>

<net id="132"><net_src comp="38" pin="0"/><net_sink comp="126" pin=1"/></net>

<net id="138"><net_src comp="4" pin="0"/><net_sink comp="133" pin=0"/></net>

<net id="139"><net_src comp="38" pin="0"/><net_sink comp="133" pin=1"/></net>

<net id="145"><net_src comp="2" pin="0"/><net_sink comp="140" pin=0"/></net>

<net id="146"><net_src comp="38" pin="0"/><net_sink comp="140" pin=1"/></net>

<net id="152"><net_src comp="0" pin="0"/><net_sink comp="147" pin=0"/></net>

<net id="153"><net_src comp="38" pin="0"/><net_sink comp="147" pin=1"/></net>

<net id="159"><net_src comp="84" pin="3"/><net_sink comp="154" pin=0"/></net>

<net id="165"><net_src comp="91" pin="3"/><net_sink comp="160" pin=0"/></net>

<net id="171"><net_src comp="98" pin="3"/><net_sink comp="166" pin=0"/></net>

<net id="177"><net_src comp="105" pin="3"/><net_sink comp="172" pin=0"/></net>

<net id="183"><net_src comp="112" pin="3"/><net_sink comp="178" pin=0"/></net>

<net id="213"><net_src comp="22" pin="0"/><net_sink comp="209" pin=0"/></net>

<net id="218"><net_src comp="24" pin="0"/><net_sink comp="214" pin=0"/></net>

<net id="223"><net_src comp="22" pin="0"/><net_sink comp="219" pin=0"/></net>

<net id="234"><net_src comp="227" pin="1"/><net_sink comp="230" pin=0"/></net>

<net id="235"><net_src comp="26" pin="0"/><net_sink comp="230" pin=1"/></net>

<net id="240"><net_src comp="227" pin="1"/><net_sink comp="236" pin=0"/></net>

<net id="241"><net_src comp="28" pin="0"/><net_sink comp="236" pin=1"/></net>

<net id="249"><net_src comp="242" pin="1"/><net_sink comp="245" pin=0"/></net>

<net id="250"><net_src comp="30" pin="0"/><net_sink comp="245" pin=1"/></net>

<net id="257"><net_src comp="32" pin="0"/><net_sink comp="251" pin=0"/></net>

<net id="258"><net_src comp="242" pin="1"/><net_sink comp="251" pin=1"/></net>

<net id="259"><net_src comp="34" pin="0"/><net_sink comp="251" pin=2"/></net>

<net id="260"><net_src comp="36" pin="0"/><net_sink comp="251" pin=3"/></net>

<net id="264"><net_src comp="251" pin="4"/><net_sink comp="261" pin=0"/></net>

<net id="265"><net_src comp="261" pin="1"/><net_sink comp="84" pin=2"/></net>

<net id="266"><net_src comp="261" pin="1"/><net_sink comp="91" pin=2"/></net>

<net id="267"><net_src comp="261" pin="1"/><net_sink comp="98" pin=2"/></net>

<net id="268"><net_src comp="261" pin="1"/><net_sink comp="105" pin=2"/></net>

<net id="269"><net_src comp="261" pin="1"/><net_sink comp="112" pin=2"/></net>

<net id="270"><net_src comp="261" pin="1"/><net_sink comp="119" pin=2"/></net>

<net id="271"><net_src comp="261" pin="1"/><net_sink comp="126" pin=2"/></net>

<net id="272"><net_src comp="261" pin="1"/><net_sink comp="133" pin=2"/></net>

<net id="273"><net_src comp="261" pin="1"/><net_sink comp="140" pin=2"/></net>

<net id="274"><net_src comp="261" pin="1"/><net_sink comp="147" pin=2"/></net>

<net id="278"><net_src comp="224" pin="1"/><net_sink comp="275" pin=0"/></net>

<net id="283"><net_src comp="224" pin="1"/><net_sink comp="279" pin=0"/></net>

<net id="284"><net_src comp="28" pin="0"/><net_sink comp="279" pin=1"/></net>

<net id="289"><net_src comp="279" pin="2"/><net_sink comp="285" pin=0"/></net>

<net id="290"><net_src comp="48" pin="0"/><net_sink comp="285" pin=1"/></net>

<net id="296"><net_src comp="285" pin="2"/><net_sink comp="291" pin=0"/></net>

<net id="297"><net_src comp="279" pin="2"/><net_sink comp="291" pin=1"/></net>

<net id="298"><net_src comp="22" pin="0"/><net_sink comp="291" pin=2"/></net>

<net id="303"><net_src comp="236" pin="2"/><net_sink comp="299" pin=0"/></net>

<net id="308"><net_src comp="245" pin="2"/><net_sink comp="304" pin=0"/></net>

<net id="313"><net_src comp="291" pin="3"/><net_sink comp="309" pin=0"/></net>

<net id="329"><net_src comp="66" pin="0"/><net_sink comp="314" pin=0"/></net>

<net id="330"><net_src comp="40" pin="0"/><net_sink comp="314" pin=1"/></net>

<net id="331"><net_src comp="154" pin="3"/><net_sink comp="314" pin=2"/></net>

<net id="332"><net_src comp="42" pin="0"/><net_sink comp="314" pin=3"/></net>

<net id="333"><net_src comp="160" pin="3"/><net_sink comp="314" pin=4"/></net>

<net id="334"><net_src comp="44" pin="0"/><net_sink comp="314" pin=5"/></net>

<net id="335"><net_src comp="166" pin="3"/><net_sink comp="314" pin=6"/></net>

<net id="336"><net_src comp="46" pin="0"/><net_sink comp="314" pin=7"/></net>

<net id="337"><net_src comp="172" pin="3"/><net_sink comp="314" pin=8"/></net>

<net id="338"><net_src comp="68" pin="0"/><net_sink comp="314" pin=9"/></net>

<net id="339"><net_src comp="178" pin="3"/><net_sink comp="314" pin=10"/></net>

<net id="340"><net_src comp="70" pin="0"/><net_sink comp="314" pin=11"/></net>

<net id="341"><net_src comp="314" pin="13"/><net_sink comp="184" pin=1"/></net>

<net id="342"><net_src comp="314" pin="13"/><net_sink comp="189" pin=1"/></net>

<net id="343"><net_src comp="314" pin="13"/><net_sink comp="194" pin=1"/></net>

<net id="344"><net_src comp="314" pin="13"/><net_sink comp="199" pin=1"/></net>

<net id="345"><net_src comp="314" pin="13"/><net_sink comp="204" pin=1"/></net>

<net id="349"><net_src comp="72" pin="1"/><net_sink comp="346" pin=0"/></net>

<net id="350"><net_src comp="346" pin="1"/><net_sink comp="219" pin=1"/></net>

<net id="351"><net_src comp="346" pin="1"/><net_sink comp="224" pin=0"/></net>

<net id="352"><net_src comp="346" pin="1"/><net_sink comp="309" pin=1"/></net>

<net id="356"><net_src comp="76" pin="1"/><net_sink comp="353" pin=0"/></net>

<net id="357"><net_src comp="353" pin="1"/><net_sink comp="214" pin=1"/></net>

<net id="358"><net_src comp="353" pin="1"/><net_sink comp="242" pin=0"/></net>

<net id="359"><net_src comp="353" pin="1"/><net_sink comp="304" pin=1"/></net>

<net id="363"><net_src comp="80" pin="1"/><net_sink comp="360" pin=0"/></net>

<net id="364"><net_src comp="360" pin="1"/><net_sink comp="209" pin=1"/></net>

<net id="365"><net_src comp="360" pin="1"/><net_sink comp="227" pin=0"/></net>

<net id="366"><net_src comp="360" pin="1"/><net_sink comp="299" pin=1"/></net>

<net id="373"><net_src comp="275" pin="1"/><net_sink comp="370" pin=0"/></net>

<net id="374"><net_src comp="370" pin="1"/><net_sink comp="314" pin=12"/></net>

<net id="378"><net_src comp="84" pin="3"/><net_sink comp="375" pin=0"/></net>

<net id="379"><net_src comp="375" pin="1"/><net_sink comp="154" pin=0"/></net>

<net id="383"><net_src comp="91" pin="3"/><net_sink comp="380" pin=0"/></net>

<net id="384"><net_src comp="380" pin="1"/><net_sink comp="160" pin=0"/></net>

<net id="388"><net_src comp="98" pin="3"/><net_sink comp="385" pin=0"/></net>

<net id="389"><net_src comp="385" pin="1"/><net_sink comp="166" pin=0"/></net>

<net id="393"><net_src comp="105" pin="3"/><net_sink comp="390" pin=0"/></net>

<net id="394"><net_src comp="390" pin="1"/><net_sink comp="172" pin=0"/></net>

<net id="398"><net_src comp="112" pin="3"/><net_sink comp="395" pin=0"/></net>

<net id="399"><net_src comp="395" pin="1"/><net_sink comp="178" pin=0"/></net>

<net id="403"><net_src comp="119" pin="3"/><net_sink comp="400" pin=0"/></net>

<net id="404"><net_src comp="400" pin="1"/><net_sink comp="199" pin=0"/></net>

<net id="408"><net_src comp="126" pin="3"/><net_sink comp="405" pin=0"/></net>

<net id="409"><net_src comp="405" pin="1"/><net_sink comp="194" pin=0"/></net>

<net id="413"><net_src comp="133" pin="3"/><net_sink comp="410" pin=0"/></net>

<net id="414"><net_src comp="410" pin="1"/><net_sink comp="189" pin=0"/></net>

<net id="418"><net_src comp="140" pin="3"/><net_sink comp="415" pin=0"/></net>

<net id="419"><net_src comp="415" pin="1"/><net_sink comp="184" pin=0"/></net>

<net id="423"><net_src comp="147" pin="3"/><net_sink comp="420" pin=0"/></net>

<net id="424"><net_src comp="420" pin="1"/><net_sink comp="204" pin=0"/></net>

</net_list>

</model> 
---------------- Datapath Model END ------------------

* FSMD analyzer results:
  - Output states:
	Port: B_local_4 | {2 }
	Port: B_local_3 | {2 }
	Port: B_local_2 | {2 }
	Port: B_local_1 | {2 }
	Port: B_local | {2 }
 - Input state : 
	Port: main_func_Pipeline_VITIS_LOOP_22_3 : A_local | {1 2 }
	Port: main_func_Pipeline_VITIS_LOOP_22_3 : A_local_1 | {1 2 }
	Port: main_func_Pipeline_VITIS_LOOP_22_3 : A_local_2 | {1 2 }
	Port: main_func_Pipeline_VITIS_LOOP_22_3 : A_local_3 | {1 2 }
	Port: main_func_Pipeline_VITIS_LOOP_22_3 : A_local_4 | {1 2 }
  - Chain level:
	State 1
		store_ln22 : 1
		store_ln0 : 1
		store_ln0 : 1
		phi_urem_load : 1
		j_1 : 1
		icmp_ln22 : 2
		add_ln22 : 2
		br_ln22 : 3
		phi_mul_load : 1
		add_ln22_1 : 2
		tmp : 2
		zext_ln22 : 3
		trunc_ln22 : 2
		A_local_addr : 4
		A_local_1_addr : 4
		A_local_2_addr : 4
		A_local_3_addr : 4
		A_local_4_addr : 4
		B_local_addr : 4
		B_local_1_addr : 4
		B_local_2_addr : 4
		B_local_3_addr : 4
		B_local_4_addr : 4
		A_local_load : 5
		A_local_1_load : 5
		A_local_2_load : 5
		A_local_3_load : 5
		A_local_4_load : 5
		switch_ln24 : 3
		add_ln22_2 : 2
		icmp_ln22_1 : 3
		select_ln22 : 4
		store_ln22 : 3
		store_ln22 : 3
		store_ln22 : 5
	State 2
		tmp_s : 1
		store_ln24 : 2
		store_ln24 : 2
		store_ln24 : 2
		store_ln24 : 2
		store_ln24 : 2


============================================================
+ Verbose Summary: Datapath Resource usage 
============================================================

* Functional unit list:
|----------|--------------------|---------|---------|
| Operation|   Functional Unit  |    FF   |   LUT   |
|----------|--------------------|---------|---------|
|          |   add_ln22_fu_236  |    0    |    13   |
|    add   |  add_ln22_1_fu_245 |    0    |    20   |
|          |  add_ln22_2_fu_279 |    0    |    13   |
|----------|--------------------|---------|---------|
|   icmp   |  icmp_ln22_fu_230  |    0    |    13   |
|          | icmp_ln22_1_fu_285 |    0    |    13   |
|----------|--------------------|---------|---------|
| sparsemux|    tmp_s_fu_314    |    0    |    26   |
|----------|--------------------|---------|---------|
|  select  | select_ln22_fu_291 |    0    |    6    |
|----------|--------------------|---------|---------|
|partselect|     tmp_fu_251     |    0    |    0    |
|----------|--------------------|---------|---------|
|   zext   |  zext_ln22_fu_261  |    0    |    0    |
|----------|--------------------|---------|---------|
|   trunc  |  trunc_ln22_fu_275 |    0    |    0    |
|----------|--------------------|---------|---------|
|   Total  |                    |    0    |   104   |
|----------|--------------------|---------|---------|

Memories:
N/A

* Register list:
+----------------------+--------+
|                      |   FF   |
+----------------------+--------+
|A_local_1_addr_reg_380|    4   |
|A_local_2_addr_reg_385|    4   |
|A_local_3_addr_reg_390|    4   |
|A_local_4_addr_reg_395|    4   |
| A_local_addr_reg_375 |    4   |
|B_local_1_addr_reg_405|    4   |
|B_local_2_addr_reg_410|    4   |
|B_local_3_addr_reg_415|    4   |
|B_local_4_addr_reg_420|    4   |
| B_local_addr_reg_400 |    4   |
|       j_reg_360      |    6   |
|    phi_mul_reg_353   |   13   |
|   phi_urem_reg_346   |    6   |
|  trunc_ln22_reg_370  |    3   |
+----------------------+--------+
|         Total        |   68   |
+----------------------+--------+

* Multiplexer (MUX) list: 
|-------------------|------|------|------|--------||---------||---------|
|        Comp       |  Pin | Size |  BW  | S x BW ||  Delay  ||   LUT   |
|-------------------|------|------|------|--------||---------||---------|
| grp_access_fu_154 |  p0  |   2  |   4  |    8   ||    9    |
| grp_access_fu_160 |  p0  |   2  |   4  |    8   ||    9    |
| grp_access_fu_166 |  p0  |   2  |   4  |    8   ||    9    |
| grp_access_fu_172 |  p0  |   2  |   4  |    8   ||    9    |
| grp_access_fu_178 |  p0  |   2  |   4  |    8   ||    9    |
|-------------------|------|------|------|--------||---------||---------|
|       Total       |      |      |      |   40   ||  2.135  ||    45   |
|-------------------|------|------|------|--------||---------||---------|



* Summary:
+-----------+--------+--------+--------+
|           |  Delay |   FF   |   LUT  |
+-----------+--------+--------+--------+
|  Function |    -   |    0   |   104  |
|   Memory  |    -   |    -   |    -   |
|Multiplexer|    2   |    -   |   45   |
|  Register |    -   |   68   |    -   |
+-----------+--------+--------+--------+
|   Total   |    2   |   68   |   149  |
+-----------+--------+--------+--------+
