Vivado Simulator v2023.2.1
Copyright 1986-2022 Xilinx, Inc. All Rights Reserved.
Copyright 2022-2023 Advanced Micro Devices, Inc. All Rights Reserved.
Running: E:/Vivado/Vivado/2023.2/bin/unwrapped/win64.o/xelab.exe xil_defaultlib.apatb_main_func_top glbl -Oenable_linking_all_libraries -prj main_func.prj -L smartconnect_v1_0 -L axi_protocol_checker_v1_1_12 -L axi_protocol_checker_v1_1_13 -L axis_protocol_checker_v1_1_11 -L axis_protocol_checker_v1_1_12 -L xil_defaultlib -L unisims_ver -L xpm -L floating_point_v7_1_16 -L floating_point_v7_0_21 --lib ieee_proposed=./ieee_proposed -s main_func 
Multi-threading is on. Using 14 slave threads.
INFO: [VRFC 10-2263] Analyzing SystemVerilog file "F:/vivado_projects/EE4951_TaWork/ultra96ms2_418/solution1/sim/verilog/glbl.v" into library work
INFO: [VRFC 10-311] analyzing module glbl
INFO: [VRFC 10-2263] Analyzing SystemVerilog file "F:/vivado_projects/EE4951_TaWork/ultra96ms2_418/solution1/sim/verilog/AESL_axi_master_fm.v" into library xil_defaultlib
INFO: [VRFC 10-311] analyzing module AESL_axi_master_fm
INFO: [VRFC 10-2263] Analyzing SystemVerilog file "F:/vivado_projects/EE4951_TaWork/ultra96ms2_418/solution1/sim/verilog/AESL_axi_master_wt.v" into library xil_defaultlib
INFO: [VRFC 10-311] analyzing module AESL_axi_master_wt
INFO: [VRFC 10-2263] Analyzing SystemVerilog file "F:/vivado_projects/EE4951_TaWork/ultra96ms2_418/solution1/sim/verilog/AESL_axi_slave_control.v" into library xil_defaultlib
INFO: [VRFC 10-311] analyzing module AESL_axi_slave_control
INFO: [VRFC 10-2263] Analyzing SystemVerilog file "F:/vivado_projects/EE4951_TaWork/ultra96ms2_418/solution1/sim/verilog/main_func.autotb.v" into library xil_defaultlib
INFO: [VRFC 10-311] analyzing module apatb_main_func_top
INFO: [VRFC 10-2263] Analyzing SystemVerilog file "F:/vivado_projects/EE4951_TaWork/ultra96ms2_418/solution1/sim/verilog/main_func.v" into library xil_defaultlib
INFO: [VRFC 10-311] analyzing module main_func
INFO: [VRFC 10-2263] Analyzing SystemVerilog file "F:/vivado_projects/EE4951_TaWork/ultra96ms2_418/solution1/sim/verilog/main_func_control_s_axi.v" into library xil_defaultlib
INFO: [VRFC 10-311] analyzing module main_func_control_s_axi
INFO: [VRFC 10-2263] Analyzing SystemVerilog file "F:/vivado_projects/EE4951_TaWork/ultra96ms2_418/solution1/sim/verilog/main_func_flow_control_loop_pipe_sequential_init.v" into library xil_defaultlib
INFO: [VRFC 10-311] analyzing module main_func_flow_control_loop_pipe_sequential_init
INFO: [VRFC 10-2263] Analyzing SystemVerilog file "F:/vivado_projects/EE4951_TaWork/ultra96ms2_418/solution1/sim/verilog/main_func_fm_m_axi.v" into library xil_defaultlib
INFO: [VRFC 10-311] analyzing module main_func_fm_m_axi
INFO: [VRFC 10-311] analyzing module main_func_fm_m_axi_load
INFO: [VRFC 10-311] analyzing module main_func_fm_m_axi_store
INFO: [VRFC 10-311] analyzing module main_func_fm_m_axi_read
INFO: [VRFC 10-311] analyzing module main_func_fm_m_axi_write
INFO: [VRFC 10-311] analyzing module main_func_fm_m_axi_burst_converter
INFO: [VRFC 10-311] analyzing module main_func_fm_m_axi_throttle
INFO: [VRFC 10-311] analyzing module main_func_fm_m_axi_reg_slice
INFO: [VRFC 10-311] analyzing module main_func_fm_m_axi_fifo
INFO: [VRFC 10-311] analyzing module main_func_fm_m_axi_srl
INFO: [VRFC 10-311] analyzing module main_func_fm_m_axi_mem
INFO: [VRFC 10-2263] Analyzing SystemVerilog file "F:/vivado_projects/EE4951_TaWork/ultra96ms2_418/solution1/sim/verilog/main_func_inBuffer3x3_0_0_RAM_AUTO_1R1W.v" into library xil_defaultlib
INFO: [VRFC 10-311] analyzing module main_func_inBuffer3x3_0_0_RAM_AUTO_1R1W
INFO: [VRFC 10-2263] Analyzing SystemVerilog file "F:/vivado_projects/EE4951_TaWork/ultra96ms2_418/solution1/sim/verilog/main_func_mac_muladd_16s_16s_29ns_29_4_1.v" into library xil_defaultlib
INFO: [VRFC 10-311] analyzing module main_func_mac_muladd_16s_16s_29ns_29_4_1_DSP48_1
INFO: [VRFC 10-311] analyzing module main_func_mac_muladd_16s_16s_29ns_29_4_1
INFO: [VRFC 10-2263] Analyzing SystemVerilog file "F:/vivado_projects/EE4951_TaWork/ultra96ms2_418/solution1/sim/verilog/main_func_mac_muladd_2ns_16ns_15s_18_4_1.v" into library xil_defaultlib
INFO: [VRFC 10-311] analyzing module main_func_mac_muladd_2ns_16ns_15s_18_4_1_DSP48_0
INFO: [VRFC 10-311] analyzing module main_func_mac_muladd_2ns_16ns_15s_18_4_1
INFO: [VRFC 10-2263] Analyzing SystemVerilog file "F:/vivado_projects/EE4951_TaWork/ultra96ms2_418/solution1/sim/verilog/main_func_mac_muladd_6ns_16ns_17ns_22_4_1.v" into library xil_defaultlib
INFO: [VRFC 10-311] analyzing module main_func_mac_muladd_6ns_16ns_17ns_22_4_1_DSP48_2
INFO: [VRFC 10-311] analyzing module main_func_mac_muladd_6ns_16ns_17ns_22_4_1
INFO: [VRFC 10-2263] Analyzing SystemVerilog file "F:/vivado_projects/EE4951_TaWork/ultra96ms2_418/solution1/sim/verilog/main_func_main_func_Pipeline_VITIS_LOOP_12_1_VITIS_LOOP_13_2_VITIS_LOOP_14_3.v" into library xil_defaultlib
INFO: [VRFC 10-311] analyzing module main_func_main_func_Pipeline_VITIS_LOOP_12_1_VITIS_LOOP_13_2_VITIS_LOOP_14_3
INFO: [VRFC 10-2263] Analyzing SystemVerilog file "F:/vivado_projects/EE4951_TaWork/ultra96ms2_418/solution1/sim/verilog/main_func_main_func_Pipeline_VITIS_LOOP_17_1_VITIS_LOOP_18_2_VITIS_LOOP_19_3.v" into library xil_defaultlib
INFO: [VRFC 10-311] analyzing module main_func_main_func_Pipeline_VITIS_LOOP_17_1_VITIS_LOOP_18_2_VITIS_LOOP_19_3
INFO: [VRFC 10-2263] Analyzing SystemVerilog file "F:/vivado_projects/EE4951_TaWork/ultra96ms2_418/solution1/sim/verilog/main_func_main_func_Pipeline_VITIS_LOOP_22_4.v" into library xil_defaultlib
INFO: [VRFC 10-311] analyzing module main_func_main_func_Pipeline_VITIS_LOOP_22_4
INFO: [VRFC 10-2263] Analyzing SystemVerilog file "F:/vivado_projects/EE4951_TaWork/ultra96ms2_418/solution1/sim/verilog/main_func_main_func_Pipeline_VITIS_LOOP_25_5_VITIS_LOOP_26_6.v" into library xil_defaultlib
INFO: [VRFC 10-311] analyzing module main_func_main_func_Pipeline_VITIS_LOOP_25_5_VITIS_LOOP_26_6
INFO: [VRFC 10-2263] Analyzing SystemVerilog file "F:/vivado_projects/EE4951_TaWork/ultra96ms2_418/solution1/sim/verilog/main_func_main_func_Pipeline_VITIS_LOOP_29_7.v" into library xil_defaultlib
INFO: [VRFC 10-311] analyzing module main_func_main_func_Pipeline_VITIS_LOOP_29_7
INFO: [VRFC 10-2263] Analyzing SystemVerilog file "F:/vivado_projects/EE4951_TaWork/ultra96ms2_418/solution1/sim/verilog/main_func_main_func_Pipeline_VITIS_LOOP_30_1_VITIS_LOOP_31_2_VITIS_LOOP_32_3.v" into library xil_defaultlib
INFO: [VRFC 10-311] analyzing module main_func_main_func_Pipeline_VITIS_LOOP_30_1_VITIS_LOOP_31_2_VITIS_LOOP_32_3
INFO: [VRFC 10-2263] Analyzing SystemVerilog file "F:/vivado_projects/EE4951_TaWork/ultra96ms2_418/solution1/sim/verilog/main_func_main_func_Pipeline_VITIS_LOOP_43_1_VITIS_LOOP_44_2_VITIS_LOOP_45_3.v" into library xil_defaultlib
INFO: [VRFC 10-311] analyzing module main_func_main_func_Pipeline_VITIS_LOOP_43_1_VITIS_LOOP_44_2_VITIS_LOOP_45_3
INFO: [VRFC 10-2263] Analyzing SystemVerilog file "F:/vivado_projects/EE4951_TaWork/ultra96ms2_418/solution1/sim/verilog/main_func_main_func_Pipeline_VITIS_LOOP_66_1_VITIS_LOOP_67_2_VITIS_LOOP_68_3.v" into library xil_defaultlib
INFO: [VRFC 10-311] analyzing module main_func_main_func_Pipeline_VITIS_LOOP_66_1_VITIS_LOOP_67_2_VITIS_LOOP_68_3
INFO: [VRFC 10-2263] Analyzing SystemVerilog file "F:/vivado_projects/EE4951_TaWork/ultra96ms2_418/solution1/sim/verilog/main_func_mul_16s_16s_29_1_1.v" into library xil_defaultlib
INFO: [VRFC 10-311] analyzing module main_func_mul_16s_16s_29_1_1
INFO: [VRFC 10-2263] Analyzing SystemVerilog file "F:/vivado_projects/EE4951_TaWork/ultra96ms2_418/solution1/sim/verilog/main_func_mul_3ns_15ns_17_1_1.v" into library xil_defaultlib
INFO: [VRFC 10-311] analyzing module main_func_mul_3ns_15ns_17_1_1
INFO: [VRFC 10-2263] Analyzing SystemVerilog file "F:/vivado_projects/EE4951_TaWork/ultra96ms2_418/solution1/sim/verilog/main_func_mul_6ns_8ns_13_1_1.v" into library xil_defaultlib
INFO: [VRFC 10-311] analyzing module main_func_mul_6ns_8ns_13_1_1
INFO: [VRFC 10-2263] Analyzing SystemVerilog file "F:/vivado_projects/EE4951_TaWork/ultra96ms2_418/solution1/sim/verilog/main_func_mul_7ns_9ns_15_1_1.v" into library xil_defaultlib
INFO: [VRFC 10-311] analyzing module main_func_mul_7ns_9ns_15_1_1
INFO: [VRFC 10-2263] Analyzing SystemVerilog file "F:/vivado_projects/EE4951_TaWork/ultra96ms2_418/solution1/sim/verilog/main_func_mux_3_2_16_1_1.v" into library xil_defaultlib
INFO: [VRFC 10-311] analyzing module main_func_mux_3_2_16_1_1
INFO: [VRFC 10-2263] Analyzing SystemVerilog file "F:/vivado_projects/EE4951_TaWork/ultra96ms2_418/solution1/sim/verilog/main_func_outBuffer1x1_RAM_AUTO_1R1W.v" into library xil_defaultlib
INFO: [VRFC 10-311] analyzing module main_func_outBuffer1x1_RAM_AUTO_1R1W
INFO: [VRFC 10-2263] Analyzing SystemVerilog file "F:/vivado_projects/EE4951_TaWork/ultra96ms2_418/solution1/sim/verilog/main_func_outBuffer3x3_0_RAM_AUTO_1R1W.v" into library xil_defaultlib
INFO: [VRFC 10-311] analyzing module main_func_outBuffer3x3_0_RAM_AUTO_1R1W
INFO: [VRFC 10-2263] Analyzing SystemVerilog file "F:/vivado_projects/EE4951_TaWork/ultra96ms2_418/solution1/sim/verilog/main_func_sparsemux_7_2_16_1_1.v" into library xil_defaultlib
INFO: [VRFC 10-311] analyzing module main_func_sparsemux_7_2_16_1_1
INFO: [VRFC 10-2263] Analyzing SystemVerilog file "F:/vivado_projects/EE4951_TaWork/ultra96ms2_418/solution1/sim/verilog/main_func_urem_6ns_3ns_2_10_1.v" into library xil_defaultlib
INFO: [VRFC 10-311] analyzing module main_func_urem_6ns_3ns_2_10_1_divider
INFO: [VRFC 10-311] analyzing module main_func_urem_6ns_3ns_2_10_1
INFO: [VRFC 10-2263] Analyzing SystemVerilog file "F:/vivado_projects/EE4951_TaWork/ultra96ms2_418/solution1/sim/verilog/main_func_urem_7ns_3ns_2_11_1.v" into library xil_defaultlib
INFO: [VRFC 10-311] analyzing module main_func_urem_7ns_3ns_2_11_1_divider
INFO: [VRFC 10-311] analyzing module main_func_urem_7ns_3ns_2_11_1
INFO: [VRFC 10-2263] Analyzing SystemVerilog file "F:/vivado_projects/EE4951_TaWork/ultra96ms2_418/solution1/sim/verilog/main_func_weight_buf1x1_0_RAM_AUTO_1R1W.v" into library xil_defaultlib
INFO: [VRFC 10-311] analyzing module main_func_weight_buf1x1_0_RAM_AUTO_1R1W
INFO: [VRFC 10-2263] Analyzing SystemVerilog file "F:/vivado_projects/EE4951_TaWork/ultra96ms2_418/solution1/sim/verilog/main_func_wt_m_axi.v" into library xil_defaultlib
INFO: [VRFC 10-311] analyzing module main_func_wt_m_axi
INFO: [VRFC 10-311] analyzing module main_func_wt_m_axi_load
INFO: [VRFC 10-311] analyzing module main_func_wt_m_axi_store
INFO: [VRFC 10-311] analyzing module main_func_wt_m_axi_read
INFO: [VRFC 10-311] analyzing module main_func_wt_m_axi_write
INFO: [VRFC 10-311] analyzing module main_func_wt_m_axi_burst_converter
INFO: [VRFC 10-311] analyzing module main_func_wt_m_axi_throttle
INFO: [VRFC 10-311] analyzing module main_func_wt_m_axi_reg_slice
INFO: [VRFC 10-311] analyzing module main_func_wt_m_axi_fifo
INFO: [VRFC 10-311] analyzing module main_func_wt_m_axi_srl
INFO: [VRFC 10-311] analyzing module main_func_wt_m_axi_mem
INFO: [VRFC 10-2263] Analyzing SystemVerilog file "F:/vivado_projects/EE4951_TaWork/ultra96ms2_418/solution1/sim/verilog/dataflow_monitor.sv" into library xil_defaultlib
INFO: [VRFC 10-311] analyzing module dataflow_monitor
Starting static elaboration
Pass Through NonSizing Optimizer
Completed static elaboration
Starting simulation data flow analysis
Completed simulation data flow analysis
Time Resolution for simulation is 1ps
Compiling package xil_defaultlib.$unit_dataflow_monitor_sv
Compiling module xil_defaultlib.main_func_weight_buf1x1_0_RAM_AU...
Compiling module xil_defaultlib.main_func_inBuffer3x3_0_0_RAM_AU...
Compiling module xil_defaultlib.main_func_outBuffer3x3_0_RAM_AUT...
Compiling module xil_defaultlib.main_func_outBuffer1x1_RAM_AUTO_...
Compiling module xil_defaultlib.main_func_flow_control_loop_pipe...
Compiling module xil_defaultlib.main_func_main_func_Pipeline_VIT...
Compiling module xil_defaultlib.main_func_main_func_Pipeline_VIT...
Compiling module xil_defaultlib.main_func_main_func_Pipeline_VIT...
Compiling module xil_defaultlib.main_func_main_func_Pipeline_VIT...
Compiling module xil_defaultlib.main_func_urem_7ns_3ns_2_11_1_di...
Compiling module xil_defaultlib.main_func_urem_7ns_3ns_2_11_1(NU...
Compiling module xil_defaultlib.main_func_urem_6ns_3ns_2_10_1_di...
Compiling module xil_defaultlib.main_func_urem_6ns_3ns_2_10_1(NU...
Compiling module xil_defaultlib.main_func_mul_6ns_8ns_13_1_1(NUM...
Compiling module xil_defaultlib.main_func_mul_7ns_9ns_15_1_1(NUM...
Compiling module xil_defaultlib.main_func_mac_muladd_2ns_16ns_15...
Compiling module xil_defaultlib.main_func_mac_muladd_2ns_16ns_15...
Compiling module xil_defaultlib.main_func_main_func_Pipeline_VIT...
Compiling module xil_defaultlib.main_func_sparsemux_7_2_16_1_1(d...
Compiling module xil_defaultlib.main_func_mux_3_2_16_1_1(ID=1,di...
Compiling module xil_defaultlib.main_func_mac_muladd_16s_16s_29n...
Compiling module xil_defaultlib.main_func_mac_muladd_16s_16s_29n...
Compiling module xil_defaultlib.main_func_main_func_Pipeline_VIT...
Compiling module xil_defaultlib.main_func_mul_16s_16s_29_1_1(NUM...
Compiling module xil_defaultlib.main_func_main_func_Pipeline_VIT...
Compiling module xil_defaultlib.main_func_mac_muladd_6ns_16ns_17...
Compiling module xil_defaultlib.main_func_mac_muladd_6ns_16ns_17...
Compiling module xil_defaultlib.main_func_main_func_Pipeline_VIT...
Compiling module xil_defaultlib.main_func_control_s_axi
Compiling module xil_defaultlib.main_func_fm_m_axi_srl(DATA_WIDT...
Compiling module xil_defaultlib.main_func_fm_m_axi_fifo(DATA_WID...
Compiling module xil_defaultlib.main_func_fm_m_axi_mem(MEM_STYLE...
Compiling module xil_defaultlib.main_func_fm_m_axi_fifo(MEM_STYL...
Compiling module xil_defaultlib.main_func_fm_m_axi_srl(ADDR_WIDT...
Compiling module xil_defaultlib.main_func_fm_m_axi_fifo(ADDR_WID...
Compiling module xil_defaultlib.main_func_fm_m_axi_srl(DATA_WIDT...
Compiling module xil_defaultlib.main_func_fm_m_axi_fifo(DATA_WID...
Compiling module xil_defaultlib.main_func_fm_m_axi_srl(DATA_WIDT...
Compiling module xil_defaultlib.main_func_fm_m_axi_fifo(DATA_WID...
Compiling module xil_defaultlib.main_func_fm_m_axi_store(NUM_WRI...
Compiling module xil_defaultlib.main_func_fm_m_axi_mem(MEM_STYLE...
Compiling module xil_defaultlib.main_func_fm_m_axi_fifo(MEM_STYL...
Compiling module xil_defaultlib.main_func_fm_m_axi_srl(DATA_WIDT...
Compiling module xil_defaultlib.main_func_fm_m_axi_fifo(DATA_WID...
Compiling module xil_defaultlib.main_func_fm_m_axi_load(NUM_READ...
Compiling module xil_defaultlib.main_func_fm_m_axi_reg_slice(DAT...
Compiling module xil_defaultlib.main_func_fm_m_axi_burst_convert...
Compiling module xil_defaultlib.main_func_fm_m_axi_srl(DATA_WIDT...
Compiling module xil_defaultlib.main_func_fm_m_axi_fifo(DATA_WID...
Compiling module xil_defaultlib.main_func_fm_m_axi_reg_slice(DAT...
Compiling module xil_defaultlib.main_func_fm_m_axi_srl(DATA_WIDT...
Compiling module xil_defaultlib.main_func_fm_m_axi_fifo(DATA_WID...
Compiling module xil_defaultlib.main_func_fm_m_axi_srl(DATA_WIDT...
Compiling module xil_defaultlib.main_func_fm_m_axi_fifo(DATA_WID...
Compiling module xil_defaultlib.main_func_fm_m_axi_throttle(CONS...
Compiling module xil_defaultlib.main_func_fm_m_axi_reg_slice(DAT...
Compiling module xil_defaultlib.main_func_fm_m_axi_write(CONSERV...
Compiling module xil_defaultlib.main_func_fm_m_axi_reg_slice(DAT...
Compiling module xil_defaultlib.main_func_fm_m_axi_read(C_USER_V...
Compiling module xil_defaultlib.main_func_fm_m_axi(CONSERVATIVE=...
Compiling module xil_defaultlib.main_func_wt_m_axi_srl(DATA_WIDT...
Compiling module xil_defaultlib.main_func_wt_m_axi_fifo(DATA_WID...
Compiling module xil_defaultlib.main_func_wt_m_axi_mem(MEM_STYLE...
Compiling module xil_defaultlib.main_func_wt_m_axi_fifo(MEM_STYL...
Compiling module xil_defaultlib.main_func_wt_m_axi_srl(ADDR_WIDT...
Compiling module xil_defaultlib.main_func_wt_m_axi_fifo(ADDR_WID...
Compiling module xil_defaultlib.main_func_wt_m_axi_srl(DATA_WIDT...
Compiling module xil_defaultlib.main_func_wt_m_axi_fifo(DATA_WID...
Compiling module xil_defaultlib.main_func_wt_m_axi_srl(DATA_WIDT...
Compiling module xil_defaultlib.main_func_wt_m_axi_fifo(DATA_WID...
Compiling module xil_defaultlib.main_func_wt_m_axi_store(NUM_WRI...
Compiling module xil_defaultlib.main_func_wt_m_axi_mem(MEM_STYLE...
Compiling module xil_defaultlib.main_func_wt_m_axi_fifo(MEM_STYL...
Compiling module xil_defaultlib.main_func_wt_m_axi_srl(DATA_WIDT...
Compiling module xil_defaultlib.main_func_wt_m_axi_fifo(DATA_WID...
Compiling module xil_defaultlib.main_func_wt_m_axi_load(NUM_READ...
Compiling module xil_defaultlib.main_func_wt_m_axi_reg_slice(DAT...
Compiling module xil_defaultlib.main_func_wt_m_axi_burst_convert...
Compiling module xil_defaultlib.main_func_wt_m_axi_srl(DATA_WIDT...
Compiling module xil_defaultlib.main_func_wt_m_axi_fifo(DATA_WID...
Compiling module xil_defaultlib.main_func_wt_m_axi_reg_slice(DAT...
Compiling module xil_defaultlib.main_func_wt_m_axi_srl(DATA_WIDT...
Compiling module xil_defaultlib.main_func_wt_m_axi_fifo(DATA_WID...
Compiling module xil_defaultlib.main_func_wt_m_axi_srl(DATA_WIDT...
Compiling module xil_defaultlib.main_func_wt_m_axi_fifo(DATA_WID...
Compiling module xil_defaultlib.main_func_wt_m_axi_throttle(CONS...
Compiling module xil_defaultlib.main_func_wt_m_axi_reg_slice(DAT...
Compiling module xil_defaultlib.main_func_wt_m_axi_write(CONSERV...
Compiling module xil_defaultlib.main_func_wt_m_axi_reg_slice(DAT...
Compiling module xil_defaultlib.main_func_wt_m_axi_read(C_USER_V...
Compiling module xil_defaultlib.main_func_wt_m_axi(CONSERVATIVE=...
Compiling module xil_defaultlib.main_func_mul_3ns_15ns_17_1_1(NU...
Compiling module xil_defaultlib.main_func
Compiling module xil_defaultlib.AESL_axi_master_fm
Compiling module xil_defaultlib.AESL_axi_master_wt
Compiling module xil_defaultlib.AESL_axi_slave_control
Compiling module xil_defaultlib.nodf_module_intf
Compiling module xil_defaultlib.seq_loop_intf(FSM_WIDTH=49)
Compiling module xil_defaultlib.upc_loop_intf(FSM_WIDTH=1)
Compiling module xil_defaultlib.dataflow_monitor_1
Compiling module xil_defaultlib.apatb_main_func_top
Compiling module work.glbl
Built simulation snapshot main_func
