#-----------------------------------------------------------
# xsim v2023.2.1 (64-bit)
# SW Build 4081461 on Thu Dec 14 12:24:51 MST 2023
# IP Build 4080415 on Thu Dec 14 21:01:57 MST 2023
# SharedData Build 4077621 on Mon Dec 11 00:23:44 MST 2023
# Start of session at: Fri Apr 19 11:00:55 2024
# Process ID: 2692
# Current directory: F:/vivado_projects/EE4951_TaWork/ultra96ms2_418/solution1/sim/verilog
# Command line: xsim.exe -mode tcl -source {xsim.dir/main_func/xsim_script.tcl}
# Log file: F:/vivado_projects/EE4951_TaWork/ultra96ms2_418/solution1/sim/verilog/xsim.log
# Journal file: F:/vivado_projects/EE4951_TaWork/ultra96ms2_418/solution1/sim/verilog\xsim.jou
# Running On: Lihanni, OS: Windows, CPU Frequency: 3187 MHz, CPU Physical cores: 12, Host memory: 34070 MB
#-----------------------------------------------------------
source xsim.dir/main_func/xsim_script.tcl
# xsim {main_func} -autoloadwcfg -tclbatch {main_func.tcl}
Time resolution is 1 ps
source main_func.tcl
## run all
////////////////////////////////////////////////////////////////////////////////////
// Inter-Transaction Progress: Completed Transaction / Total Transaction
// Intra-Transaction Progress: Measured Latency / Latency Estimation * 100%
//
// RTL Simulation : "Inter-Transaction Progress" ["Intra-Transaction Progress"] @ "Simulation Time"
////////////////////////////////////////////////////////////////////////////////////
// RTL Simulation : 0 / 1 [0.00%] @ "125000"
// RTL Simulation : 1 / 1 [100.00%] @ "57715805000"
////////////////////////////////////////////////////////////////////////////////////
$finish called at time : 57715865 ns : File "F:/vivado_projects/EE4951_TaWork/ultra96ms2_418/solution1/sim/verilog/main_func.autotb.v" Line 600
run: Time (s): cpu = 00:00:01 ; elapsed = 00:04:45 . Memory (MB): peak = 209.449 ; gain = 0.000
## quit
INFO: xsimkernel Simulation Memory Usage: 266784 KB (Peak: 266784 KB), Simulation CPU Usage: 186062 ms
INFO: [Common 17-206] Exiting xsim at Fri Apr 19 11:05:42 2024...
