

================================================================
== Vitis HLS Report for 'main_func_Pipeline_VITIS_LOOP_66_1_VITIS_LOOP_67_2_VITIS_LOOP_68_3'
================================================================
* Date:           Fri Apr 19 10:54:46 2024

* Version:        2023.2.1 (Build 4070103 on Dec 13 2023)
* Project:        ultra96ms2_418
* Solution:       solution1 (Vivado IP Flow Target)
* Product family: zynquplus
* Target device:  xczu3eg-sbva484-1-e


================================================================
== Performance Estimates
================================================================
+ Timing: 
    * Summary: 
    +--------+----------+----------+------------+
    |  Clock |  Target  | Estimated| Uncertainty|
    +--------+----------+----------+------------+
    |ap_clk  |  10.00 ns|  7.300 ns|     2.70 ns|
    +--------+----------+----------+------------+

+ Latency: 
    * Summary: 
    +---------+---------+----------+----------+--------+--------+---------+
    |  Latency (cycles) |  Latency (absolute) |     Interval    | Pipeline|
    |   min   |   max   |    min   |    max   |   min  |   max  |   Type  |
    +---------+---------+----------+----------+--------+--------+---------+
    |   153611|   153611|  1.536 ms|  1.536 ms|  153611|  153611|       no|
    +---------+---------+----------+----------+--------+--------+---------+

    + Detail: 
        * Instance: 
        N/A

        * Loop: 
        +---------------------------------------------------+---------+---------+----------+-----------+-----------+--------+----------+
        |                                                   |  Latency (cycles) | Iteration|  Initiation Interval  |  Trip  |          |
        |                     Loop Name                     |   min   |   max   |  Latency |  achieved |   target  |  Count | Pipelined|
        +---------------------------------------------------+---------+---------+----------+-----------+-----------+--------+----------+
        |- VITIS_LOOP_66_1_VITIS_LOOP_67_2_VITIS_LOOP_68_3  |   153609|   153609|        11|          1|          1|  153600|       yes|
        +---------------------------------------------------+---------+---------+----------+-----------+-----------+--------+----------+



================================================================
== Utilization Estimates
================================================================
* Summary: 
+-----------------+---------+-----+--------+-------+-----+
|       Name      | BRAM_18K| DSP |   FF   |  LUT  | URAM|
+-----------------+---------+-----+--------+-------+-----+
|DSP              |        -|    1|       -|      -|    -|
|Expression       |        -|    -|       0|    401|    -|
|FIFO             |        -|    -|       -|      -|    -|
|Instance         |        -|    -|       -|      -|    -|
|Memory           |        -|    -|       -|      -|    -|
|Multiplexer      |        -|    -|       -|    108|    -|
|Register         |        -|    -|     436|    128|    -|
+-----------------+---------+-----+--------+-------+-----+
|Total            |        0|    1|     436|    637|    0|
+-----------------+---------+-----+--------+-------+-----+
|Available        |      432|  360|  141120|  70560|    0|
+-----------------+---------+-----+--------+-------+-----+
|Utilization (%)  |        0|   ~0|      ~0|     ~0|    0|
+-----------------+---------+-----+--------+-------+-----+

+ Detail: 
    * Instance: 
    N/A

    * DSP: 
    +--------------------------------------+---------------------------------+--------------+
    |               Instance               |              Module             |  Expression  |
    +--------------------------------------+---------------------------------+--------------+
    |mac_muladd_6ns_16ns_17ns_22_4_1_U170  |mac_muladd_6ns_16ns_17ns_22_4_1  |  i0 + i1 * i2|
    +--------------------------------------+---------------------------------+--------------+

    * Memory: 
    N/A

    * FIFO: 
    N/A

    * Expression: 
    +------------------------------------+----------+----+---+----+------------+------------+
    |            Variable Name           | Operation| DSP| FF| LUT| Bitwidth P0| Bitwidth P1|
    +------------------------------------+----------+----+---+----+------------+------------+
    |add_ln66_1_fu_241_p2                |         +|   0|  0|  25|          18|           1|
    |add_ln66_fu_250_p2                  |         +|   0|  0|  13|           6|           1|
    |add_ln67_1_fu_274_p2                |         +|   0|  0|  20|          13|           1|
    |add_ln67_fu_338_p2                  |         +|   0|  0|  13|           6|           1|
    |add_ln68_fu_542_p2                  |         +|   0|  0|  14|           7|           1|
    |add_ln70_1_fu_495_p2                |         +|   0|  0|  17|          12|          12|
    |add_ln70_2_fu_521_p2                |         +|   0|  0|  18|          18|          18|
    |add_ln70_3_fu_531_p2                |         +|   0|  0|  18|          18|          18|
    |add_ln70_fu_485_p2                  |         +|   0|  0|  17|          12|          12|
    |empty_33_fu_420_p2                  |         +|   0|  0|  22|          22|          22|
    |empty_34_fu_438_p2                  |         +|   0|  0|  71|          64|          64|
    |tmp7_fu_414_p2                      |         +|   0|  0|  22|          22|          22|
    |and_ln66_fu_332_p2                  |       and|   0|  0|   2|           1|           1|
    |ap_block_pp0_stage0_01001           |       and|   0|  0|   2|           1|           1|
    |ap_block_state12_pp0_stage0_iter11  |       and|   0|  0|   2|           1|           1|
    |ap_block_state6_io                  |       and|   0|  0|   2|           1|           1|
    |icmp_ln66_fu_235_p2                 |      icmp|   0|  0|  25|          18|          18|
    |icmp_ln67_fu_256_p2                 |      icmp|   0|  0|  20|          13|          12|
    |icmp_ln68_1_fu_548_p2               |      icmp|   0|  0|  14|           7|           7|
    |icmp_ln68_fu_326_p2                 |      icmp|   0|  0|  14|           7|           7|
    |ap_block_pp0_stage0_11001           |        or|   0|  0|   2|           1|           1|
    |or_ln66_fu_316_p2                   |        or|   0|  0|   2|           1|           1|
    |or_ln67_1_fu_350_p2                 |        or|   0|  0|   2|           1|           1|
    |or_ln67_fu_344_p2                   |        or|   0|  0|   2|           1|           1|
    |select_ln66_1_fu_262_p3             |    select|   0|  0|   6|           1|           6|
    |select_ln66_fu_309_p3               |    select|   0|  0|   6|           1|           1|
    |select_ln67_1_fu_363_p3             |    select|   0|  0|   6|           1|           6|
    |select_ln67_2_fu_280_p3             |    select|   0|  0|  13|           1|           1|
    |select_ln67_fu_355_p3               |    select|   0|  0|   7|           1|           1|
    |ap_enable_pp0                       |       xor|   0|  0|   2|           1|           2|
    |xor_ln66_fu_321_p2                  |       xor|   0|  0|   2|           1|           2|
    +------------------------------------+----------+----+---+----+------------+------------+
    |Total                               |          |   0|  0| 401|         278|         244|
    +------------------------------------+----------+----+---+----+------------+------------+

    * Multiplexer: 
    +---------------------------------------+----+-----------+-----+-----------+
    |                  Name                 | LUT| Input Size| Bits| Total Bits|
    +---------------------------------------+----+-----------+-----+-----------+
    |ap_done_int                            |   9|          2|    1|          2|
    |ap_enable_reg_pp0_iter1                |   9|          2|    1|          2|
    |ap_enable_reg_pp0_iter5                |   9|          2|    1|          2|
    |ap_phi_mux_first_iter_7_phi_fu_192_p4  |   9|          2|    1|          2|
    |c_fu_132                               |   9|          2|    6|         12|
    |fm_blk_n_AW                            |   9|          2|    1|          2|
    |fm_blk_n_B                             |   9|          2|    1|          2|
    |fm_blk_n_W                             |   9|          2|    1|          2|
    |h_fu_124                               |   9|          2|    6|         12|
    |indvar_flatten86_fu_128                |   9|          2|   13|         26|
    |indvar_flatten99_fu_136                |   9|          2|   18|         36|
    |w_fu_120                               |   9|          2|    7|         14|
    +---------------------------------------+----+-----------+-----+-----------+
    |Total                                  | 108|         24|   57|        114|
    +---------------------------------------+----+-----------+-----+-----------+

    * Register: 
    +-----------------------------------+----+----+-----+-----------+
    |                Name               | FF | LUT| Bits| Const Bits|
    +-----------------------------------+----+----+-----+-----------+
    |ap_CS_fsm                          |   1|   0|    1|          0|
    |ap_done_reg                        |   1|   0|    1|          0|
    |ap_enable_reg_pp0_iter1            |   1|   0|    1|          0|
    |ap_enable_reg_pp0_iter10           |   1|   0|    1|          0|
    |ap_enable_reg_pp0_iter11           |   1|   0|    1|          0|
    |ap_enable_reg_pp0_iter2            |   1|   0|    1|          0|
    |ap_enable_reg_pp0_iter3            |   1|   0|    1|          0|
    |ap_enable_reg_pp0_iter4            |   1|   0|    1|          0|
    |ap_enable_reg_pp0_iter5            |   1|   0|    1|          0|
    |ap_enable_reg_pp0_iter6            |   1|   0|    1|          0|
    |ap_enable_reg_pp0_iter7            |   1|   0|    1|          0|
    |ap_enable_reg_pp0_iter8            |   1|   0|    1|          0|
    |ap_enable_reg_pp0_iter9            |   1|   0|    1|          0|
    |ap_loop_exit_ready_pp0_iter10_reg  |   1|   0|    1|          0|
    |ap_loop_exit_ready_pp0_iter2_reg   |   1|   0|    1|          0|
    |ap_loop_exit_ready_pp0_iter3_reg   |   1|   0|    1|          0|
    |ap_loop_exit_ready_pp0_iter4_reg   |   1|   0|    1|          0|
    |ap_loop_exit_ready_pp0_iter5_reg   |   1|   0|    1|          0|
    |ap_loop_exit_ready_pp0_iter6_reg   |   1|   0|    1|          0|
    |ap_loop_exit_ready_pp0_iter7_reg   |   1|   0|    1|          0|
    |ap_loop_exit_ready_pp0_iter8_reg   |   1|   0|    1|          0|
    |ap_loop_exit_ready_pp0_iter9_reg   |   1|   0|    1|          0|
    |c_fu_132                           |   6|   0|    6|          0|
    |first_iter_7_reg_187               |   1|   0|    1|          0|
    |fm_addr_reg_650                    |  64|   0|   64|          0|
    |h_fu_124                           |   6|   0|    6|          0|
    |icmp_ln66_reg_623                  |   1|   0|    1|          0|
    |icmp_ln67_reg_627                  |   1|   0|    1|          0|
    |icmp_ln68_1_reg_661                |   1|   0|    1|          0|
    |indvar_flatten86_fu_128            |  13|   0|   13|          0|
    |indvar_flatten99_fu_136            |  18|   0|   18|          0|
    |or_ln67_reg_646                    |   1|   0|    1|          0|
    |outBuffer1x1_load_reg_665          |  16|   0|   16|          0|
    |select_ln66_1_reg_635              |   6|   0|    6|          0|
    |w_fu_120                           |   7|   0|    7|          0|
    |zext_ln62_1_cast_reg_618           |  17|   0|   22|          5|
    |icmp_ln66_reg_623                  |  64|  32|    1|          0|
    |icmp_ln67_reg_627                  |  64|  32|    1|          0|
    |icmp_ln68_1_reg_661                |  64|  32|    1|          0|
    |select_ln66_1_reg_635              |  64|  32|    6|          0|
    +-----------------------------------+----+----+-----+-----------+
    |Total                              | 436| 128|  194|          5|
    +-----------------------------------+----+----+-----+-----------+



================================================================
== Interface
================================================================
* Summary: 
+-----------------------+-----+-----+------------+--------------------------------------------------------------------+--------------+
|       RTL Ports       | Dir | Bits|  Protocol  |                            Source Object                           |    C Type    |
+-----------------------+-----+-----+------------+--------------------------------------------------------------------+--------------+
|ap_clk                 |   in|    1|  ap_ctrl_hs|  main_func_Pipeline_VITIS_LOOP_66_1_VITIS_LOOP_67_2_VITIS_LOOP_68_3|  return value|
|ap_rst                 |   in|    1|  ap_ctrl_hs|  main_func_Pipeline_VITIS_LOOP_66_1_VITIS_LOOP_67_2_VITIS_LOOP_68_3|  return value|
|ap_start               |   in|    1|  ap_ctrl_hs|  main_func_Pipeline_VITIS_LOOP_66_1_VITIS_LOOP_67_2_VITIS_LOOP_68_3|  return value|
|ap_done                |  out|    1|  ap_ctrl_hs|  main_func_Pipeline_VITIS_LOOP_66_1_VITIS_LOOP_67_2_VITIS_LOOP_68_3|  return value|
|ap_idle                |  out|    1|  ap_ctrl_hs|  main_func_Pipeline_VITIS_LOOP_66_1_VITIS_LOOP_67_2_VITIS_LOOP_68_3|  return value|
|ap_ready               |  out|    1|  ap_ctrl_hs|  main_func_Pipeline_VITIS_LOOP_66_1_VITIS_LOOP_67_2_VITIS_LOOP_68_3|  return value|
|m_axi_fm_AWVALID       |  out|    1|       m_axi|                                                                  fm|       pointer|
|m_axi_fm_AWREADY       |   in|    1|       m_axi|                                                                  fm|       pointer|
|m_axi_fm_AWADDR        |  out|   64|       m_axi|                                                                  fm|       pointer|
|m_axi_fm_AWID          |  out|    1|       m_axi|                                                                  fm|       pointer|
|m_axi_fm_AWLEN         |  out|   32|       m_axi|                                                                  fm|       pointer|
|m_axi_fm_AWSIZE        |  out|    3|       m_axi|                                                                  fm|       pointer|
|m_axi_fm_AWBURST       |  out|    2|       m_axi|                                                                  fm|       pointer|
|m_axi_fm_AWLOCK        |  out|    2|       m_axi|                                                                  fm|       pointer|
|m_axi_fm_AWCACHE       |  out|    4|       m_axi|                                                                  fm|       pointer|
|m_axi_fm_AWPROT        |  out|    3|       m_axi|                                                                  fm|       pointer|
|m_axi_fm_AWQOS         |  out|    4|       m_axi|                                                                  fm|       pointer|
|m_axi_fm_AWREGION      |  out|    4|       m_axi|                                                                  fm|       pointer|
|m_axi_fm_AWUSER        |  out|    1|       m_axi|                                                                  fm|       pointer|
|m_axi_fm_WVALID        |  out|    1|       m_axi|                                                                  fm|       pointer|
|m_axi_fm_WREADY        |   in|    1|       m_axi|                                                                  fm|       pointer|
|m_axi_fm_WDATA         |  out|   16|       m_axi|                                                                  fm|       pointer|
|m_axi_fm_WSTRB         |  out|    2|       m_axi|                                                                  fm|       pointer|
|m_axi_fm_WLAST         |  out|    1|       m_axi|                                                                  fm|       pointer|
|m_axi_fm_WID           |  out|    1|       m_axi|                                                                  fm|       pointer|
|m_axi_fm_WUSER         |  out|    1|       m_axi|                                                                  fm|       pointer|
|m_axi_fm_ARVALID       |  out|    1|       m_axi|                                                                  fm|       pointer|
|m_axi_fm_ARREADY       |   in|    1|       m_axi|                                                                  fm|       pointer|
|m_axi_fm_ARADDR        |  out|   64|       m_axi|                                                                  fm|       pointer|
|m_axi_fm_ARID          |  out|    1|       m_axi|                                                                  fm|       pointer|
|m_axi_fm_ARLEN         |  out|   32|       m_axi|                                                                  fm|       pointer|
|m_axi_fm_ARSIZE        |  out|    3|       m_axi|                                                                  fm|       pointer|
|m_axi_fm_ARBURST       |  out|    2|       m_axi|                                                                  fm|       pointer|
|m_axi_fm_ARLOCK        |  out|    2|       m_axi|                                                                  fm|       pointer|
|m_axi_fm_ARCACHE       |  out|    4|       m_axi|                                                                  fm|       pointer|
|m_axi_fm_ARPROT        |  out|    3|       m_axi|                                                                  fm|       pointer|
|m_axi_fm_ARQOS         |  out|    4|       m_axi|                                                                  fm|       pointer|
|m_axi_fm_ARREGION      |  out|    4|       m_axi|                                                                  fm|       pointer|
|m_axi_fm_ARUSER        |  out|    1|       m_axi|                                                                  fm|       pointer|
|m_axi_fm_RVALID        |   in|    1|       m_axi|                                                                  fm|       pointer|
|m_axi_fm_RREADY        |  out|    1|       m_axi|                                                                  fm|       pointer|
|m_axi_fm_RDATA         |   in|   16|       m_axi|                                                                  fm|       pointer|
|m_axi_fm_RLAST         |   in|    1|       m_axi|                                                                  fm|       pointer|
|m_axi_fm_RID           |   in|    1|       m_axi|                                                                  fm|       pointer|
|m_axi_fm_RFIFONUM      |   in|   10|       m_axi|                                                                  fm|       pointer|
|m_axi_fm_RUSER         |   in|    1|       m_axi|                                                                  fm|       pointer|
|m_axi_fm_RRESP         |   in|    2|       m_axi|                                                                  fm|       pointer|
|m_axi_fm_BVALID        |   in|    1|       m_axi|                                                                  fm|       pointer|
|m_axi_fm_BREADY        |  out|    1|       m_axi|                                                                  fm|       pointer|
|m_axi_fm_BRESP         |   in|    2|       m_axi|                                                                  fm|       pointer|
|m_axi_fm_BID           |   in|    1|       m_axi|                                                                  fm|       pointer|
|m_axi_fm_BUSER         |   in|    1|       m_axi|                                                                  fm|       pointer|
|zext_ln62_1            |   in|   17|     ap_none|                                                         zext_ln62_1|        scalar|
|empty                  |   in|    2|     ap_none|                                                               empty|        scalar|
|output_feature_map     |   in|   64|     ap_none|                                                  output_feature_map|        scalar|
|outBuffer1x1_address0  |  out|   18|   ap_memory|                                                        outBuffer1x1|         array|
|outBuffer1x1_ce0       |  out|    1|   ap_memory|                                                        outBuffer1x1|         array|
|outBuffer1x1_q0        |   in|   16|   ap_memory|                                                        outBuffer1x1|         array|
+-----------------------+-----+-----+------------+--------------------------------------------------------------------+--------------+

