

================================================================
== Vitis HLS Report for 'main_func_Pipeline_VITIS_LOOP_43_1_VITIS_LOOP_44_2_VITIS_LOOP_45_3'
================================================================
* Date:           Fri Apr 19 10:54:44 2024

* Version:        2023.2.1 (Build 4070103 on Dec 13 2023)
* Project:        ultra96ms2_418
* Solution:       solution1 (Vivado IP Flow Target)
* Product family: zynquplus
* Target device:  xczu3eg-sbva484-1-e


================================================================
== Performance Estimates
================================================================
+ Timing: 
    * Summary: 
    +--------+----------+----------+------------+
    |  Clock |  Target  | Estimated| Uncertainty|
    +--------+----------+----------+------------+
    |ap_clk  |  10.00 ns|  7.300 ns|     2.70 ns|
    +--------+----------+----------+------------+

+ Latency: 
    * Summary: 
    +---------+---------+----------+----------+-------+-------+---------+
    |  Latency (cycles) |  Latency (absolute) |    Interval   | Pipeline|
    |   min   |   max   |    min   |    max   |  min  |  max  |   Type  |
    +---------+---------+----------+----------+-------+-------+---------+
    |    10346|    10346|  0.103 ms|  0.103 ms|  10346|  10346|       no|
    +---------+---------+----------+----------+-------+-------+---------+

    + Detail: 
        * Instance: 
        N/A

        * Loop: 
        +---------------------------------------------------+---------+---------+----------+-----------+-----------+-------+----------+
        |                                                   |  Latency (cycles) | Iteration|  Initiation Interval  |  Trip |          |
        |                     Loop Name                     |   min   |   max   |  Latency |  achieved |   target  | Count | Pipelined|
        +---------------------------------------------------+---------+---------+----------+-----------+-----------+-------+----------+
        |- VITIS_LOOP_43_1_VITIS_LOOP_44_2_VITIS_LOOP_45_3  |    10344|    10344|        14|          1|          1|  10332|       yes|
        +---------------------------------------------------+---------+---------+----------+-----------+-----------+-------+----------+



================================================================
== Utilization Estimates
================================================================
* Summary: 
+-----------------+---------+-----+--------+-------+-----+
|       Name      | BRAM_18K| DSP |   FF   |  LUT  | URAM|
+-----------------+---------+-----+--------+-------+-----+
|DSP              |        -|    1|       -|      -|    -|
|Expression       |        -|    -|       0|    479|    -|
|FIFO             |        -|    -|       -|      -|    -|
|Instance         |        -|    0|     286|    245|    -|
|Memory           |        -|    -|       -|      -|    -|
|Multiplexer      |        -|    -|       -|     90|    -|
|Register         |        -|    -|    1273|    480|    -|
+-----------------+---------+-----+--------+-------+-----+
|Total            |        0|    1|    1559|   1294|    0|
+-----------------+---------+-----+--------+-------+-----+
|Available        |      432|  360|  141120|  70560|    0|
+-----------------+---------+-----+--------+-------+-----+
|Utilization (%)  |        0|   ~0|       1|      1|    0|
+-----------------+---------+-----+--------+-------+-----+

+ Detail: 
    * Instance: 
    +-------------------------+---------------------+---------+----+-----+----+-----+
    |         Instance        |        Module       | BRAM_18K| DSP|  FF | LUT| URAM|
    +-------------------------+---------------------+---------+----+-----+----+-----+
    |mul_6ns_8ns_13_1_1_U45   |mul_6ns_8ns_13_1_1   |        0|   0|    0|  40|    0|
    |mul_7ns_9ns_15_1_1_U46   |mul_7ns_9ns_15_1_1   |        0|   0|    0|  50|    0|
    |urem_6ns_3ns_2_10_1_U44  |urem_6ns_3ns_2_10_1  |        0|   0|  128|  68|    0|
    |urem_7ns_3ns_2_11_1_U43  |urem_7ns_3ns_2_11_1  |        0|   0|  158|  87|    0|
    +-------------------------+---------------------+---------+----+-----+----+-----+
    |Total                    |                     |        0|   0|  286| 245|    0|
    +-------------------------+---------------------+---------+----+-----+----+-----+

    * DSP: 
    +------------------------------------+--------------------------------+--------------+
    |              Instance              |             Module             |  Expression  |
    +------------------------------------+--------------------------------+--------------+
    |mac_muladd_2ns_16ns_15s_18_4_1_U47  |mac_muladd_2ns_16ns_15s_18_4_1  |  i0 + i1 * i2|
    +------------------------------------+--------------------------------+--------------+

    * Memory: 
    N/A

    * FIFO: 
    N/A

    * Expression: 
    +------------------------------------+----------+----+---+----+------------+------------+
    |            Variable Name           | Operation| DSP| FF| LUT| Bitwidth P0| Bitwidth P1|
    +------------------------------------+----------+----+---+----+------------+------------+
    |add_ln43_1_fu_411_p2                |         +|   0|  0|  21|          14|           1|
    |add_ln43_fu_423_p2                  |         +|   0|  0|   9|           2|           1|
    |add_ln44_1_fu_491_p2                |         +|   0|  0|  20|          13|           1|
    |add_ln44_fu_535_p2                  |         +|   0|  0|  13|           6|           1|
    |add_ln45_fu_485_p2                  |         +|   0|  0|  14|           7|           1|
    |add_ln47_1_fu_755_p2                |         +|   0|  0|  17|          10|          10|
    |add_ln47_fu_745_p2                  |         +|   0|  0|  15|           8|           2|
    |add_ln48_fu_703_p2                  |         +|   0|  0|  25|          18|          18|
    |add_ln50_1_fu_739_p2                |         +|   0|  0|  17|          11|          11|
    |add_ln50_fu_656_p2                  |         +|   0|  0|  15|           8|           8|
    |add_ln53_1_fu_776_p2                |         +|   0|  0|  25|          18|          18|
    |add_ln53_fu_794_p2                  |         +|   0|  0|  71|          64|          64|
    |empty_36_fu_603_p2                  |         +|   0|  0|  16|           9|           9|
    |tmp3_fu_593_p2                      |         +|   0|  0|  14|           7|           2|
    |sub_ln50_1_fu_686_p2                |         -|   0|  0|  17|          11|          11|
    |sub_ln50_fu_643_p2                  |         -|   0|  0|  14|           7|           7|
    |and_ln43_fu_447_p2                  |       and|   0|  0|   2|           1|           1|
    |ap_block_state14_pp0_stage0_iter13  |       and|   0|  0|   2|           1|           1|
    |ap_block_state6_io                  |       and|   0|  0|   2|           1|           1|
    |ap_predicate_pred504_state15        |       and|   0|  0|   2|           1|           1|
    |ap_predicate_pred513_state15        |       and|   0|  0|   2|           1|           1|
    |ap_predicate_pred525_state15        |       and|   0|  0|   2|           1|           1|
    |ap_predicate_pred535_state15        |       and|   0|  0|   2|           1|           1|
    |ap_predicate_pred541_state15        |       and|   0|  0|   2|           1|           1|
    |ap_predicate_pred549_state15        |       and|   0|  0|   2|           1|           1|
    |ap_predicate_pred563_state15        |       and|   0|  0|   2|           1|           1|
    |ap_predicate_pred569_state15        |       and|   0|  0|   2|           1|           1|
    |ap_predicate_pred577_state15        |       and|   0|  0|   2|           1|           1|
    |empty_37_fu_708_p2                  |      icmp|   0|  0|  16|           9|           8|
    |icmp_ln43_fu_405_p2                 |      icmp|   0|  0|  21|          14|          14|
    |icmp_ln44_fu_429_p2                 |      icmp|   0|  0|  20|          13|          12|
    |icmp_ln45_fu_441_p2                 |      icmp|   0|  0|  14|           7|           7|
    |icmp_ln49_fu_764_p2                 |      icmp|   0|  0|  17|          10|           9|
    |ap_block_pp0_stage0_11001           |        or|   0|  0|   2|           1|           1|
    |or_ln44_fu_461_p2                   |        or|   0|  0|   2|           1|           1|
    |or_ln49_fu_770_p2                   |        or|   0|  0|   2|           1|           1|
    |grp_fu_548_p0                       |    select|   0|  0|   6|           1|           6|
    |select_ln43_1_fu_453_p3             |    select|   0|  0|   2|           1|           2|
    |select_ln43_fu_528_p3               |    select|   0|  0|   6|           1|           1|
    |select_ln44_2_fu_497_p3             |    select|   0|  0|  13|           1|           1|
    |select_ln44_fu_467_p3               |    select|   0|  0|   7|           1|           1|
    |ap_enable_pp0                       |       xor|   0|  0|   2|           1|           2|
    |xor_ln43_fu_435_p2                  |       xor|   0|  0|   2|           1|           2|
    +------------------------------------+----------+----+---+----+------------+------------+
    |Total                               |          |   0|  0| 479|         288|         245|
    +------------------------------------+----------+----+---+----+------------+------------+

    * Multiplexer: 
    +-------------------------+----+-----------+-----+-----------+
    |           Name          | LUT| Input Size| Bits| Total Bits|
    +-------------------------+----+-----------+-----+-----------+
    |ap_done_int              |   9|          2|    1|          2|
    |ap_enable_reg_pp0_iter1  |   9|          2|    1|          2|
    |ap_enable_reg_pp0_iter2  |   9|          2|    1|          2|
    |c_fu_170                 |   9|          2|    2|          4|
    |fm_blk_n_AR              |   9|          2|    1|          2|
    |fm_blk_n_R               |   9|          2|    1|          2|
    |h_fu_162                 |   9|          2|    6|         12|
    |indvar_flatten24_fu_166  |   9|          2|   13|         26|
    |indvar_flatten37_fu_174  |   9|          2|   14|         28|
    |w_fu_158                 |   9|          2|    7|         14|
    +-------------------------+----+-----------+-----+-----------+
    |Total                    |  90|         20|   47|         94|
    +-------------------------+----+-----------+-----+-----------+

    * Register: 
    +-----------------------------------+----+----+-----+-----------+
    |                Name               | FF | LUT| Bits| Const Bits|
    +-----------------------------------+----+----+-----+-----------+
    |add_ln50_1_reg_954                 |  11|   0|   11|          0|
    |and_ln43_reg_908                   |   1|   0|    1|          0|
    |ap_CS_fsm                          |   1|   0|    1|          0|
    |ap_done_reg                        |   1|   0|    1|          0|
    |ap_enable_reg_pp0_iter1            |   1|   0|    1|          0|
    |ap_enable_reg_pp0_iter10           |   1|   0|    1|          0|
    |ap_enable_reg_pp0_iter11           |   1|   0|    1|          0|
    |ap_enable_reg_pp0_iter12           |   1|   0|    1|          0|
    |ap_enable_reg_pp0_iter13           |   1|   0|    1|          0|
    |ap_enable_reg_pp0_iter14           |   1|   0|    1|          0|
    |ap_enable_reg_pp0_iter2            |   1|   0|    1|          0|
    |ap_enable_reg_pp0_iter3            |   1|   0|    1|          0|
    |ap_enable_reg_pp0_iter4            |   1|   0|    1|          0|
    |ap_enable_reg_pp0_iter5            |   1|   0|    1|          0|
    |ap_enable_reg_pp0_iter6            |   1|   0|    1|          0|
    |ap_enable_reg_pp0_iter7            |   1|   0|    1|          0|
    |ap_enable_reg_pp0_iter8            |   1|   0|    1|          0|
    |ap_enable_reg_pp0_iter9            |   1|   0|    1|          0|
    |ap_loop_exit_ready_pp0_iter10_reg  |   1|   0|    1|          0|
    |ap_loop_exit_ready_pp0_iter11_reg  |   1|   0|    1|          0|
    |ap_loop_exit_ready_pp0_iter12_reg  |   1|   0|    1|          0|
    |ap_loop_exit_ready_pp0_iter13_reg  |   1|   0|    1|          0|
    |ap_loop_exit_ready_pp0_iter2_reg   |   1|   0|    1|          0|
    |ap_loop_exit_ready_pp0_iter3_reg   |   1|   0|    1|          0|
    |ap_loop_exit_ready_pp0_iter4_reg   |   1|   0|    1|          0|
    |ap_loop_exit_ready_pp0_iter5_reg   |   1|   0|    1|          0|
    |ap_loop_exit_ready_pp0_iter6_reg   |   1|   0|    1|          0|
    |ap_loop_exit_ready_pp0_iter7_reg   |   1|   0|    1|          0|
    |ap_loop_exit_ready_pp0_iter8_reg   |   1|   0|    1|          0|
    |ap_loop_exit_ready_pp0_iter9_reg   |   1|   0|    1|          0|
    |ap_predicate_pred504_state15       |   1|   0|    1|          0|
    |ap_predicate_pred513_state15       |   1|   0|    1|          0|
    |ap_predicate_pred525_state15       |   1|   0|    1|          0|
    |ap_predicate_pred535_state15       |   1|   0|    1|          0|
    |ap_predicate_pred541_state15       |   1|   0|    1|          0|
    |ap_predicate_pred549_state15       |   1|   0|    1|          0|
    |ap_predicate_pred563_state15       |   1|   0|    1|          0|
    |ap_predicate_pred569_state15       |   1|   0|    1|          0|
    |ap_predicate_pred577_state15       |   1|   0|    1|          0|
    |c_fu_170                           |   2|   0|    2|          0|
    |empty_36_reg_943                   |   9|   0|    9|          0|
    |fm_addr_read_reg_1022              |  16|   0|   16|          0|
    |fm_addr_reg_963                    |  64|   0|   64|          0|
    |h_fu_162                           |   6|   0|    6|          0|
    |icmp_ln44_reg_903                  |   1|   0|    1|          0|
    |inBuffer3x3_0_0_addr_reg_973       |  11|   0|   11|          0|
    |inBuffer3x3_0_1_addr_reg_978       |  11|   0|   11|          0|
    |inBuffer3x3_0_2_addr_reg_983       |  11|   0|   11|          0|
    |inBuffer3x3_1_0_addr_reg_988       |  11|   0|   11|          0|
    |inBuffer3x3_1_1_addr_reg_993       |  11|   0|   11|          0|
    |inBuffer3x3_1_2_addr_reg_998       |  11|   0|   11|          0|
    |inBuffer3x3_2_0_addr_reg_1003      |  11|   0|   11|          0|
    |inBuffer3x3_2_1_addr_reg_1008      |  11|   0|   11|          0|
    |inBuffer3x3_2_2_addr_reg_1013      |  11|   0|   11|          0|
    |indvar_flatten24_fu_166            |  13|   0|   13|          0|
    |indvar_flatten37_fu_174            |  14|   0|   14|          0|
    |or_ln49_reg_959                    |   1|   0|    1|          0|
    |select_ln43_1_reg_913              |   2|   0|    2|          0|
    |select_ln44_1_reg_931              |   6|   0|    6|          0|
    |select_ln44_reg_919                |   7|   0|    7|          0|
    |tmp_9_reg_938                      |   5|   0|    5|          0|
    |trunc_ln44_reg_969                 |   2|   0|    2|          0|
    |trunc_ln45_reg_1018                |   2|   0|    2|          0|
    |w_fu_158                           |   7|   0|    7|          0|
    |zext_ln43_cast_reg_894             |   8|   0|   10|          2|
    |add_ln50_1_reg_954                 |  64|  32|   11|          0|
    |inBuffer3x3_0_0_addr_reg_973       |  64|  32|   11|          0|
    |inBuffer3x3_0_1_addr_reg_978       |  64|  32|   11|          0|
    |inBuffer3x3_0_2_addr_reg_983       |  64|  32|   11|          0|
    |inBuffer3x3_1_0_addr_reg_988       |  64|  32|   11|          0|
    |inBuffer3x3_1_1_addr_reg_993       |  64|  32|   11|          0|
    |inBuffer3x3_1_2_addr_reg_998       |  64|  32|   11|          0|
    |inBuffer3x3_2_0_addr_reg_1003      |  64|  32|   11|          0|
    |inBuffer3x3_2_1_addr_reg_1008      |  64|  32|   11|          0|
    |inBuffer3x3_2_2_addr_reg_1013      |  64|  32|   11|          0|
    |or_ln49_reg_959                    |  64|  32|    1|          0|
    |select_ln43_1_reg_913              |  64|  32|    2|          0|
    |select_ln44_reg_919                |  64|  32|    7|          0|
    |trunc_ln44_reg_969                 |  64|  32|    2|          0|
    |trunc_ln45_reg_1018                |  64|  32|    2|          0|
    +-----------------------------------+----+----+-----+-----------+
    |Total                              |1273| 480|  439|          2|
    +-----------------------------------+----+----+-----+-----------+



================================================================
== Interface
================================================================
* Summary: 
+--------------------------+-----+-----+------------+--------------------------------------------------------------------+--------------+
|         RTL Ports        | Dir | Bits|  Protocol  |                            Source Object                           |    C Type    |
+--------------------------+-----+-----+------------+--------------------------------------------------------------------+--------------+
|ap_clk                    |   in|    1|  ap_ctrl_hs|  main_func_Pipeline_VITIS_LOOP_43_1_VITIS_LOOP_44_2_VITIS_LOOP_45_3|  return value|
|ap_rst                    |   in|    1|  ap_ctrl_hs|  main_func_Pipeline_VITIS_LOOP_43_1_VITIS_LOOP_44_2_VITIS_LOOP_45_3|  return value|
|ap_start                  |   in|    1|  ap_ctrl_hs|  main_func_Pipeline_VITIS_LOOP_43_1_VITIS_LOOP_44_2_VITIS_LOOP_45_3|  return value|
|ap_done                   |  out|    1|  ap_ctrl_hs|  main_func_Pipeline_VITIS_LOOP_43_1_VITIS_LOOP_44_2_VITIS_LOOP_45_3|  return value|
|ap_idle                   |  out|    1|  ap_ctrl_hs|  main_func_Pipeline_VITIS_LOOP_43_1_VITIS_LOOP_44_2_VITIS_LOOP_45_3|  return value|
|ap_ready                  |  out|    1|  ap_ctrl_hs|  main_func_Pipeline_VITIS_LOOP_43_1_VITIS_LOOP_44_2_VITIS_LOOP_45_3|  return value|
|m_axi_fm_AWVALID          |  out|    1|       m_axi|                                                                  fm|       pointer|
|m_axi_fm_AWREADY          |   in|    1|       m_axi|                                                                  fm|       pointer|
|m_axi_fm_AWADDR           |  out|   64|       m_axi|                                                                  fm|       pointer|
|m_axi_fm_AWID             |  out|    1|       m_axi|                                                                  fm|       pointer|
|m_axi_fm_AWLEN            |  out|   32|       m_axi|                                                                  fm|       pointer|
|m_axi_fm_AWSIZE           |  out|    3|       m_axi|                                                                  fm|       pointer|
|m_axi_fm_AWBURST          |  out|    2|       m_axi|                                                                  fm|       pointer|
|m_axi_fm_AWLOCK           |  out|    2|       m_axi|                                                                  fm|       pointer|
|m_axi_fm_AWCACHE          |  out|    4|       m_axi|                                                                  fm|       pointer|
|m_axi_fm_AWPROT           |  out|    3|       m_axi|                                                                  fm|       pointer|
|m_axi_fm_AWQOS            |  out|    4|       m_axi|                                                                  fm|       pointer|
|m_axi_fm_AWREGION         |  out|    4|       m_axi|                                                                  fm|       pointer|
|m_axi_fm_AWUSER           |  out|    1|       m_axi|                                                                  fm|       pointer|
|m_axi_fm_WVALID           |  out|    1|       m_axi|                                                                  fm|       pointer|
|m_axi_fm_WREADY           |   in|    1|       m_axi|                                                                  fm|       pointer|
|m_axi_fm_WDATA            |  out|   16|       m_axi|                                                                  fm|       pointer|
|m_axi_fm_WSTRB            |  out|    2|       m_axi|                                                                  fm|       pointer|
|m_axi_fm_WLAST            |  out|    1|       m_axi|                                                                  fm|       pointer|
|m_axi_fm_WID              |  out|    1|       m_axi|                                                                  fm|       pointer|
|m_axi_fm_WUSER            |  out|    1|       m_axi|                                                                  fm|       pointer|
|m_axi_fm_ARVALID          |  out|    1|       m_axi|                                                                  fm|       pointer|
|m_axi_fm_ARREADY          |   in|    1|       m_axi|                                                                  fm|       pointer|
|m_axi_fm_ARADDR           |  out|   64|       m_axi|                                                                  fm|       pointer|
|m_axi_fm_ARID             |  out|    1|       m_axi|                                                                  fm|       pointer|
|m_axi_fm_ARLEN            |  out|   32|       m_axi|                                                                  fm|       pointer|
|m_axi_fm_ARSIZE           |  out|    3|       m_axi|                                                                  fm|       pointer|
|m_axi_fm_ARBURST          |  out|    2|       m_axi|                                                                  fm|       pointer|
|m_axi_fm_ARLOCK           |  out|    2|       m_axi|                                                                  fm|       pointer|
|m_axi_fm_ARCACHE          |  out|    4|       m_axi|                                                                  fm|       pointer|
|m_axi_fm_ARPROT           |  out|    3|       m_axi|                                                                  fm|       pointer|
|m_axi_fm_ARQOS            |  out|    4|       m_axi|                                                                  fm|       pointer|
|m_axi_fm_ARREGION         |  out|    4|       m_axi|                                                                  fm|       pointer|
|m_axi_fm_ARUSER           |  out|    1|       m_axi|                                                                  fm|       pointer|
|m_axi_fm_RVALID           |   in|    1|       m_axi|                                                                  fm|       pointer|
|m_axi_fm_RREADY           |  out|    1|       m_axi|                                                                  fm|       pointer|
|m_axi_fm_RDATA            |   in|   16|       m_axi|                                                                  fm|       pointer|
|m_axi_fm_RLAST            |   in|    1|       m_axi|                                                                  fm|       pointer|
|m_axi_fm_RID              |   in|    1|       m_axi|                                                                  fm|       pointer|
|m_axi_fm_RFIFONUM         |   in|   10|       m_axi|                                                                  fm|       pointer|
|m_axi_fm_RUSER            |   in|    1|       m_axi|                                                                  fm|       pointer|
|m_axi_fm_RRESP            |   in|    2|       m_axi|                                                                  fm|       pointer|
|m_axi_fm_BVALID           |   in|    1|       m_axi|                                                                  fm|       pointer|
|m_axi_fm_BREADY           |  out|    1|       m_axi|                                                                  fm|       pointer|
|m_axi_fm_BRESP            |   in|    2|       m_axi|                                                                  fm|       pointer|
|m_axi_fm_BID              |   in|    1|       m_axi|                                                                  fm|       pointer|
|m_axi_fm_BUSER            |   in|    1|       m_axi|                                                                  fm|       pointer|
|empty                     |   in|    2|     ap_none|                                                               empty|        scalar|
|zext_ln43                 |   in|    8|     ap_none|                                                           zext_ln43|        scalar|
|input_feature_map         |   in|   64|     ap_none|                                                   input_feature_map|        scalar|
|inBuffer3x3_0_0_address0  |  out|   11|   ap_memory|                                                     inBuffer3x3_0_0|         array|
|inBuffer3x3_0_0_ce0       |  out|    1|   ap_memory|                                                     inBuffer3x3_0_0|         array|
|inBuffer3x3_0_0_we0       |  out|    1|   ap_memory|                                                     inBuffer3x3_0_0|         array|
|inBuffer3x3_0_0_d0        |  out|   16|   ap_memory|                                                     inBuffer3x3_0_0|         array|
|inBuffer3x3_0_0_address1  |  out|   11|   ap_memory|                                                     inBuffer3x3_0_0|         array|
|inBuffer3x3_0_0_ce1       |  out|    1|   ap_memory|                                                     inBuffer3x3_0_0|         array|
|inBuffer3x3_0_0_we1       |  out|    1|   ap_memory|                                                     inBuffer3x3_0_0|         array|
|inBuffer3x3_0_0_d1        |  out|   16|   ap_memory|                                                     inBuffer3x3_0_0|         array|
|inBuffer3x3_0_1_address0  |  out|   11|   ap_memory|                                                     inBuffer3x3_0_1|         array|
|inBuffer3x3_0_1_ce0       |  out|    1|   ap_memory|                                                     inBuffer3x3_0_1|         array|
|inBuffer3x3_0_1_we0       |  out|    1|   ap_memory|                                                     inBuffer3x3_0_1|         array|
|inBuffer3x3_0_1_d0        |  out|   16|   ap_memory|                                                     inBuffer3x3_0_1|         array|
|inBuffer3x3_0_1_address1  |  out|   11|   ap_memory|                                                     inBuffer3x3_0_1|         array|
|inBuffer3x3_0_1_ce1       |  out|    1|   ap_memory|                                                     inBuffer3x3_0_1|         array|
|inBuffer3x3_0_1_we1       |  out|    1|   ap_memory|                                                     inBuffer3x3_0_1|         array|
|inBuffer3x3_0_1_d1        |  out|   16|   ap_memory|                                                     inBuffer3x3_0_1|         array|
|inBuffer3x3_0_2_address0  |  out|   11|   ap_memory|                                                     inBuffer3x3_0_2|         array|
|inBuffer3x3_0_2_ce0       |  out|    1|   ap_memory|                                                     inBuffer3x3_0_2|         array|
|inBuffer3x3_0_2_we0       |  out|    1|   ap_memory|                                                     inBuffer3x3_0_2|         array|
|inBuffer3x3_0_2_d0        |  out|   16|   ap_memory|                                                     inBuffer3x3_0_2|         array|
|inBuffer3x3_0_2_address1  |  out|   11|   ap_memory|                                                     inBuffer3x3_0_2|         array|
|inBuffer3x3_0_2_ce1       |  out|    1|   ap_memory|                                                     inBuffer3x3_0_2|         array|
|inBuffer3x3_0_2_we1       |  out|    1|   ap_memory|                                                     inBuffer3x3_0_2|         array|
|inBuffer3x3_0_2_d1        |  out|   16|   ap_memory|                                                     inBuffer3x3_0_2|         array|
|inBuffer3x3_1_0_address0  |  out|   11|   ap_memory|                                                     inBuffer3x3_1_0|         array|
|inBuffer3x3_1_0_ce0       |  out|    1|   ap_memory|                                                     inBuffer3x3_1_0|         array|
|inBuffer3x3_1_0_we0       |  out|    1|   ap_memory|                                                     inBuffer3x3_1_0|         array|
|inBuffer3x3_1_0_d0        |  out|   16|   ap_memory|                                                     inBuffer3x3_1_0|         array|
|inBuffer3x3_1_0_address1  |  out|   11|   ap_memory|                                                     inBuffer3x3_1_0|         array|
|inBuffer3x3_1_0_ce1       |  out|    1|   ap_memory|                                                     inBuffer3x3_1_0|         array|
|inBuffer3x3_1_0_we1       |  out|    1|   ap_memory|                                                     inBuffer3x3_1_0|         array|
|inBuffer3x3_1_0_d1        |  out|   16|   ap_memory|                                                     inBuffer3x3_1_0|         array|
|inBuffer3x3_1_1_address0  |  out|   11|   ap_memory|                                                     inBuffer3x3_1_1|         array|
|inBuffer3x3_1_1_ce0       |  out|    1|   ap_memory|                                                     inBuffer3x3_1_1|         array|
|inBuffer3x3_1_1_we0       |  out|    1|   ap_memory|                                                     inBuffer3x3_1_1|         array|
|inBuffer3x3_1_1_d0        |  out|   16|   ap_memory|                                                     inBuffer3x3_1_1|         array|
|inBuffer3x3_1_1_address1  |  out|   11|   ap_memory|                                                     inBuffer3x3_1_1|         array|
|inBuffer3x3_1_1_ce1       |  out|    1|   ap_memory|                                                     inBuffer3x3_1_1|         array|
|inBuffer3x3_1_1_we1       |  out|    1|   ap_memory|                                                     inBuffer3x3_1_1|         array|
|inBuffer3x3_1_1_d1        |  out|   16|   ap_memory|                                                     inBuffer3x3_1_1|         array|
|inBuffer3x3_1_2_address0  |  out|   11|   ap_memory|                                                     inBuffer3x3_1_2|         array|
|inBuffer3x3_1_2_ce0       |  out|    1|   ap_memory|                                                     inBuffer3x3_1_2|         array|
|inBuffer3x3_1_2_we0       |  out|    1|   ap_memory|                                                     inBuffer3x3_1_2|         array|
|inBuffer3x3_1_2_d0        |  out|   16|   ap_memory|                                                     inBuffer3x3_1_2|         array|
|inBuffer3x3_1_2_address1  |  out|   11|   ap_memory|                                                     inBuffer3x3_1_2|         array|
|inBuffer3x3_1_2_ce1       |  out|    1|   ap_memory|                                                     inBuffer3x3_1_2|         array|
|inBuffer3x3_1_2_we1       |  out|    1|   ap_memory|                                                     inBuffer3x3_1_2|         array|
|inBuffer3x3_1_2_d1        |  out|   16|   ap_memory|                                                     inBuffer3x3_1_2|         array|
|inBuffer3x3_2_0_address0  |  out|   11|   ap_memory|                                                     inBuffer3x3_2_0|         array|
|inBuffer3x3_2_0_ce0       |  out|    1|   ap_memory|                                                     inBuffer3x3_2_0|         array|
|inBuffer3x3_2_0_we0       |  out|    1|   ap_memory|                                                     inBuffer3x3_2_0|         array|
|inBuffer3x3_2_0_d0        |  out|   16|   ap_memory|                                                     inBuffer3x3_2_0|         array|
|inBuffer3x3_2_0_address1  |  out|   11|   ap_memory|                                                     inBuffer3x3_2_0|         array|
|inBuffer3x3_2_0_ce1       |  out|    1|   ap_memory|                                                     inBuffer3x3_2_0|         array|
|inBuffer3x3_2_0_we1       |  out|    1|   ap_memory|                                                     inBuffer3x3_2_0|         array|
|inBuffer3x3_2_0_d1        |  out|   16|   ap_memory|                                                     inBuffer3x3_2_0|         array|
|inBuffer3x3_2_1_address0  |  out|   11|   ap_memory|                                                     inBuffer3x3_2_1|         array|
|inBuffer3x3_2_1_ce0       |  out|    1|   ap_memory|                                                     inBuffer3x3_2_1|         array|
|inBuffer3x3_2_1_we0       |  out|    1|   ap_memory|                                                     inBuffer3x3_2_1|         array|
|inBuffer3x3_2_1_d0        |  out|   16|   ap_memory|                                                     inBuffer3x3_2_1|         array|
|inBuffer3x3_2_1_address1  |  out|   11|   ap_memory|                                                     inBuffer3x3_2_1|         array|
|inBuffer3x3_2_1_ce1       |  out|    1|   ap_memory|                                                     inBuffer3x3_2_1|         array|
|inBuffer3x3_2_1_we1       |  out|    1|   ap_memory|                                                     inBuffer3x3_2_1|         array|
|inBuffer3x3_2_1_d1        |  out|   16|   ap_memory|                                                     inBuffer3x3_2_1|         array|
|inBuffer3x3_2_2_address0  |  out|   11|   ap_memory|                                                     inBuffer3x3_2_2|         array|
|inBuffer3x3_2_2_ce0       |  out|    1|   ap_memory|                                                     inBuffer3x3_2_2|         array|
|inBuffer3x3_2_2_we0       |  out|    1|   ap_memory|                                                     inBuffer3x3_2_2|         array|
|inBuffer3x3_2_2_d0        |  out|   16|   ap_memory|                                                     inBuffer3x3_2_2|         array|
|inBuffer3x3_2_2_address1  |  out|   11|   ap_memory|                                                     inBuffer3x3_2_2|         array|
|inBuffer3x3_2_2_ce1       |  out|    1|   ap_memory|                                                     inBuffer3x3_2_2|         array|
|inBuffer3x3_2_2_we1       |  out|    1|   ap_memory|                                                     inBuffer3x3_2_2|         array|
|inBuffer3x3_2_2_d1        |  out|   16|   ap_memory|                                                     inBuffer3x3_2_2|         array|
+--------------------------+-----+-----+------------+--------------------------------------------------------------------+--------------+

