

================================================================
== Vitis HLS Report for 'main_func_Pipeline_VITIS_LOOP_30_4'
================================================================
* Date:           Fri Apr 19 11:03:27 2024

* Version:        2023.2.1 (Build 4070103 on Dec 13 2023)
* Project:        wider_bus_fp
* Solution:       solution1 (Vivado IP Flow Target)
* Product family: zynquplus
* Target device:  xczu9cg-ffvb1156-2-e


================================================================
== Performance Estimates
================================================================
+ Timing: 
    * Summary: 
    +--------+----------+----------+------------+
    |  Clock |  Target  | Estimated| Uncertainty|
    +--------+----------+----------+------------+
    |ap_clk  |  10.00 ns|  7.300 ns|     2.70 ns|
    +--------+----------+----------+------------+

+ Latency: 
    * Summary: 
    +---------+---------+-----------+-----------+-----+-----+---------+
    |  Latency (cycles) |   Latency (absolute)  |  Interval | Pipeline|
    |   min   |   max   |    min    |    max    | min | max |   Type  |
    +---------+---------+-----------+-----------+-----+-----+---------+
    |        8|        8|  80.000 ns|  80.000 ns|    8|    8|       no|
    +---------+---------+-----------+-----------+-----+-----+---------+

    + Detail: 
        * Instance: 
        N/A

        * Loop: 
        +-------------------+---------+---------+----------+-----------+-----------+------+----------+
        |                   |  Latency (cycles) | Iteration|  Initiation Interval  | Trip |          |
        |     Loop Name     |   min   |   max   |  Latency |  achieved |   target  | Count| Pipelined|
        +-------------------+---------+---------+----------+-----------+-----------+------+----------+
        |- VITIS_LOOP_30_4  |        6|        6|         3|          1|          1|     5|       yes|
        +-------------------+---------+---------+----------+-----------+-----------+------+----------+



================================================================
== Utilization Estimates
================================================================
* Summary: 
+-----------------+---------+------+--------+--------+-----+
|       Name      | BRAM_18K|  DSP |   FF   |   LUT  | URAM|
+-----------------+---------+------+--------+--------+-----+
|DSP              |        -|     -|       -|       -|    -|
|Expression       |        -|     -|       0|      28|    -|
|FIFO             |        -|     -|       -|       -|    -|
|Instance         |        -|     -|       -|       -|    -|
|Memory           |        -|     -|       -|       -|    -|
|Multiplexer      |        -|     -|       -|      45|    -|
|Register         |        -|     -|     168|       -|    -|
+-----------------+---------+------+--------+--------+-----+
|Total            |        0|     0|     168|      73|    0|
+-----------------+---------+------+--------+--------+-----+
|Available        |     1824|  2520|  548160|  274080|    0|
+-----------------+---------+------+--------+--------+-----+
|Utilization (%)  |        0|     0|      ~0|      ~0|    0|
+-----------------+---------+------+--------+--------+-----+

+ Detail: 
    * Instance: 
    N/A

    * DSP: 
    N/A

    * Memory: 
    N/A

    * FIFO: 
    N/A

    * Expression: 
    +---------------------------+----------+----+---+----+------------+------------+
    |       Variable Name       | Operation| DSP| FF| LUT| Bitwidth P0| Bitwidth P1|
    +---------------------------+----------+----+---+----+------------+------------+
    |add_ln30_fu_265_p2         |         +|   0|  0|  10|           3|           1|
    |ap_block_pp0_stage0_11001  |       and|   0|  0|   2|           1|           1|
    |icmp_ln30_fu_259_p2        |      icmp|   0|  0|  10|           3|           3|
    |or_ln35_fu_288_p2          |        or|   0|  0|   4|           4|           1|
    |ap_enable_pp0              |       xor|   0|  0|   2|           1|           2|
    +---------------------------+----------+----+---+----+------------+------------+
    |Total                      |          |   0|  0|  28|          12|           8|
    +---------------------------+----------+----+---+----+------------+------------+

    * Multiplexer: 
    +-------------------------+----+-----------+-----+-----------+
    |           Name          | LUT| Input Size| Bits| Total Bits|
    +-------------------------+----+-----------+-----+-----------+
    |ap_done_int              |   9|          2|    1|          2|
    |ap_enable_reg_pp0_iter1  |   9|          2|    1|          2|
    |ap_sig_allocacmp_k_1     |   9|          2|    3|          6|
    |k_fu_104                 |   9|          2|    3|          6|
    |mem_blk_n_W              |   9|          2|    1|          2|
    +-------------------------+----+-----------+-----+-----------+
    |Total                    |  45|         10|    9|         18|
    +-------------------------+----+-----------+-----+-----------+

    * Register: 
    +----------------------------------+----+----+-----+-----------+
    |               Name               | FF | LUT| Bits| Const Bits|
    +----------------------------------+----+----+-----+-----------+
    |B_local_1_load_1_reg_527          |  16|   0|   16|          0|
    |B_local_1_load_reg_502            |  16|   0|   16|          0|
    |B_local_2_load_1_reg_532          |  16|   0|   16|          0|
    |B_local_2_load_reg_507            |  16|   0|   16|          0|
    |B_local_3_load_1_reg_537          |  16|   0|   16|          0|
    |B_local_3_load_reg_512            |  16|   0|   16|          0|
    |B_local_4_load_1_reg_542          |  16|   0|   16|          0|
    |B_local_4_load_reg_517            |  16|   0|   16|          0|
    |B_local_load_1_reg_522            |  16|   0|   16|          0|
    |ap_CS_fsm                         |   1|   0|    1|          0|
    |ap_done_reg                       |   1|   0|    1|          0|
    |ap_enable_reg_pp0_iter1           |   1|   0|    1|          0|
    |ap_enable_reg_pp0_iter2           |   1|   0|    1|          0|
    |ap_loop_exit_ready_pp0_iter1_reg  |   1|   0|    1|          0|
    |data2_reg_497                     |  16|   0|   16|          0|
    |k_fu_104                          |   3|   0|    3|          0|
    +----------------------------------+----+----+-----+-----------+
    |Total                             | 168|   0|  168|          0|
    +----------------------------------+----+----+-----+-----------+



================================================================
== Interface
================================================================
* Summary: 
+--------------------+-----+-----+------------+------------------------------------+--------------+
|      RTL Ports     | Dir | Bits|  Protocol  |            Source Object           |    C Type    |
+--------------------+-----+-----+------------+------------------------------------+--------------+
|ap_clk              |   in|    1|  ap_ctrl_hs|  main_func_Pipeline_VITIS_LOOP_30_4|  return value|
|ap_rst              |   in|    1|  ap_ctrl_hs|  main_func_Pipeline_VITIS_LOOP_30_4|  return value|
|ap_start            |   in|    1|  ap_ctrl_hs|  main_func_Pipeline_VITIS_LOOP_30_4|  return value|
|ap_done             |  out|    1|  ap_ctrl_hs|  main_func_Pipeline_VITIS_LOOP_30_4|  return value|
|ap_idle             |  out|    1|  ap_ctrl_hs|  main_func_Pipeline_VITIS_LOOP_30_4|  return value|
|ap_ready            |  out|    1|  ap_ctrl_hs|  main_func_Pipeline_VITIS_LOOP_30_4|  return value|
|m_axi_mem_AWVALID   |  out|    1|       m_axi|                                 mem|       pointer|
|m_axi_mem_AWREADY   |   in|    1|       m_axi|                                 mem|       pointer|
|m_axi_mem_AWADDR    |  out|   64|       m_axi|                                 mem|       pointer|
|m_axi_mem_AWID      |  out|    1|       m_axi|                                 mem|       pointer|
|m_axi_mem_AWLEN     |  out|   32|       m_axi|                                 mem|       pointer|
|m_axi_mem_AWSIZE    |  out|    3|       m_axi|                                 mem|       pointer|
|m_axi_mem_AWBURST   |  out|    2|       m_axi|                                 mem|       pointer|
|m_axi_mem_AWLOCK    |  out|    2|       m_axi|                                 mem|       pointer|
|m_axi_mem_AWCACHE   |  out|    4|       m_axi|                                 mem|       pointer|
|m_axi_mem_AWPROT    |  out|    3|       m_axi|                                 mem|       pointer|
|m_axi_mem_AWQOS     |  out|    4|       m_axi|                                 mem|       pointer|
|m_axi_mem_AWREGION  |  out|    4|       m_axi|                                 mem|       pointer|
|m_axi_mem_AWUSER    |  out|    1|       m_axi|                                 mem|       pointer|
|m_axi_mem_WVALID    |  out|    1|       m_axi|                                 mem|       pointer|
|m_axi_mem_WREADY    |   in|    1|       m_axi|                                 mem|       pointer|
|m_axi_mem_WDATA     |  out|  256|       m_axi|                                 mem|       pointer|
|m_axi_mem_WSTRB     |  out|   32|       m_axi|                                 mem|       pointer|
|m_axi_mem_WLAST     |  out|    1|       m_axi|                                 mem|       pointer|
|m_axi_mem_WID       |  out|    1|       m_axi|                                 mem|       pointer|
|m_axi_mem_WUSER     |  out|    1|       m_axi|                                 mem|       pointer|
|m_axi_mem_ARVALID   |  out|    1|       m_axi|                                 mem|       pointer|
|m_axi_mem_ARREADY   |   in|    1|       m_axi|                                 mem|       pointer|
|m_axi_mem_ARADDR    |  out|   64|       m_axi|                                 mem|       pointer|
|m_axi_mem_ARID      |  out|    1|       m_axi|                                 mem|       pointer|
|m_axi_mem_ARLEN     |  out|   32|       m_axi|                                 mem|       pointer|
|m_axi_mem_ARSIZE    |  out|    3|       m_axi|                                 mem|       pointer|
|m_axi_mem_ARBURST   |  out|    2|       m_axi|                                 mem|       pointer|
|m_axi_mem_ARLOCK    |  out|    2|       m_axi|                                 mem|       pointer|
|m_axi_mem_ARCACHE   |  out|    4|       m_axi|                                 mem|       pointer|
|m_axi_mem_ARPROT    |  out|    3|       m_axi|                                 mem|       pointer|
|m_axi_mem_ARQOS     |  out|    4|       m_axi|                                 mem|       pointer|
|m_axi_mem_ARREGION  |  out|    4|       m_axi|                                 mem|       pointer|
|m_axi_mem_ARUSER    |  out|    1|       m_axi|                                 mem|       pointer|
|m_axi_mem_RVALID    |   in|    1|       m_axi|                                 mem|       pointer|
|m_axi_mem_RREADY    |  out|    1|       m_axi|                                 mem|       pointer|
|m_axi_mem_RDATA     |   in|  256|       m_axi|                                 mem|       pointer|
|m_axi_mem_RLAST     |   in|    1|       m_axi|                                 mem|       pointer|
|m_axi_mem_RID       |   in|    1|       m_axi|                                 mem|       pointer|
|m_axi_mem_RFIFONUM  |   in|    9|       m_axi|                                 mem|       pointer|
|m_axi_mem_RUSER     |   in|    1|       m_axi|                                 mem|       pointer|
|m_axi_mem_RRESP     |   in|    2|       m_axi|                                 mem|       pointer|
|m_axi_mem_BVALID    |   in|    1|       m_axi|                                 mem|       pointer|
|m_axi_mem_BREADY    |  out|    1|       m_axi|                                 mem|       pointer|
|m_axi_mem_BRESP     |   in|    2|       m_axi|                                 mem|       pointer|
|m_axi_mem_BID       |   in|    1|       m_axi|                                 mem|       pointer|
|m_axi_mem_BUSER     |   in|    1|       m_axi|                                 mem|       pointer|
|sext_ln30           |   in|   59|     ap_none|                           sext_ln30|        scalar|
|B_local_address0    |  out|    4|   ap_memory|                             B_local|         array|
|B_local_ce0         |  out|    1|   ap_memory|                             B_local|         array|
|B_local_q0          |   in|   16|   ap_memory|                             B_local|         array|
|B_local_address1    |  out|    4|   ap_memory|                             B_local|         array|
|B_local_ce1         |  out|    1|   ap_memory|                             B_local|         array|
|B_local_q1          |   in|   16|   ap_memory|                             B_local|         array|
|B_local_1_address0  |  out|    4|   ap_memory|                           B_local_1|         array|
|B_local_1_ce0       |  out|    1|   ap_memory|                           B_local_1|         array|
|B_local_1_q0        |   in|   16|   ap_memory|                           B_local_1|         array|
|B_local_1_address1  |  out|    4|   ap_memory|                           B_local_1|         array|
|B_local_1_ce1       |  out|    1|   ap_memory|                           B_local_1|         array|
|B_local_1_q1        |   in|   16|   ap_memory|                           B_local_1|         array|
|B_local_2_address0  |  out|    4|   ap_memory|                           B_local_2|         array|
|B_local_2_ce0       |  out|    1|   ap_memory|                           B_local_2|         array|
|B_local_2_q0        |   in|   16|   ap_memory|                           B_local_2|         array|
|B_local_2_address1  |  out|    4|   ap_memory|                           B_local_2|         array|
|B_local_2_ce1       |  out|    1|   ap_memory|                           B_local_2|         array|
|B_local_2_q1        |   in|   16|   ap_memory|                           B_local_2|         array|
|B_local_3_address0  |  out|    4|   ap_memory|                           B_local_3|         array|
|B_local_3_ce0       |  out|    1|   ap_memory|                           B_local_3|         array|
|B_local_3_q0        |   in|   16|   ap_memory|                           B_local_3|         array|
|B_local_3_address1  |  out|    4|   ap_memory|                           B_local_3|         array|
|B_local_3_ce1       |  out|    1|   ap_memory|                           B_local_3|         array|
|B_local_3_q1        |   in|   16|   ap_memory|                           B_local_3|         array|
|B_local_4_address0  |  out|    4|   ap_memory|                           B_local_4|         array|
|B_local_4_ce0       |  out|    1|   ap_memory|                           B_local_4|         array|
|B_local_4_q0        |   in|   16|   ap_memory|                           B_local_4|         array|
|B_local_4_address1  |  out|    4|   ap_memory|                           B_local_4|         array|
|B_local_4_ce1       |  out|    1|   ap_memory|                           B_local_4|         array|
|B_local_4_q1        |   in|   16|   ap_memory|                           B_local_4|         array|
+--------------------+-----+-----+------------+------------------------------------+--------------+

