

================================================================
== Vitis HLS Report for 'main_func_Pipeline_VITIS_LOOP_22_3'
================================================================
* Date:           Fri Apr 19 11:03:27 2024

* Version:        2023.2.1 (Build 4070103 on Dec 13 2023)
* Project:        wider_bus_fp
* Solution:       solution1 (Vivado IP Flow Target)
* Product family: zynquplus
* Target device:  xczu9cg-ffvb1156-2-e


================================================================
== Performance Estimates
================================================================
+ Timing: 
    * Summary: 
    +--------+----------+----------+------------+
    |  Clock |  Target  | Estimated| Uncertainty|
    +--------+----------+----------+------------+
    |ap_clk  |  10.00 ns|  2.800 ns|     2.70 ns|
    +--------+----------+----------+------------+

+ Latency: 
    * Summary: 
    +---------+---------+----------+----------+-----+-----+---------+
    |  Latency (cycles) |  Latency (absolute) |  Interval | Pipeline|
    |   min   |   max   |    min   |    max   | min | max |   Type  |
    +---------+---------+----------+----------+-----+-----+---------+
    |       52|       52|  0.520 us|  0.520 us|   52|   52|       no|
    +---------+---------+----------+----------+-----+-----+---------+

    + Detail: 
        * Instance: 
        N/A

        * Loop: 
        +-------------------+---------+---------+----------+-----------+-----------+------+----------+
        |                   |  Latency (cycles) | Iteration|  Initiation Interval  | Trip |          |
        |     Loop Name     |   min   |   max   |  Latency |  achieved |   target  | Count| Pipelined|
        +-------------------+---------+---------+----------+-----------+-----------+------+----------+
        |- VITIS_LOOP_22_3  |       50|       50|         2|          1|          1|    50|       yes|
        +-------------------+---------+---------+----------+-----------+-----------+------+----------+



================================================================
== Utilization Estimates
================================================================
* Summary: 
+-----------------+---------+------+--------+--------+-----+
|       Name      | BRAM_18K|  DSP |   FF   |   LUT  | URAM|
+-----------------+---------+------+--------+--------+-----+
|DSP              |        -|     -|       -|       -|    -|
|Expression       |        -|     -|       0|      80|    -|
|FIFO             |        -|     -|       -|       -|    -|
|Instance         |        -|     -|       0|      26|    -|
|Memory           |        -|     -|       -|       -|    -|
|Multiplexer      |        -|     -|       -|      72|    -|
|Register         |        -|     -|      51|       -|    -|
+-----------------+---------+------+--------+--------+-----+
|Total            |        0|     0|      51|     178|    0|
+-----------------+---------+------+--------+--------+-----+
|Available        |     1824|  2520|  548160|  274080|    0|
+-----------------+---------+------+--------+--------+-----+
|Utilization (%)  |        0|     0|      ~0|      ~0|    0|
+-----------------+---------+------+--------+--------+-----+

+ Detail: 
    * Instance: 
    +--------------------------+-----------------------+---------+----+---+----+-----+
    |         Instance         |         Module        | BRAM_18K| DSP| FF| LUT| URAM|
    +--------------------------+-----------------------+---------+----+---+----+-----+
    |sparsemux_11_3_16_1_1_U8  |sparsemux_11_3_16_1_1  |        0|   0|  0|  26|    0|
    +--------------------------+-----------------------+---------+----+---+----+-----+
    |Total                     |                       |        0|   0|  0|  26|    0|
    +--------------------------+-----------------------+---------+----+---+----+-----+

    * DSP: 
    N/A

    * Memory: 
    N/A

    * FIFO: 
    N/A

    * Expression: 
    +-----------------------+----------+----+---+----+------------+------------+
    |     Variable Name     | Operation| DSP| FF| LUT| Bitwidth P0| Bitwidth P1|
    +-----------------------+----------+----+---+----+------------+------------+
    |add_ln22_1_fu_245_p2   |         +|   0|  0|  20|          13|           7|
    |add_ln22_2_fu_279_p2   |         +|   0|  0|  13|           6|           1|
    |add_ln22_fu_236_p2     |         +|   0|  0|  13|           6|           1|
    |icmp_ln22_1_fu_285_p2  |      icmp|   0|  0|  13|           6|           3|
    |icmp_ln22_fu_230_p2    |      icmp|   0|  0|  13|           6|           5|
    |select_ln22_fu_291_p3  |    select|   0|  0|   6|           1|           6|
    |ap_enable_pp0          |       xor|   0|  0|   2|           1|           2|
    +-----------------------+----------+----+---+----+------------+------------+
    |Total                  |          |   0|  0|  80|          39|          25|
    +-----------------------+----------+----+---+----+------------+------------+

    * Multiplexer: 
    +--------------------------------+----+-----------+-----+-----------+
    |              Name              | LUT| Input Size| Bits| Total Bits|
    +--------------------------------+----+-----------+-----+-----------+
    |ap_done_int                     |   9|          2|    1|          2|
    |ap_enable_reg_pp0_iter1         |   9|          2|    1|          2|
    |ap_sig_allocacmp_j_1            |   9|          2|    6|         12|
    |ap_sig_allocacmp_phi_mul_load   |   9|          2|   13|         26|
    |ap_sig_allocacmp_phi_urem_load  |   9|          2|    6|         12|
    |j_fu_80                         |   9|          2|    6|         12|
    |phi_mul_fu_76                   |   9|          2|   13|         26|
    |phi_urem_fu_72                  |   9|          2|    6|         12|
    +--------------------------------+----+-----------+-----+-----------+
    |Total                           |  72|         16|   52|        104|
    +--------------------------------+----+-----------+-----+-----------+

    * Register: 
    +-------------------------+----+----+-----+-----------+
    |           Name          | FF | LUT| Bits| Const Bits|
    +-------------------------+----+----+-----+-----------+
    |B_local_1_addr_reg_405   |   4|   0|    4|          0|
    |B_local_2_addr_reg_410   |   4|   0|    4|          0|
    |B_local_3_addr_reg_415   |   4|   0|    4|          0|
    |B_local_4_addr_reg_420   |   4|   0|    4|          0|
    |B_local_addr_reg_400     |   4|   0|    4|          0|
    |ap_CS_fsm                |   1|   0|    1|          0|
    |ap_done_reg              |   1|   0|    1|          0|
    |ap_enable_reg_pp0_iter1  |   1|   0|    1|          0|
    |j_fu_80                  |   6|   0|    6|          0|
    |phi_mul_fu_76            |  13|   0|   13|          0|
    |phi_urem_fu_72           |   6|   0|    6|          0|
    |trunc_ln22_reg_370       |   3|   0|    3|          0|
    +-------------------------+----+----+-----+-----------+
    |Total                    |  51|   0|   51|          0|
    +-------------------------+----+----+-----+-----------+



================================================================
== Interface
================================================================
* Summary: 
+--------------------+-----+-----+------------+------------------------------------+--------------+
|      RTL Ports     | Dir | Bits|  Protocol  |            Source Object           |    C Type    |
+--------------------+-----+-----+------------+------------------------------------+--------------+
|ap_clk              |   in|    1|  ap_ctrl_hs|  main_func_Pipeline_VITIS_LOOP_22_3|  return value|
|ap_rst              |   in|    1|  ap_ctrl_hs|  main_func_Pipeline_VITIS_LOOP_22_3|  return value|
|ap_start            |   in|    1|  ap_ctrl_hs|  main_func_Pipeline_VITIS_LOOP_22_3|  return value|
|ap_done             |  out|    1|  ap_ctrl_hs|  main_func_Pipeline_VITIS_LOOP_22_3|  return value|
|ap_idle             |  out|    1|  ap_ctrl_hs|  main_func_Pipeline_VITIS_LOOP_22_3|  return value|
|ap_ready            |  out|    1|  ap_ctrl_hs|  main_func_Pipeline_VITIS_LOOP_22_3|  return value|
|B_local_4_address0  |  out|    4|   ap_memory|                           B_local_4|         array|
|B_local_4_ce0       |  out|    1|   ap_memory|                           B_local_4|         array|
|B_local_4_we0       |  out|    1|   ap_memory|                           B_local_4|         array|
|B_local_4_d0        |  out|   16|   ap_memory|                           B_local_4|         array|
|B_local_3_address0  |  out|    4|   ap_memory|                           B_local_3|         array|
|B_local_3_ce0       |  out|    1|   ap_memory|                           B_local_3|         array|
|B_local_3_we0       |  out|    1|   ap_memory|                           B_local_3|         array|
|B_local_3_d0        |  out|   16|   ap_memory|                           B_local_3|         array|
|B_local_2_address0  |  out|    4|   ap_memory|                           B_local_2|         array|
|B_local_2_ce0       |  out|    1|   ap_memory|                           B_local_2|         array|
|B_local_2_we0       |  out|    1|   ap_memory|                           B_local_2|         array|
|B_local_2_d0        |  out|   16|   ap_memory|                           B_local_2|         array|
|B_local_1_address0  |  out|    4|   ap_memory|                           B_local_1|         array|
|B_local_1_ce0       |  out|    1|   ap_memory|                           B_local_1|         array|
|B_local_1_we0       |  out|    1|   ap_memory|                           B_local_1|         array|
|B_local_1_d0        |  out|   16|   ap_memory|                           B_local_1|         array|
|B_local_address0    |  out|    4|   ap_memory|                             B_local|         array|
|B_local_ce0         |  out|    1|   ap_memory|                             B_local|         array|
|B_local_we0         |  out|    1|   ap_memory|                             B_local|         array|
|B_local_d0          |  out|   16|   ap_memory|                             B_local|         array|
|A_local_address0    |  out|    4|   ap_memory|                             A_local|         array|
|A_local_ce0         |  out|    1|   ap_memory|                             A_local|         array|
|A_local_q0          |   in|   16|   ap_memory|                             A_local|         array|
|A_local_1_address0  |  out|    4|   ap_memory|                           A_local_1|         array|
|A_local_1_ce0       |  out|    1|   ap_memory|                           A_local_1|         array|
|A_local_1_q0        |   in|   16|   ap_memory|                           A_local_1|         array|
|A_local_2_address0  |  out|    4|   ap_memory|                           A_local_2|         array|
|A_local_2_ce0       |  out|    1|   ap_memory|                           A_local_2|         array|
|A_local_2_q0        |   in|   16|   ap_memory|                           A_local_2|         array|
|A_local_3_address0  |  out|    4|   ap_memory|                           A_local_3|         array|
|A_local_3_ce0       |  out|    1|   ap_memory|                           A_local_3|         array|
|A_local_3_q0        |   in|   16|   ap_memory|                           A_local_3|         array|
|A_local_4_address0  |  out|    4|   ap_memory|                           A_local_4|         array|
|A_local_4_ce0       |  out|    1|   ap_memory|                           A_local_4|         array|
|A_local_4_q0        |   in|   16|   ap_memory|                           A_local_4|         array|
+--------------------+-----+-----+------------+------------------------------------+--------------+

