

================================================================
== Vitis HLS Report for 'main_func_Pipeline_VITIS_LOOP_10_1'
================================================================
* Date:           Fri Apr 19 11:03:27 2024

* Version:        2023.2.1 (Build 4070103 on Dec 13 2023)
* Project:        wider_bus_fp
* Solution:       solution1 (Vivado IP Flow Target)
* Product family: zynquplus
* Target device:  xczu9cg-ffvb1156-2-e


================================================================
== Performance Estimates
================================================================
+ Timing: 
    * Summary: 
    +--------+----------+----------+------------+
    |  Clock |  Target  | Estimated| Uncertainty|
    +--------+----------+----------+------------+
    |ap_clk  |  10.00 ns|  7.300 ns|     2.70 ns|
    +--------+----------+----------+------------+

+ Latency: 
    * Summary: 
    +---------+---------+-----------+-----------+-----+-----+---------+
    |  Latency (cycles) |   Latency (absolute)  |  Interval | Pipeline|
    |   min   |   max   |    min    |    max    | min | max |   Type  |
    +---------+---------+-----------+-----------+-----+-----+---------+
    |        8|        8|  80.000 ns|  80.000 ns|    8|    8|       no|
    +---------+---------+-----------+-----------+-----+-----+---------+

    + Detail: 
        * Instance: 
        N/A

        * Loop: 
        +-------------------+---------+---------+----------+-----------+-----------+------+----------+
        |                   |  Latency (cycles) | Iteration|  Initiation Interval  | Trip |          |
        |     Loop Name     |   min   |   max   |  Latency |  achieved |   target  | Count| Pipelined|
        +-------------------+---------+---------+----------+-----------+-----------+------+----------+
        |- VITIS_LOOP_10_1  |        6|        6|         3|          1|          1|     5|       yes|
        +-------------------+---------+---------+----------+-----------+-----------+------+----------+



================================================================
== Utilization Estimates
================================================================
* Summary: 
+-----------------+---------+------+--------+--------+-----+
|       Name      | BRAM_18K|  DSP |   FF   |   LUT  | URAM|
+-----------------+---------+------+--------+--------+-----+
|DSP              |        -|     -|       -|       -|    -|
|Expression       |        -|     -|       0|      28|    -|
|FIFO             |        -|     -|       -|       -|    -|
|Instance         |        -|     -|       -|       -|    -|
|Memory           |        -|     -|       -|       -|    -|
|Multiplexer      |        -|     -|       -|      45|    -|
|Register         |        -|     -|     174|       -|    -|
+-----------------+---------+------+--------+--------+-----+
|Total            |        0|     0|     174|      73|    0|
+-----------------+---------+------+--------+--------+-----+
|Available        |     1824|  2520|  548160|  274080|    0|
+-----------------+---------+------+--------+--------+-----+
|Utilization (%)  |        0|     0|      ~0|      ~0|    0|
+-----------------+---------+------+--------+--------+-----+

+ Detail: 
    * Instance: 
    N/A

    * DSP: 
    N/A

    * Memory: 
    N/A

    * FIFO: 
    N/A

    * Expression: 
    +---------------------------+----------+----+---+----+------------+------------+
    |       Variable Name       | Operation| DSP| FF| LUT| Bitwidth P0| Bitwidth P1|
    +---------------------------+----------+----+---+----+------------+------------+
    |add_ln10_fu_258_p2         |         +|   0|  0|  10|           3|           1|
    |ap_block_pp0_stage0_11001  |       and|   0|  0|   2|           1|           1|
    |icmp_ln10_fu_252_p2        |      icmp|   0|  0|  10|           3|           3|
    |or_ln15_fu_391_p2          |        or|   0|  0|   4|           4|           1|
    |ap_enable_pp0              |       xor|   0|  0|   2|           1|           2|
    +---------------------------+----------+----+---+----+------------+------------+
    |Total                      |          |   0|  0|  28|          12|           8|
    +---------------------------+----------+----+---+----+------------+------------+

    * Multiplexer: 
    +-------------------------+----+-----------+-----+-----------+
    |           Name          | LUT| Input Size| Bits| Total Bits|
    +-------------------------+----+-----------+-----+-----------+
    |ap_done_int              |   9|          2|    1|          2|
    |ap_enable_reg_pp0_iter1  |   9|          2|    1|          2|
    |ap_sig_allocacmp_i_1     |   9|          2|    3|          6|
    |i_fu_100                 |   9|          2|    3|          6|
    |mem_blk_n_R              |   9|          2|    1|          2|
    +-------------------------+----+-----------+-----+-----------+
    |Total                    |  45|         10|    9|         18|
    +-------------------------+----+-----------+-----+-----------+

    * Register: 
    +----------------------------------+----+----+-----+-----------+
    |               Name               | FF | LUT| Bits| Const Bits|
    +----------------------------------+----+----+-----+-----------+
    |ap_CS_fsm                         |   1|   0|    1|          0|
    |ap_done_reg                       |   1|   0|    1|          0|
    |ap_enable_reg_pp0_iter1           |   1|   0|    1|          0|
    |ap_enable_reg_pp0_iter2           |   1|   0|    1|          0|
    |ap_loop_exit_ready_pp0_iter1_reg  |   1|   0|    1|          0|
    |i_1_reg_418                       |   3|   0|    3|          0|
    |i_1_reg_418_pp0_iter1_reg         |   3|   0|    3|          0|
    |i_fu_100                          |   3|   0|    3|          0|
    |tmp_1_reg_432                     |  16|   0|   16|          0|
    |tmp_2_reg_437                     |  16|   0|   16|          0|
    |tmp_3_reg_442                     |  16|   0|   16|          0|
    |tmp_4_reg_447                     |  16|   0|   16|          0|
    |tmp_5_reg_452                     |  16|   0|   16|          0|
    |tmp_6_reg_457                     |  16|   0|   16|          0|
    |tmp_7_reg_462                     |  16|   0|   16|          0|
    |tmp_8_reg_467                     |  16|   0|   16|          0|
    |tmp_9_reg_472                     |  16|   0|   16|          0|
    |tmp_reg_427                       |  16|   0|   16|          0|
    +----------------------------------+----+----+-----+-----------+
    |Total                             | 174|   0|  174|          0|
    +----------------------------------+----+----+-----+-----------+



================================================================
== Interface
================================================================
* Summary: 
+--------------------+-----+-----+------------+------------------------------------+--------------+
|      RTL Ports     | Dir | Bits|  Protocol  |            Source Object           |    C Type    |
+--------------------+-----+-----+------------+------------------------------------+--------------+
|ap_clk              |   in|    1|  ap_ctrl_hs|  main_func_Pipeline_VITIS_LOOP_10_1|  return value|
|ap_rst              |   in|    1|  ap_ctrl_hs|  main_func_Pipeline_VITIS_LOOP_10_1|  return value|
|ap_start            |   in|    1|  ap_ctrl_hs|  main_func_Pipeline_VITIS_LOOP_10_1|  return value|
|ap_done             |  out|    1|  ap_ctrl_hs|  main_func_Pipeline_VITIS_LOOP_10_1|  return value|
|ap_idle             |  out|    1|  ap_ctrl_hs|  main_func_Pipeline_VITIS_LOOP_10_1|  return value|
|ap_ready            |  out|    1|  ap_ctrl_hs|  main_func_Pipeline_VITIS_LOOP_10_1|  return value|
|m_axi_mem_AWVALID   |  out|    1|       m_axi|                                 mem|       pointer|
|m_axi_mem_AWREADY   |   in|    1|       m_axi|                                 mem|       pointer|
|m_axi_mem_AWADDR    |  out|   64|       m_axi|                                 mem|       pointer|
|m_axi_mem_AWID      |  out|    1|       m_axi|                                 mem|       pointer|
|m_axi_mem_AWLEN     |  out|   32|       m_axi|                                 mem|       pointer|
|m_axi_mem_AWSIZE    |  out|    3|       m_axi|                                 mem|       pointer|
|m_axi_mem_AWBURST   |  out|    2|       m_axi|                                 mem|       pointer|
|m_axi_mem_AWLOCK    |  out|    2|       m_axi|                                 mem|       pointer|
|m_axi_mem_AWCACHE   |  out|    4|       m_axi|                                 mem|       pointer|
|m_axi_mem_AWPROT    |  out|    3|       m_axi|                                 mem|       pointer|
|m_axi_mem_AWQOS     |  out|    4|       m_axi|                                 mem|       pointer|
|m_axi_mem_AWREGION  |  out|    4|       m_axi|                                 mem|       pointer|
|m_axi_mem_AWUSER    |  out|    1|       m_axi|                                 mem|       pointer|
|m_axi_mem_WVALID    |  out|    1|       m_axi|                                 mem|       pointer|
|m_axi_mem_WREADY    |   in|    1|       m_axi|                                 mem|       pointer|
|m_axi_mem_WDATA     |  out|  256|       m_axi|                                 mem|       pointer|
|m_axi_mem_WSTRB     |  out|   32|       m_axi|                                 mem|       pointer|
|m_axi_mem_WLAST     |  out|    1|       m_axi|                                 mem|       pointer|
|m_axi_mem_WID       |  out|    1|       m_axi|                                 mem|       pointer|
|m_axi_mem_WUSER     |  out|    1|       m_axi|                                 mem|       pointer|
|m_axi_mem_ARVALID   |  out|    1|       m_axi|                                 mem|       pointer|
|m_axi_mem_ARREADY   |   in|    1|       m_axi|                                 mem|       pointer|
|m_axi_mem_ARADDR    |  out|   64|       m_axi|                                 mem|       pointer|
|m_axi_mem_ARID      |  out|    1|       m_axi|                                 mem|       pointer|
|m_axi_mem_ARLEN     |  out|   32|       m_axi|                                 mem|       pointer|
|m_axi_mem_ARSIZE    |  out|    3|       m_axi|                                 mem|       pointer|
|m_axi_mem_ARBURST   |  out|    2|       m_axi|                                 mem|       pointer|
|m_axi_mem_ARLOCK    |  out|    2|       m_axi|                                 mem|       pointer|
|m_axi_mem_ARCACHE   |  out|    4|       m_axi|                                 mem|       pointer|
|m_axi_mem_ARPROT    |  out|    3|       m_axi|                                 mem|       pointer|
|m_axi_mem_ARQOS     |  out|    4|       m_axi|                                 mem|       pointer|
|m_axi_mem_ARREGION  |  out|    4|       m_axi|                                 mem|       pointer|
|m_axi_mem_ARUSER    |  out|    1|       m_axi|                                 mem|       pointer|
|m_axi_mem_RVALID    |   in|    1|       m_axi|                                 mem|       pointer|
|m_axi_mem_RREADY    |  out|    1|       m_axi|                                 mem|       pointer|
|m_axi_mem_RDATA     |   in|  256|       m_axi|                                 mem|       pointer|
|m_axi_mem_RLAST     |   in|    1|       m_axi|                                 mem|       pointer|
|m_axi_mem_RID       |   in|    1|       m_axi|                                 mem|       pointer|
|m_axi_mem_RFIFONUM  |   in|    9|       m_axi|                                 mem|       pointer|
|m_axi_mem_RUSER     |   in|    1|       m_axi|                                 mem|       pointer|
|m_axi_mem_RRESP     |   in|    2|       m_axi|                                 mem|       pointer|
|m_axi_mem_BVALID    |   in|    1|       m_axi|                                 mem|       pointer|
|m_axi_mem_BREADY    |  out|    1|       m_axi|                                 mem|       pointer|
|m_axi_mem_BRESP     |   in|    2|       m_axi|                                 mem|       pointer|
|m_axi_mem_BID       |   in|    1|       m_axi|                                 mem|       pointer|
|m_axi_mem_BUSER     |   in|    1|       m_axi|                                 mem|       pointer|
|sext_ln10           |   in|   59|     ap_none|                           sext_ln10|        scalar|
|A_local_4_address0  |  out|    4|   ap_memory|                           A_local_4|         array|
|A_local_4_ce0       |  out|    1|   ap_memory|                           A_local_4|         array|
|A_local_4_we0       |  out|    1|   ap_memory|                           A_local_4|         array|
|A_local_4_d0        |  out|   16|   ap_memory|                           A_local_4|         array|
|A_local_4_address1  |  out|    4|   ap_memory|                           A_local_4|         array|
|A_local_4_ce1       |  out|    1|   ap_memory|                           A_local_4|         array|
|A_local_4_we1       |  out|    1|   ap_memory|                           A_local_4|         array|
|A_local_4_d1        |  out|   16|   ap_memory|                           A_local_4|         array|
|A_local_3_address0  |  out|    4|   ap_memory|                           A_local_3|         array|
|A_local_3_ce0       |  out|    1|   ap_memory|                           A_local_3|         array|
|A_local_3_we0       |  out|    1|   ap_memory|                           A_local_3|         array|
|A_local_3_d0        |  out|   16|   ap_memory|                           A_local_3|         array|
|A_local_3_address1  |  out|    4|   ap_memory|                           A_local_3|         array|
|A_local_3_ce1       |  out|    1|   ap_memory|                           A_local_3|         array|
|A_local_3_we1       |  out|    1|   ap_memory|                           A_local_3|         array|
|A_local_3_d1        |  out|   16|   ap_memory|                           A_local_3|         array|
|A_local_2_address0  |  out|    4|   ap_memory|                           A_local_2|         array|
|A_local_2_ce0       |  out|    1|   ap_memory|                           A_local_2|         array|
|A_local_2_we0       |  out|    1|   ap_memory|                           A_local_2|         array|
|A_local_2_d0        |  out|   16|   ap_memory|                           A_local_2|         array|
|A_local_2_address1  |  out|    4|   ap_memory|                           A_local_2|         array|
|A_local_2_ce1       |  out|    1|   ap_memory|                           A_local_2|         array|
|A_local_2_we1       |  out|    1|   ap_memory|                           A_local_2|         array|
|A_local_2_d1        |  out|   16|   ap_memory|                           A_local_2|         array|
|A_local_1_address0  |  out|    4|   ap_memory|                           A_local_1|         array|
|A_local_1_ce0       |  out|    1|   ap_memory|                           A_local_1|         array|
|A_local_1_we0       |  out|    1|   ap_memory|                           A_local_1|         array|
|A_local_1_d0        |  out|   16|   ap_memory|                           A_local_1|         array|
|A_local_1_address1  |  out|    4|   ap_memory|                           A_local_1|         array|
|A_local_1_ce1       |  out|    1|   ap_memory|                           A_local_1|         array|
|A_local_1_we1       |  out|    1|   ap_memory|                           A_local_1|         array|
|A_local_1_d1        |  out|   16|   ap_memory|                           A_local_1|         array|
|A_local_address0    |  out|    4|   ap_memory|                             A_local|         array|
|A_local_ce0         |  out|    1|   ap_memory|                             A_local|         array|
|A_local_we0         |  out|    1|   ap_memory|                             A_local|         array|
|A_local_d0          |  out|   16|   ap_memory|                             A_local|         array|
|A_local_address1    |  out|    4|   ap_memory|                             A_local|         array|
|A_local_ce1         |  out|    1|   ap_memory|                             A_local|         array|
|A_local_we1         |  out|    1|   ap_memory|                             A_local|         array|
|A_local_d1          |  out|   16|   ap_memory|                             A_local|         array|
+--------------------+-----+-----+------------+------------------------------------+--------------+

