F:\vivado_projects\EE4951_TaWork\ultra96ms2_418\solution1\.autopilot\db\utils.pp.0.cpp:26880:7: warning: Added loop label VITIS_LOOP_1207_1:   [xilinx-label-all-loops]
      for (i = 0; i < __N - 1; ++i) {
      ^~~
      VITIS_LOOP_1207_1: 
F:\vivado_projects\EE4951_TaWork\ultra96ms2_418\solution1\.autopilot\db\utils.pp.0.cpp:26880:7: note: FIX-IT applied suggested code changes
F:\vivado_projects\EE4951_TaWork\ultra96ms2_418\solution1\.autopilot\db\utils.pp.0.cpp:27854:5: warning: Added loop label VITIS_LOOP_676_1:   [xilinx-label-all-loops]
    for (unsigned i = low; i != high; ++i) {
    ^~~
    VITIS_LOOP_676_1: 
F:\vivado_projects\EE4951_TaWork\ultra96ms2_418\solution1\.autopilot\db\utils.pp.0.cpp:27854:5: note: FIX-IT applied suggested code changes
F:\vivado_projects\EE4951_TaWork\ultra96ms2_418\solution1\.autopilot\db\utils.pp.0.cpp:27868:5: warning: Added loop label VITIS_LOOP_690_1:   [xilinx-label-all-loops]
    for (unsigned i = low; i != high; ++i) {
    ^~~
    VITIS_LOOP_690_1: 
F:\vivado_projects\EE4951_TaWork\ultra96ms2_418\solution1\.autopilot\db\utils.pp.0.cpp:27868:5: note: FIX-IT applied suggested code changes
F:\vivado_projects\EE4951_TaWork\ultra96ms2_418\solution1\.autopilot\db\utils.pp.0.cpp:27882:5: warning: Added loop label VITIS_LOOP_704_1:   [xilinx-label-all-loops]
    for (unsigned i = low; i != high; ++i) {
    ^~~
    VITIS_LOOP_704_1: 
F:\vivado_projects\EE4951_TaWork\ultra96ms2_418\solution1\.autopilot\db\utils.pp.0.cpp:27882:5: note: FIX-IT applied suggested code changes
F:\vivado_projects\EE4951_TaWork\ultra96ms2_418\solution1\.autopilot\db\utils.pp.0.cpp:29499:7: warning: Added loop label VITIS_LOOP_1247_1:   [xilinx-label-all-loops]
      for (i = 0; i < __N - 1; ++i) {
      ^~~
      VITIS_LOOP_1247_1: 
F:\vivado_projects\EE4951_TaWork\ultra96ms2_418\solution1\.autopilot\db\utils.pp.0.cpp:29499:7: note: FIX-IT applied suggested code changes
F:\vivado_projects\EE4951_TaWork\ultra96ms2_418\solution1\.autopilot\db\utils.pp.0.cpp:31353:5: warning: Added loop label VITIS_LOOP_17_1:   [xilinx-label-all-loops]
    for(int f = 0; f < 3; f++)
    ^~~
    VITIS_LOOP_17_1: 
F:\vivado_projects\EE4951_TaWork\ultra96ms2_418\solution1\.autopilot\db\utils.pp.0.cpp:31353:5: note: FIX-IT applied suggested code changes
F:\vivado_projects\EE4951_TaWork\ultra96ms2_418\solution1\.autopilot\db\utils.pp.0.cpp:31354:3: warning: Added loop label VITIS_LOOP_18_2:   [xilinx-label-all-loops]
  for(int kh = 0; kh < 3; kh++)
  ^~~
  VITIS_LOOP_18_2: 
F:\vivado_projects\EE4951_TaWork\ultra96ms2_418\solution1\.autopilot\db\utils.pp.0.cpp:31354:3: note: FIX-IT applied suggested code changes
F:\vivado_projects\EE4951_TaWork\ultra96ms2_418\solution1\.autopilot\db\utils.pp.0.cpp:31355:4: warning: Added loop label VITIS_LOOP_19_3:   [xilinx-label-all-loops]
   for(int kw = 0; kw < 3; kw++)
   ^~~
   VITIS_LOOP_19_3: 
F:\vivado_projects\EE4951_TaWork\ultra96ms2_418\solution1\.autopilot\db\utils.pp.0.cpp:31355:4: note: FIX-IT applied suggested code changes
F:\vivado_projects\EE4951_TaWork\ultra96ms2_418\solution1\.autopilot\db\utils.pp.0.cpp:31358:5: warning: Added loop label VITIS_LOOP_22_4:   [xilinx-label-all-loops]
    for(int f = 0; f < 3; f++)
    ^~~
    VITIS_LOOP_22_4: 
F:\vivado_projects\EE4951_TaWork\ultra96ms2_418\solution1\.autopilot\db\utils.pp.0.cpp:31358:5: note: FIX-IT applied suggested code changes
F:\vivado_projects\EE4951_TaWork\ultra96ms2_418\solution1\.autopilot\db\utils.pp.0.cpp:31361:5: warning: Added loop label VITIS_LOOP_25_5:   [xilinx-label-all-loops]
    for(int f = 0; f < 48; f++)
    ^~~
    VITIS_LOOP_25_5: 
F:\vivado_projects\EE4951_TaWork\ultra96ms2_418\solution1\.autopilot\db\utils.pp.0.cpp:31361:5: note: FIX-IT applied suggested code changes
F:\vivado_projects\EE4951_TaWork\ultra96ms2_418\solution1\.autopilot\db\utils.pp.0.cpp:31362:9: warning: Added loop label VITIS_LOOP_26_6:   [xilinx-label-all-loops]
        for(int c = 0; c < 3; c++)
        ^~~
        VITIS_LOOP_26_6: 
F:\vivado_projects\EE4951_TaWork\ultra96ms2_418\solution1\.autopilot\db\utils.pp.0.cpp:31362:9: note: FIX-IT applied suggested code changes
F:\vivado_projects\EE4951_TaWork\ultra96ms2_418\solution1\.autopilot\db\utils.pp.0.cpp:31365:2: warning: Added loop label VITIS_LOOP_29_7:   [xilinx-label-all-loops]
 for(int f = 0; f < 48; f++)
 ^~~
 VITIS_LOOP_29_7: 
F:\vivado_projects\EE4951_TaWork\ultra96ms2_418\solution1\.autopilot\db\utils.pp.0.cpp:31365:2: note: FIX-IT applied suggested code changes
F:\vivado_projects\EE4951_TaWork\ultra96ms2_418\solution1\.autopilot\db\utils.pp.0.cpp:31379:2: warning: Added loop label VITIS_LOOP_43_1:   [xilinx-label-all-loops]
 for (int c = 0; c < 3; c++) {
 ^~~
 VITIS_LOOP_43_1: 
F:\vivado_projects\EE4951_TaWork\ultra96ms2_418\solution1\.autopilot\db\utils.pp.0.cpp:31379:2: note: FIX-IT applied suggested code changes
F:\vivado_projects\EE4951_TaWork\ultra96ms2_418\solution1\.autopilot\db\utils.pp.0.cpp:31380:3: warning: Added loop label VITIS_LOOP_44_2:   [xilinx-label-all-loops]
  for (int h = 0; h < 42; h++) {
  ^~~
  VITIS_LOOP_44_2: 
F:\vivado_projects\EE4951_TaWork\ultra96ms2_418\solution1\.autopilot\db\utils.pp.0.cpp:31380:3: note: FIX-IT applied suggested code changes
F:\vivado_projects\EE4951_TaWork\ultra96ms2_418\solution1\.autopilot\db\utils.pp.0.cpp:31381:4: warning: Added loop label VITIS_LOOP_45_3:   [xilinx-label-all-loops]
   for (int w = 0; w < 82; w++) {
   ^~~
   VITIS_LOOP_45_3: 
F:\vivado_projects\EE4951_TaWork\ultra96ms2_418\solution1\.autopilot\db\utils.pp.0.cpp:31381:4: note: FIX-IT applied suggested code changes
F:\vivado_projects\EE4951_TaWork\ultra96ms2_418\solution1\.autopilot\db\utils.pp.0.cpp:31402:5: warning: Added loop label VITIS_LOOP_66_1:   [xilinx-label-all-loops]
    for (int c = 0; c < 48; c++) {
    ^~~
    VITIS_LOOP_66_1: 
F:\vivado_projects\EE4951_TaWork\ultra96ms2_418\solution1\.autopilot\db\utils.pp.0.cpp:31402:5: note: FIX-IT applied suggested code changes
F:\vivado_projects\EE4951_TaWork\ultra96ms2_418\solution1\.autopilot\db\utils.pp.0.cpp:31403:9: warning: Added loop label VITIS_LOOP_67_2:   [xilinx-label-all-loops]
        for (int h = 0; h < 40; h++) {
        ^~~
        VITIS_LOOP_67_2: 
F:\vivado_projects\EE4951_TaWork\ultra96ms2_418\solution1\.autopilot\db\utils.pp.0.cpp:31403:9: note: FIX-IT applied suggested code changes
F:\vivado_projects\EE4951_TaWork\ultra96ms2_418\solution1\.autopilot\db\utils.pp.0.cpp:31404:13: warning: Added loop label VITIS_LOOP_68_3:   [xilinx-label-all-loops]
            for (int w = 0; w < 80; w++) {
            ^~~
            VITIS_LOOP_68_3: 
F:\vivado_projects\EE4951_TaWork\ultra96ms2_418\solution1\.autopilot\db\utils.pp.0.cpp:31404:13: note: FIX-IT applied suggested code changes
